<?xml version="1.0" encoding="UTF-8"?>
<coverage generated="1776036987209" clover="3.2.0">
  <project timestamp="1776036987209" name="All files">
    <metrics statements="1047" coveredstatements="965" conditionals="544" coveredconditionals="389" methods="294" coveredmethods="277" elements="1885" coveredelements="1631" complexity="0" loc="1047" ncloc="1047" packages="18" files="60" classes="60"/>
    <package name="app">
      <metrics statements="34" coveredstatements="33" conditionals="1" coveredconditionals="0" methods="4" coveredmethods="4"/>
      <file name="app.ts" path="C:\xampp\htdocs\BellaApp\backend\src\app\app.ts">
        <metrics statements="34" coveredstatements="33" conditionals="1" coveredconditionals="0" methods="4" coveredmethods="4"/>
        <line num="1" count="9" type="stmt"/>
        <line num="2" count="9" type="stmt"/>
        <line num="3" count="9" type="stmt"/>
        <line num="4" count="9" type="stmt"/>
        <line num="5" count="9" type="stmt"/>
        <line num="6" count="9" type="stmt"/>
        <line num="7" count="9" type="stmt"/>
        <line num="8" count="9" type="stmt"/>
        <line num="9" count="9" type="stmt"/>
        <line num="10" count="9" type="stmt"/>
        <line num="11" count="9" type="stmt"/>
        <line num="12" count="9" type="stmt"/>
        <line num="13" count="9" type="stmt"/>
        <line num="14" count="9" type="stmt"/>
        <line num="19" count="9" type="cond" truecount="0" falsecount="1"/>
        <line num="20" count="0" type="stmt"/>
        <line num="23" count="9" type="stmt"/>
        <line num="24" count="9" type="stmt"/>
        <line num="29" count="9" type="stmt"/>
        <line num="30" count="9" type="stmt"/>
        <line num="34" count="9" type="stmt"/>
        <line num="38" count="9" type="stmt"/>
        <line num="42" count="9" type="stmt"/>
        <line num="44" count="9" type="stmt"/>
        <line num="45" count="9" type="stmt"/>
        <line num="46" count="9" type="stmt"/>
        <line num="47" count="9" type="stmt"/>
        <line num="48" count="9" type="stmt"/>
        <line num="49" count="9" type="stmt"/>
        <line num="50" count="9" type="stmt"/>
        <line num="51" count="9" type="stmt"/>
        <line num="54" count="9" type="stmt"/>
        <line num="55" count="9" type="stmt"/>
        <line num="58" count="9" type="stmt"/>
      </file>
    </package>
    <package name="config">
      <metrics statements="9" coveredstatements="7" conditionals="1" coveredconditionals="0" methods="1" coveredmethods="0"/>
      <file name="env.ts" path="C:\xampp\htdocs\BellaApp\backend\src\config\env.ts">
        <metrics statements="9" coveredstatements="7" conditionals="1" coveredconditionals="0" methods="1" coveredmethods="0"/>
        <line num="1" count="10" type="stmt"/>
        <line num="2" count="10" type="stmt"/>
        <line num="4" count="10" type="stmt"/>
        <line num="7" count="10" type="stmt"/>
        <line num="19" count="10" type="stmt"/>
        <line num="21" count="10" type="cond" truecount="0" falsecount="1"/>
        <line num="22" count="0" type="stmt"/>
        <line num="24" count="0" type="stmt"/>
        <line num="29" count="10" type="stmt"/>
      </file>
    </package>
    <package name="lib">
      <metrics statements="6" coveredstatements="5" conditionals="6" coveredconditionals="4" methods="0" coveredmethods="0"/>
      <file name="prisma.ts" path="C:\xampp\htdocs\BellaApp\backend\src\lib\prisma.ts">
        <metrics statements="6" coveredstatements="5" conditionals="6" coveredconditionals="4" methods="0" coveredmethods="0"/>
        <line num="1" count="9" type="stmt"/>
        <line num="8" count="9" type="cond" truecount="0" falsecount="1"/>
        <line num="9" count="0" type="stmt"/>
        <line num="12" count="9" type="stmt"/>
        <line num="22" count="9" type="cond" truecount="1" falsecount="0"/>
        <line num="23" count="9" type="stmt"/>
      </file>
    </package>
    <package name="modules.appointments">
      <metrics statements="110" coveredstatements="105" conditionals="116" coveredconditionals="83" methods="45" coveredmethods="43"/>
      <file name="appointments.controller.ts" path="C:\xampp\htdocs\BellaApp\backend\src\modules\appointments\appointments.controller.ts">
        <metrics statements="12" coveredstatements="12" conditionals="0" coveredconditionals="0" methods="5" coveredmethods="5"/>
        <line num="2" count="9" type="stmt"/>
        <line num="9" count="9" type="stmt"/>
        <line num="14" count="1" type="stmt"/>
        <line num="15" count="1" type="stmt"/>
        <line num="22" count="5" type="stmt"/>
        <line num="23" count="2" type="stmt"/>
        <line num="30" count="2" type="stmt"/>
        <line num="31" count="1" type="stmt"/>
        <line num="38" count="1" type="stmt"/>
        <line num="39" count="1" type="stmt"/>
        <line num="46" count="2" type="stmt"/>
        <line num="47" count="2" type="stmt"/>
      </file>
      <file name="appointments.repository.ts" path="C:\xampp\htdocs\BellaApp\backend\src\modules\appointments\appointments.repository.ts">
        <metrics statements="18" coveredstatements="18" conditionals="16" coveredconditionals="9" methods="12" coveredmethods="12"/>
        <line num="1" count="8" type="stmt"/>
        <line num="2" count="8" type="stmt"/>
        <line num="30" count="2" type="stmt"/>
        <line num="50" count="1" type="stmt"/>
        <line num="61" count="1" type="stmt"/>
        <line num="67" count="4" type="stmt"/>
        <line num="76" count="3" type="stmt"/>
        <line num="85" count="3" type="stmt"/>
        <line num="94" count="1" type="stmt"/>
        <line num="103" count="1" type="stmt"/>
        <line num="112" count="3" type="stmt"/>
        <line num="113" count="3" type="stmt"/>
        <line num="116" count="3" type="stmt"/>
        <line num="120" count="3" type="stmt"/>
        <line num="162" count="2" type="stmt"/>
        <line num="179" count="1" type="stmt"/>
        <line num="186" count="1" type="stmt"/>
        <line num="192" count="8" type="stmt"/>
      </file>
      <file name="appointments.routes.ts" path="C:\xampp\htdocs\BellaApp\backend\src\modules\appointments\appointments.routes.ts">
        <metrics statements="11" coveredstatements="11" conditionals="0" coveredconditionals="0" methods="1" coveredmethods="1"/>
        <line num="2" count="9" type="stmt"/>
        <line num="3" count="9" type="stmt"/>
        <line num="9" count="9" type="stmt"/>
        <line num="14" count="9" type="stmt"/>
        <line num="16" count="9" type="stmt"/>
        <line num="17" count="9" type="stmt"/>
        <line num="19" count="9" type="stmt"/>
        <line num="27" count="9" type="stmt"/>
        <line num="35" count="9" type="stmt"/>
        <line num="43" count="9" type="stmt"/>
        <line num="54" count="9" type="stmt"/>
      </file>
      <file name="appointments.schemas.ts" path="C:\xampp\htdocs\BellaApp\backend\src\modules\appointments\appointments.schemas.ts">
        <metrics statements="15" coveredstatements="14" conditionals="28" coveredconditionals="20" methods="8" coveredmethods="7"/>
        <line num="1" count="9" type="stmt"/>
        <line num="2" count="9" type="stmt"/>
        <line num="3" count="9" type="stmt"/>
        <line num="9" count="9" type="stmt"/>
        <line num="10" count="0" type="stmt"/>
        <line num="13" count="9" type="stmt"/>
        <line num="18" count="7" type="cond" truecount="3" falsecount="1"/>
        <line num="22" count="7" type="cond" truecount="3" falsecount="1"/>
        <line num="33" count="9" type="stmt"/>
        <line num="35" count="9" type="stmt"/>
        <line num="39" count="1" type="cond" truecount="3" falsecount="1"/>
        <line num="43" count="1" type="cond" truecount="3" falsecount="1"/>
        <line num="47" count="1" type="cond" truecount="3" falsecount="1"/>
        <line num="51" count="1" type="cond" truecount="3" falsecount="1"/>
        <line num="55" count="1" type="cond" truecount="2" falsecount="2"/>
      </file>
      <file name="appointments.service.ts" path="C:\xampp\htdocs\BellaApp\backend\src\modules\appointments\appointments.service.ts">
        <metrics statements="54" coveredstatements="50" conditionals="72" coveredconditionals="54" methods="19" coveredmethods="18"/>
        <line num="2" count="9" type="stmt"/>
        <line num="3" count="9" type="stmt"/>
        <line num="4" count="9" type="stmt"/>
        <line num="13" count="9" type="stmt"/>
        <line num="56" count="4" type="stmt"/>
        <line num="57" count="4" type="stmt"/>
        <line num="59" count="4" type="stmt"/>
        <line num="60" count="2" type="stmt"/>
        <line num="61" count="2" type="stmt"/>
        <line num="62" count="2" type="cond" truecount="2" falsecount="0"/>
        <line num="67" count="6" type="cond" truecount="3" falsecount="0"/>
        <line num="68" count="2" type="stmt"/>
        <line num="73" count="4" type="stmt"/>
        <line num="82" count="4" type="cond" truecount="6" falsecount="1"/>
        <line num="83" count="0" type="stmt"/>
        <line num="92" count="4" type="stmt"/>
        <line num="96" count="1" type="stmt"/>
        <line num="109" count="4" type="stmt"/>
        <line num="118" count="6" type="stmt"/>
        <line num="131" count="2" type="stmt"/>
        <line num="139" count="2" type="cond" truecount="1" falsecount="0"/>
        <line num="140" count="2" type="cond" truecount="1" falsecount="0"/>
        <line num="142" count="2" type="stmt"/>
        <line num="146" count="5" type="stmt"/>
        <line num="147" count="5" type="cond" truecount="1" falsecount="0"/>
        <line num="148" count="4" type="stmt"/>
        <line num="152" count="2" type="stmt"/>
        <line num="164" count="2" type="stmt"/>
        <line num="174" count="4" type="stmt"/>
        <line num="175" count="4" type="stmt"/>
        <line num="177" count="4" type="stmt"/>
        <line num="184" count="4" type="cond" truecount="1" falsecount="0"/>
        <line num="185" count="2" type="stmt"/>
        <line num="194" count="2" type="stmt"/>
        <line num="203" count="0" type="stmt"/>
        <line num="204" count="0" type="stmt"/>
        <line num="218" count="1" type="stmt"/>
        <line num="219" count="1" type="stmt"/>
        <line num="224" count="1" type="stmt"/>
        <line num="231" count="6" type="stmt"/>
        <line num="232" count="6" type="stmt"/>
        <line num="234" count="4" type="stmt"/>
        <line num="245" count="2" type="stmt"/>
        <line num="246" count="2" type="stmt"/>
        <line num="250" count="2" type="stmt"/>
        <line num="254" count="2" type="stmt"/>
        <line num="255" count="2" type="stmt"/>
        <line num="257" count="2" type="cond" truecount="0" falsecount="1"/>
        <line num="258" count="0" type="stmt"/>
        <line num="261" count="2" type="stmt"/>
        <line num="262" count="2" type="stmt"/>
        <line num="266" count="1" type="stmt"/>
        <line num="267" count="1" type="stmt"/>
        <line num="271" count="9" type="stmt"/>
      </file>
    </package>
    <package name="modules.auth">
      <metrics statements="111" coveredstatements="98" conditionals="36" coveredconditionals="20" methods="28" coveredmethods="27"/>
      <file name="auth.controller.ts" path="C:\xampp\htdocs\BellaApp\backend\src\modules\auth\auth.controller.ts">
        <metrics statements="11" coveredstatements="11" conditionals="0" coveredconditionals="0" methods="4" coveredmethods="4"/>
        <line num="3" count="9" type="stmt"/>
        <line num="5" count="9" type="stmt"/>
        <line num="10" count="28" type="stmt"/>
        <line num="11" count="27" type="stmt"/>
        <line num="18" count="26" type="stmt"/>
        <line num="19" count="24" type="stmt"/>
        <line num="26" count="2" type="stmt"/>
        <line num="28" count="2" type="stmt"/>
        <line num="30" count="2" type="stmt"/>
        <line num="39" count="4" type="stmt"/>
        <line num="40" count="2" type="stmt"/>
      </file>
      <file name="auth.repository.ts" path="C:\xampp\htdocs\BellaApp\backend\src\modules\auth\auth.repository.ts">
        <metrics statements="17" coveredstatements="15" conditionals="1" coveredconditionals="0" methods="10" coveredmethods="9"/>
        <line num="2" count="8" type="stmt"/>
        <line num="4" count="8" type="stmt"/>
        <line num="10" count="51" type="stmt"/>
        <line num="17" count="27" type="stmt"/>
        <line num="24" count="0" type="stmt"/>
        <line num="30" count="1" type="stmt"/>
        <line num="36" count="4" type="stmt"/>
        <line num="55" count="23" type="stmt"/>
        <line num="71" count="1" type="stmt"/>
        <line num="72" count="1" type="stmt"/>
        <line num="76" count="1" type="stmt"/>
        <line num="99" count="26" type="stmt"/>
        <line num="100" count="26" type="stmt"/>
        <line num="104" count="26" type="cond" truecount="0" falsecount="1"/>
        <line num="105" count="0" type="stmt"/>
        <line num="114" count="26" type="stmt"/>
        <line num="122" count="8" type="stmt"/>
      </file>
      <file name="auth.routes.ts" path="C:\xampp\htdocs\BellaApp\backend\src\modules\auth\auth.routes.ts">
        <metrics statements="8" coveredstatements="8" conditionals="0" coveredconditionals="0" methods="1" coveredmethods="1"/>
        <line num="2" count="9" type="stmt"/>
        <line num="4" count="9" type="stmt"/>
        <line num="5" count="9" type="stmt"/>
        <line num="7" count="9" type="stmt"/>
        <line num="8" count="9" type="stmt"/>
        <line num="16" count="9" type="stmt"/>
        <line num="24" count="9" type="stmt"/>
        <line num="34" count="9" type="stmt"/>
      </file>
      <file name="auth.schemas.ts" path="C:\xampp\htdocs\BellaApp\backend\src\modules\auth\auth.schemas.ts">
        <metrics statements="10" coveredstatements="9" conditionals="7" coveredconditionals="3" methods="2" coveredmethods="2"/>
        <line num="1" count="9" type="stmt"/>
        <line num="2" count="9" type="stmt"/>
        <line num="11" count="9" type="stmt"/>
        <line num="12" count="32" type="cond" truecount="2" falsecount="2"/>
        <line num="16" count="9" type="stmt"/>
        <line num="27" count="30" type="cond" truecount="1" falsecount="2"/>
        <line num="28" count="0" type="stmt"/>
        <line num="36" count="9" type="stmt"/>
        <line num="43" count="9" type="stmt"/>
        <line num="49" count="9" type="stmt"/>
      </file>
      <file name="auth.service.ts" path="C:\xampp\htdocs\BellaApp\backend\src\modules\auth\auth.service.ts">
        <metrics statements="65" coveredstatements="55" conditionals="28" coveredconditionals="17" methods="11" coveredmethods="11"/>
        <line num="1" count="9" type="stmt"/>
        <line num="2" count="9" type="stmt"/>
        <line num="3" count="9" type="stmt"/>
        <line num="4" count="9" type="stmt"/>
        <line num="5" count="9" type="stmt"/>
        <line num="13" count="9" type="stmt"/>
        <line num="14" count="9" type="stmt"/>
        <line num="15" count="9" type="stmt"/>
        <line num="24" count="9" type="stmt"/>
        <line num="30" count="2" type="stmt"/>
        <line num="35" count="29" type="stmt"/>
        <line num="41" count="29" type="cond" truecount="1" falsecount="0"/>
        <line num="42" count="27" type="cond" truecount="0" falsecount="1"/>
        <line num="43" count="27" type="cond" truecount="0" falsecount="1"/>
        <line num="52" count="27" type="stmt"/>
        <line num="54" count="27" type="stmt"/>
        <line num="73" count="25" type="stmt"/>
        <line num="75" count="25" type="cond" truecount="0" falsecount="1"/>
        <line num="76" count="0" type="stmt"/>
        <line num="79" count="25" type="stmt"/>
        <line num="81" count="25" type="cond" truecount="1" falsecount="0"/>
        <line num="82" count="1" type="stmt"/>
        <line num="85" count="24" type="stmt"/>
        <line num="89" count="24" type="stmt"/>
        <line num="90" count="24" type="stmt"/>
        <line num="92" count="24" type="stmt"/>
        <line num="99" count="24" type="stmt"/>
        <line num="103" count="4" type="stmt"/>
        <line num="104" count="4" type="stmt"/>
        <line num="106" count="0" type="stmt"/>
        <line num="108" count="0" type="cond" truecount="0" falsecount="3"/>
        <line num="109" count="0" type="stmt"/>
        <line num="110" count="0" type="stmt"/>
        <line num="113" count="0" type="stmt"/>
        <line num="122" count="4" type="stmt"/>
        <line num="124" count="4" type="cond" truecount="3" falsecount="0"/>
        <line num="125" count="2" type="stmt"/>
        <line num="128" count="2" type="cond" truecount="0" falsecount="1"/>
        <line num="129" count="0" type="stmt"/>
        <line num="130" count="0" type="stmt"/>
        <line num="133" count="2" type="stmt"/>
        <line num="137" count="29" type="stmt"/>
        <line num="138" count="29" type="cond" truecount="2" falsecount="0"/>
        <line num="139" count="29" type="stmt"/>
        <line num="140" count="27" type="stmt"/>
        <line num="141" count="27" type="stmt"/>
        <line num="150" count="27" type="stmt"/>
        <line num="154" count="25" type="stmt"/>
        <line num="155" count="24" type="stmt"/>
        <line num="157" count="24" type="stmt"/>
        <line num="167" count="2" type="cond" truecount="0" falsecount="1"/>
        <line num="169" count="2" type="stmt"/>
        <line num="171" count="2" type="cond" truecount="2" falsecount="1"/>
        <line num="172" count="0" type="stmt"/>
        <line num="175" count="2" type="stmt"/>
        <line num="177" count="2" type="cond" truecount="0" falsecount="1"/>
        <line num="178" count="0" type="stmt"/>
        <line num="181" count="2" type="stmt"/>
        <line num="185" count="4" type="stmt"/>
        <line num="186" count="4" type="stmt"/>
        <line num="192" count="2" type="stmt"/>
        <line num="193" count="2" type="stmt"/>
        <line num="195" count="2" type="stmt"/>
        <line num="202" count="2" type="stmt"/>
        <line num="212" count="9" type="stmt"/>
      </file>
    </package>
    <package name="modules.clients">
      <metrics statements="118" coveredstatements="115" conditionals="62" coveredconditionals="47" methods="38" coveredmethods="38"/>
      <file name="clients.controller.ts" path="C:\xampp\htdocs\BellaApp\backend\src\modules\clients\clients.controller.ts">
        <metrics statements="12" coveredstatements="11" conditionals="0" coveredconditionals="0" methods="5" coveredmethods="5"/>
        <line num="3" count="9" type="stmt"/>
        <line num="5" count="9" type="stmt"/>
        <line num="10" count="2" type="stmt"/>
        <line num="11" count="2" type="stmt"/>
        <line num="18" count="5" type="stmt"/>
        <line num="19" count="5" type="stmt"/>
        <line num="26" count="2" type="stmt"/>
        <line num="27" count="0" type="stmt"/>
        <line num="34" count="1" type="stmt"/>
        <line num="35" count="1" type="stmt"/>
        <line num="42" count="2" type="stmt"/>
        <line num="43" count="2" type="stmt"/>
      </file>
      <file name="clients.repository.ts" path="C:\xampp\htdocs\BellaApp\backend\src\modules\clients\clients.repository.ts">
        <metrics statements="13" coveredstatements="13" conditionals="2" coveredconditionals="1" methods="9" coveredmethods="9"/>
        <line num="2" count="8" type="stmt"/>
        <line num="17" count="2" type="stmt"/>
        <line num="33" count="1" type="stmt"/>
        <line num="35" count="1" type="stmt"/>
        <line num="46" count="1" type="stmt"/>
        <line num="48" count="1" type="stmt"/>
        <line num="54" count="4" type="stmt"/>
        <line num="63" count="2" type="stmt"/>
        <line num="74" count="1" type="stmt"/>
        <line num="112" count="5" type="stmt"/>
        <line num="118" count="1" type="stmt"/>
        <line num="125" count="1" type="stmt"/>
        <line num="131" count="8" type="stmt"/>
      </file>
      <file name="clients.routes.ts" path="C:\xampp\htdocs\BellaApp\backend\src\modules\clients\clients.routes.ts">
        <metrics statements="11" coveredstatements="11" conditionals="0" coveredconditionals="0" methods="1" coveredmethods="1"/>
        <line num="2" count="9" type="stmt"/>
        <line num="3" count="9" type="stmt"/>
        <line num="5" count="9" type="stmt"/>
        <line num="10" count="9" type="stmt"/>
        <line num="12" count="9" type="stmt"/>
        <line num="13" count="9" type="stmt"/>
        <line num="15" count="9" type="stmt"/>
        <line num="23" count="9" type="stmt"/>
        <line num="31" count="9" type="stmt"/>
        <line num="39" count="9" type="stmt"/>
        <line num="47" count="9" type="stmt"/>
      </file>
      <file name="clients.schemas.ts" path="C:\xampp\htdocs\BellaApp\backend\src\modules\clients\clients.schemas.ts">
        <metrics statements="5" coveredstatements="5" conditionals="0" coveredconditionals="0" methods="0" coveredmethods="0"/>
        <line num="1" count="9" type="stmt"/>
        <line num="2" count="9" type="stmt"/>
        <line num="11" count="9" type="stmt"/>
        <line num="21" count="9" type="stmt"/>
        <line num="22" count="9" type="stmt"/>
      </file>
      <file name="clients.service.ts" path="C:\xampp\htdocs\BellaApp\backend\src\modules\clients\clients.service.ts">
        <metrics statements="77" coveredstatements="75" conditionals="60" coveredconditionals="46" methods="23" coveredmethods="23"/>
        <line num="1" count="9" type="stmt"/>
        <line num="2" count="9" type="stmt"/>
        <line num="3" count="9" type="stmt"/>
        <line num="4" count="9" type="stmt"/>
        <line num="5" count="9" type="stmt"/>
        <line num="14" count="9" type="stmt"/>
        <line num="25" count="3" type="cond" truecount="1" falsecount="0"/>
        <line num="26" count="2" type="stmt"/>
        <line num="29" count="1" type="cond" truecount="1" falsecount="0"/>
        <line num="30" count="1" type="stmt"/>
        <line num="33" count="0" type="stmt"/>
        <line num="37" count="3" type="stmt"/>
        <line num="48" count="3" type="stmt"/>
        <line num="50" count="3" type="stmt"/>
        <line num="51" count="2" type="cond" truecount="2" falsecount="0"/>
        <line num="52" count="2" type="stmt"/>
        <line num="53" count="2" type="stmt"/>
        <line num="56" count="3" type="stmt"/>
        <line num="60" count="3" type="stmt"/>
        <line num="67" count="3" type="stmt"/>
        <line num="69" count="2" type="cond" truecount="3" falsecount="0"/>
        <line num="73" count="2" type="cond" truecount="1" falsecount="0"/>
        <line num="74" count="1" type="stmt"/>
        <line num="77" count="1" type="cond" truecount="2" falsecount="1"/>
        <line num="78" count="1" type="stmt"/>
        <line num="81" count="0" type="stmt"/>
        <line num="86" count="3" type="stmt"/>
        <line num="87" count="2" type="cond" truecount="1" falsecount="0"/>
        <line num="88" count="1" type="stmt"/>
        <line num="91" count="1" type="stmt"/>
        <line num="96" count="3" type="stmt"/>
        <line num="97" count="3" type="stmt"/>
        <line num="98" count="3" type="cond" truecount="2" falsecount="0"/>
        <line num="100" count="3" type="stmt"/>
        <line num="120" count="3" type="stmt"/>
        <line num="122" count="3" type="stmt"/>
        <line num="123" count="3" type="stmt"/>
        <line num="126" count="3" type="stmt"/>
        <line num="128" count="3" type="stmt"/>
        <line num="129" count="3" type="cond" truecount="2" falsecount="0"/>
        <line num="130" count="3" type="stmt"/>
        <line num="133" count="3" type="stmt"/>
        <line num="138" count="3" type="stmt"/>
        <line num="139" count="3" type="stmt"/>
        <line num="143" count="5" type="stmt"/>
        <line num="145" count="5" type="cond" truecount="1" falsecount="0"/>
        <line num="146" count="2" type="stmt"/>
        <line num="149" count="3" type="stmt"/>
        <line num="153" count="5" type="stmt"/>
        <line num="164" count="1" type="stmt"/>
        <line num="174" count="3" type="stmt"/>
        <line num="176" count="3" type="cond" truecount="1" falsecount="0"/>
        <line num="177" count="2" type="stmt"/>
        <line num="180" count="1" type="cond" truecount="2" falsecount="1"/>
        <line num="181" count="1" type="stmt"/>
        <line num="186" count="2" type="stmt"/>
        <line num="198" count="2" type="stmt"/>
        <line num="199" count="2" type="stmt"/>
        <line num="201" count="2" type="stmt"/>
        <line num="202" count="2" type="cond" truecount="1" falsecount="1"/>
        <line num="208" count="6" type="cond" truecount="2" falsecount="0"/>
        <line num="209" count="6" type="cond" truecount="1" falsecount="0"/>
        <line num="211" count="5" type="stmt"/>
        <line num="213" count="5" type="stmt"/>
        <line num="215" count="5" type="stmt"/>
        <line num="219" count="3" type="stmt"/>
        <line num="220" count="1" type="stmt"/>
        <line num="222" count="1" type="cond" truecount="1" falsecount="1"/>
        <line num="226" count="1" type="stmt"/>
        <line num="228" count="1" type="cond" truecount="1" falsecount="1"/>
        <line num="229" count="1" type="cond" truecount="2" falsecount="1"/>
        <line num="231" count="1" type="stmt"/>
        <line num="233" count="1" type="stmt"/>
        <line num="235" count="1" type="stmt"/>
        <line num="239" count="1" type="stmt"/>
        <line num="240" count="1" type="stmt"/>
        <line num="244" count="9" type="stmt"/>
      </file>
    </package>
    <package name="modules.onboarding">
      <metrics statements="90" coveredstatements="90" conditionals="27" coveredconditionals="25" methods="26" coveredmethods="26"/>
      <file name="onboarding.controller.ts" path="C:\xampp\htdocs\BellaApp\backend\src\modules\onboarding\onboarding.controller.ts">
        <metrics statements="6" coveredstatements="6" conditionals="0" coveredconditionals="0" methods="2" coveredmethods="2"/>
        <line num="3" count="9" type="stmt"/>
        <line num="5" count="9" type="stmt"/>
        <line num="7" count="2" type="stmt"/>
        <line num="8" count="2" type="stmt"/>
        <line num="15" count="3" type="stmt"/>
        <line num="16" count="3" type="stmt"/>
      </file>
      <file name="onboarding.routes.ts" path="C:\xampp\htdocs\BellaApp\backend\src\modules\onboarding\onboarding.routes.ts">
        <metrics statements="8" coveredstatements="8" conditionals="0" coveredconditionals="0" methods="1" coveredmethods="1"/>
        <line num="2" count="9" type="stmt"/>
        <line num="3" count="9" type="stmt"/>
        <line num="4" count="9" type="stmt"/>
        <line num="6" count="9" type="stmt"/>
        <line num="8" count="9" type="stmt"/>
        <line num="9" count="9" type="stmt"/>
        <line num="11" count="9" type="stmt"/>
        <line num="13" count="9" type="stmt"/>
      </file>
      <file name="onboarding.schemas.ts" path="C:\xampp\htdocs\BellaApp\backend\src\modules\onboarding\onboarding.schemas.ts">
        <metrics statements="4" coveredstatements="4" conditionals="0" coveredconditionals="0" methods="0" coveredmethods="0"/>
        <line num="1" count="9" type="stmt"/>
        <line num="2" count="9" type="stmt"/>
        <line num="4" count="9" type="stmt"/>
        <line num="6" count="9" type="stmt"/>
      </file>
      <file name="onboarding.service.ts" path="C:\xampp\htdocs\BellaApp\backend\src\modules\onboarding\onboarding.service.ts">
        <metrics statements="72" coveredstatements="72" conditionals="27" coveredconditionals="25" methods="23" coveredmethods="23"/>
        <line num="2" count="10" type="stmt"/>
        <line num="3" count="10" type="stmt"/>
        <line num="4" count="10" type="stmt"/>
        <line num="5" count="10" type="stmt"/>
        <line num="15" count="10" type="stmt"/>
        <line num="21" count="10" type="stmt"/>
        <line num="29" count="6" type="stmt"/>
        <line num="31" count="6" type="stmt"/>
        <line num="32" count="14" type="cond" truecount="2" falsecount="0"/>
        <line num="35" count="12" type="stmt"/>
        <line num="37" count="12" type="cond" truecount="1" falsecount="0"/>
        <line num="38" count="3" type="stmt"/>
        <line num="41" count="9" type="stmt"/>
        <line num="42" count="9" type="stmt"/>
        <line num="47" count="9" type="stmt"/>
        <line num="59" count="9" type="cond" truecount="1" falsecount="0"/>
        <line num="60" count="1" type="stmt"/>
        <line num="64" count="8" type="cond" truecount="4" falsecount="0"/>
        <line num="69" count="8" type="stmt"/>
        <line num="82" count="7" type="stmt"/>
        <line num="84" count="7" type="cond" truecount="1" falsecount="0"/>
        <line num="85" count="1" type="stmt"/>
        <line num="88" count="6" type="stmt"/>
        <line num="92" count="6" type="stmt"/>
        <line num="94" count="6" type="cond" truecount="1" falsecount="0"/>
        <line num="95" count="1" type="stmt"/>
        <line num="98" count="5" type="stmt"/>
        <line num="102" count="5" type="stmt"/>
        <line num="117" count="5" type="stmt"/>
        <line num="118" count="5" type="stmt"/>
        <line num="120" count="5" type="cond" truecount="1" falsecount="0"/>
        <line num="121" count="3" type="stmt"/>
        <line num="125" count="3" type="stmt"/>
        <line num="128" count="2" type="stmt"/>
        <line num="141" count="5" type="stmt"/>
        <line num="142" count="5" type="stmt"/>
        <line num="146" count="7" type="stmt"/>
        <line num="147" count="9" type="stmt"/>
        <line num="149" count="5" type="cond" truecount="1" falsecount="0"/>
        <line num="150" count="2" type="stmt"/>
        <line num="153" count="3" type="stmt"/>
        <line num="154" count="4" type="stmt"/>
        <line num="165" count="3" type="stmt"/>
        <line num="174" count="5" type="stmt"/>
        <line num="175" count="5" type="stmt"/>
        <line num="177" count="5" type="cond" truecount="1" falsecount="0"/>
        <line num="178" count="3" type="stmt"/>
        <line num="181" count="2" type="stmt"/>
        <line num="192" count="2" type="stmt"/>
        <line num="200" count="5" type="stmt"/>
        <line num="201" count="5" type="cond" truecount="1" falsecount="0"/>
        <line num="202" count="1" type="stmt"/>
        <line num="205" count="4" type="stmt"/>
        <line num="209" count="8" type="stmt"/>
        <line num="217" count="5" type="stmt"/>
        <line num="218" count="8" type="stmt"/>
        <line num="220" count="4" type="cond" truecount="1" falsecount="0"/>
        <line num="221" count="2" type="stmt"/>
        <line num="224" count="2" type="stmt"/>
        <line num="225" count="3" type="stmt"/>
        <line num="234" count="3" type="stmt"/>
        <line num="244" count="5" type="stmt"/>
        <line num="245" count="5" type="stmt"/>
        <line num="246" count="5" type="stmt"/>
        <line num="247" count="5" type="stmt"/>
        <line num="248" count="5" type="stmt"/>
        <line num="250" count="5" type="stmt"/>
        <line num="261" count="4" type="stmt"/>
        <line num="265" count="7" type="stmt"/>
        <line num="266" count="6" type="stmt"/>
        <line num="268" count="5" type="stmt"/>
        <line num="272" count="10" type="stmt"/>
      </file>
    </package>
    <package name="modules.professionals">
      <metrics statements="70" coveredstatements="65" conditionals="28" coveredconditionals="18" methods="21" coveredmethods="20"/>
      <file name="professionals.controller.ts" path="C:\xampp\htdocs\BellaApp\backend\src\modules\professionals\professionals.controller.ts">
        <metrics statements="12" coveredstatements="11" conditionals="0" coveredconditionals="0" methods="5" coveredmethods="5"/>
        <line num="7" count="9" type="stmt"/>
        <line num="9" count="9" type="stmt"/>
        <line num="14" count="2" type="stmt"/>
        <line num="15" count="2" type="stmt"/>
        <line num="22" count="4" type="stmt"/>
        <line num="23" count="4" type="stmt"/>
        <line num="30" count="2" type="stmt"/>
        <line num="31" count="0" type="stmt"/>
        <line num="38" count="1" type="stmt"/>
        <line num="39" count="1" type="stmt"/>
        <line num="46" count="2" type="stmt"/>
        <line num="47" count="2" type="stmt"/>
      </file>
      <file name="professionals.repository.ts" path="C:\xampp\htdocs\BellaApp\backend\src\modules\professionals\professionals.repository.ts">
        <metrics statements="11" coveredstatements="11" conditionals="4" coveredconditionals="2" methods="7" coveredmethods="7"/>
        <line num="2" count="8" type="stmt"/>
        <line num="19" count="2" type="stmt"/>
        <line num="37" count="1" type="stmt"/>
        <line num="39" count="1" type="stmt"/>
        <line num="50" count="1" type="stmt"/>
        <line num="52" count="1" type="stmt"/>
        <line num="58" count="4" type="stmt"/>
        <line num="74" count="4" type="stmt"/>
        <line num="80" count="1" type="stmt"/>
        <line num="87" count="1" type="stmt"/>
        <line num="93" count="8" type="stmt"/>
      </file>
      <file name="professionals.routes.ts" path="C:\xampp\htdocs\BellaApp\backend\src\modules\professionals\professionals.routes.ts">
        <metrics statements="11" coveredstatements="11" conditionals="0" coveredconditionals="0" methods="1" coveredmethods="1"/>
        <line num="2" count="9" type="stmt"/>
        <line num="3" count="9" type="stmt"/>
        <line num="9" count="9" type="stmt"/>
        <line num="14" count="9" type="stmt"/>
        <line num="16" count="9" type="stmt"/>
        <line num="17" count="9" type="stmt"/>
        <line num="19" count="9" type="stmt"/>
        <line num="27" count="9" type="stmt"/>
        <line num="35" count="9" type="stmt"/>
        <line num="43" count="9" type="stmt"/>
        <line num="51" count="9" type="stmt"/>
      </file>
      <file name="professionals.schemas.ts" path="C:\xampp\htdocs\BellaApp\backend\src\modules\professionals\professionals.schemas.ts">
        <metrics statements="8" coveredstatements="7" conditionals="4" coveredconditionals="3" methods="2" coveredmethods="1"/>
        <line num="1" count="9" type="stmt"/>
        <line num="2" count="9" type="stmt"/>
        <line num="9" count="9" type="stmt"/>
        <line num="10" count="0" type="stmt"/>
        <line num="13" count="9" type="stmt"/>
        <line num="23" count="9" type="stmt"/>
        <line num="25" count="9" type="stmt"/>
        <line num="28" count="2" type="cond" truecount="3" falsecount="1"/>
      </file>
      <file name="professionals.service.ts" path="C:\xampp\htdocs\BellaApp\backend\src\modules\professionals\professionals.service.ts">
        <metrics statements="28" coveredstatements="25" conditionals="20" coveredconditionals="13" methods="6" coveredmethods="6"/>
        <line num="1" count="9" type="stmt"/>
        <line num="2" count="9" type="stmt"/>
        <line num="3" count="9" type="stmt"/>
        <line num="12" count="9" type="stmt"/>
        <line num="16" count="8" type="cond" truecount="0" falsecount="1"/>
        <line num="17" count="0" type="stmt"/>
        <line num="20" count="8" type="stmt"/>
        <line num="24" count="2" type="stmt"/>
        <line num="26" count="2" type="stmt"/>
        <line num="41" count="2" type="stmt"/>
        <line num="48" count="5" type="stmt"/>
        <line num="57" count="5" type="stmt"/>
        <line num="59" count="5" type="stmt"/>
        <line num="63" count="2" type="stmt"/>
        <line num="65" count="2" type="cond" truecount="1" falsecount="0"/>
        <line num="66" count="2" type="stmt"/>
        <line num="69" count="0" type="stmt"/>
        <line num="73" count="2" type="stmt"/>
        <line num="75" count="2" type="cond" truecount="1" falsecount="0"/>
        <line num="76" count="1" type="stmt"/>
        <line num="79" count="1" type="stmt"/>
        <line num="87" count="1" type="stmt"/>
        <line num="89" count="1" type="stmt"/>
        <line num="93" count="1" type="stmt"/>
        <line num="95" count="1" type="cond" truecount="0" falsecount="1"/>
        <line num="96" count="0" type="stmt"/>
        <line num="99" count="1" type="stmt"/>
        <line num="103" count="9" type="stmt"/>
      </file>
    </package>
    <package name="modules.rooms">
      <metrics statements="86" coveredstatements="79" conditionals="33" coveredconditionals="26" methods="28" coveredmethods="25"/>
      <file name="rooms.controller.ts" path="C:\xampp\htdocs\BellaApp\backend\src\modules\rooms\rooms.controller.ts">
        <metrics statements="12" coveredstatements="12" conditionals="0" coveredconditionals="0" methods="5" coveredmethods="5"/>
        <line num="3" count="9" type="stmt"/>
        <line num="5" count="9" type="stmt"/>
        <line num="10" count="1" type="stmt"/>
        <line num="11" count="1" type="stmt"/>
        <line num="18" count="3" type="stmt"/>
        <line num="19" count="3" type="stmt"/>
        <line num="26" count="4" type="stmt"/>
        <line num="27" count="2" type="stmt"/>
        <line num="34" count="2" type="stmt"/>
        <line num="35" count="1" type="stmt"/>
        <line num="42" count="2" type="stmt"/>
        <line num="43" count="1" type="stmt"/>
      </file>
      <file name="rooms.repository.ts" path="C:\xampp\htdocs\BellaApp\backend\src\modules\rooms\rooms.repository.ts">
        <metrics statements="29" coveredstatements="22" conditionals="10" coveredconditionals="5" methods="13" coveredmethods="10"/>
        <line num="1" count="9" type="stmt"/>
        <line num="2" count="9" type="stmt"/>
        <line num="19" count="4" type="stmt"/>
        <line num="20" count="4" type="stmt"/>
        <line num="22" count="4" type="stmt"/>
        <line num="26" count="2" type="stmt"/>
        <line num="39" count="1" type="stmt"/>
        <line num="41" count="1" type="stmt"/>
        <line num="52" count="1" type="stmt"/>
        <line num="54" count="1" type="stmt"/>
        <line num="60" count="0" type="stmt"/>
        <line num="66" count="8" type="stmt"/>
        <line num="75" count="0" type="stmt"/>
        <line num="86" count="3" type="stmt"/>
        <line num="92" count="0" type="cond" truecount="0" falsecount="1"/>
        <line num="93" count="0" type="stmt"/>
        <line num="96" count="0" type="stmt"/>
        <line num="103" count="1" type="stmt"/>
        <line num="110" count="1" type="stmt"/>
        <line num="116" count="4" type="cond" truecount="0" falsecount="1"/>
        <line num="117" count="0" type="stmt"/>
        <line num="120" count="4" type="stmt"/>
        <line num="122" count="4" type="stmt"/>
        <line num="137" count="4" type="stmt"/>
        <line num="138" count="1" type="cond" truecount="0" falsecount="1"/>
        <line num="139" count="0" type="stmt"/>
        <line num="142" count="1" type="cond" truecount="2" falsecount="0"/>
        <line num="143" count="1" type="stmt"/>
        <line num="148" count="9" type="stmt"/>
      </file>
      <file name="rooms.routes.ts" path="C:\xampp\htdocs\BellaApp\backend\src\modules\rooms\rooms.routes.ts">
        <metrics statements="11" coveredstatements="11" conditionals="0" coveredconditionals="0" methods="1" coveredmethods="1"/>
        <line num="2" count="9" type="stmt"/>
        <line num="3" count="9" type="stmt"/>
        <line num="5" count="9" type="stmt"/>
        <line num="6" count="9" type="stmt"/>
        <line num="8" count="9" type="stmt"/>
        <line num="9" count="9" type="stmt"/>
        <line num="11" count="9" type="stmt"/>
        <line num="19" count="9" type="stmt"/>
        <line num="27" count="9" type="stmt"/>
        <line num="35" count="9" type="stmt"/>
        <line num="43" count="9" type="stmt"/>
      </file>
      <file name="rooms.schemas.ts" path="C:\xampp\htdocs\BellaApp\backend\src\modules\rooms\rooms.schemas.ts">
        <metrics statements="7" coveredstatements="7" conditionals="4" coveredconditionals="3" methods="1" coveredmethods="1"/>
        <line num="1" count="9" type="stmt"/>
        <line num="2" count="9" type="stmt"/>
        <line num="9" count="9" type="stmt"/>
        <line num="15" count="9" type="stmt"/>
        <line num="19" count="6" type="cond" truecount="3" falsecount="1"/>
        <line num="29" count="9" type="stmt"/>
        <line num="31" count="9" type="stmt"/>
      </file>
      <file name="rooms.service.ts" path="C:\xampp\htdocs\BellaApp\backend\src\modules\rooms\rooms.service.ts">
        <metrics statements="27" coveredstatements="27" conditionals="19" coveredconditionals="18" methods="8" coveredmethods="8"/>
        <line num="1" count="10" type="stmt"/>
        <line num="2" count="10" type="stmt"/>
        <line num="3" count="10" type="stmt"/>
        <line num="12" count="10" type="stmt"/>
        <line num="15" count="5" type="stmt"/>
        <line num="16" count="5" type="cond" truecount="2" falsecount="0"/>
        <line num="21" count="3" type="stmt"/>
        <line num="36" count="3" type="stmt"/>
        <line num="38" count="3" type="stmt"/>
        <line num="41" count="3" type="stmt"/>
        <line num="42" count="3" type="cond" truecount="2" falsecount="0"/>
        <line num="48" count="4" type="stmt"/>
        <line num="55" count="4" type="stmt"/>
        <line num="59" count="6" type="stmt"/>
        <line num="61" count="6" type="cond" truecount="1" falsecount="0"/>
        <line num="62" count="3" type="stmt"/>
        <line num="65" count="3" type="stmt"/>
        <line num="69" count="3" type="stmt"/>
        <line num="71" count="3" type="cond" truecount="1" falsecount="0"/>
        <line num="72" count="1" type="stmt"/>
        <line num="75" count="2" type="stmt"/>
        <line num="81" count="2" type="stmt"/>
        <line num="85" count="4" type="stmt"/>
        <line num="87" count="4" type="cond" truecount="1" falsecount="0"/>
        <line num="88" count="2" type="stmt"/>
        <line num="91" count="2" type="stmt"/>
        <line num="95" count="10" type="stmt"/>
      </file>
    </package>
    <package name="modules.services">
      <metrics statements="91" coveredstatements="72" conditionals="53" coveredconditionals="24" methods="33" coveredmethods="26"/>
      <file name="services.controller.ts" path="C:\xampp\htdocs\BellaApp\backend\src\modules\services\services.controller.ts">
        <metrics statements="12" coveredstatements="11" conditionals="0" coveredconditionals="0" methods="5" coveredmethods="5"/>
        <line num="3" count="9" type="stmt"/>
        <line num="5" count="9" type="stmt"/>
        <line num="10" count="1" type="stmt"/>
        <line num="11" count="1" type="stmt"/>
        <line num="18" count="5" type="stmt"/>
        <line num="19" count="5" type="stmt"/>
        <line num="26" count="2" type="stmt"/>
        <line num="27" count="0" type="stmt"/>
        <line num="34" count="1" type="stmt"/>
        <line num="35" count="1" type="stmt"/>
        <line num="42" count="1" type="stmt"/>
        <line num="43" count="1" type="stmt"/>
      </file>
      <file name="services.repository.ts" path="C:\xampp\htdocs\BellaApp\backend\src\modules\services\services.repository.ts">
        <metrics statements="22" coveredstatements="8" conditionals="18" coveredconditionals="0" methods="10" coveredmethods="5"/>
        <line num="1" count="8" type="stmt"/>
        <line num="2" count="8" type="stmt"/>
        <line num="27" count="0" type="cond" truecount="0" falsecount="3"/>
        <line num="28" count="0" type="stmt"/>
        <line num="31" count="0" type="stmt"/>
        <line num="38" count="0" type="stmt"/>
        <line num="39" count="0" type="stmt"/>
        <line num="40" count="0" type="stmt"/>
        <line num="42" count="0" type="stmt"/>
        <line num="61" count="0" type="stmt"/>
        <line num="63" count="0" type="stmt"/>
        <line num="74" count="0" type="stmt"/>
        <line num="76" count="0" type="stmt"/>
        <line num="82" count="4" type="stmt"/>
        <line num="100" count="4" type="stmt"/>
        <line num="117" count="1" type="stmt"/>
        <line num="124" count="1" type="stmt"/>
        <line num="130" count="0" type="cond" truecount="0" falsecount="1"/>
        <line num="131" count="0" type="stmt"/>
        <line num="134" count="0" type="stmt"/>
        <line num="152" count="1" type="stmt"/>
        <line num="164" count="8" type="stmt"/>
      </file>
      <file name="services.routes.ts" path="C:\xampp\htdocs\BellaApp\backend\src\modules\services\services.routes.ts">
        <metrics statements="11" coveredstatements="11" conditionals="0" coveredconditionals="0" methods="1" coveredmethods="1"/>
        <line num="2" count="9" type="stmt"/>
        <line num="3" count="9" type="stmt"/>
        <line num="5" count="9" type="stmt"/>
        <line num="10" count="9" type="stmt"/>
        <line num="12" count="9" type="stmt"/>
        <line num="13" count="9" type="stmt"/>
        <line num="15" count="9" type="stmt"/>
        <line num="23" count="9" type="stmt"/>
        <line num="31" count="9" type="stmt"/>
        <line num="39" count="9" type="stmt"/>
        <line num="47" count="9" type="stmt"/>
      </file>
      <file name="services.schemas.ts" path="C:\xampp\htdocs\BellaApp\backend\src\modules\services\services.schemas.ts">
        <metrics statements="13" coveredstatements="11" conditionals="8" coveredconditionals="5" methods="4" coveredmethods="2"/>
        <line num="1" count="9" type="stmt"/>
        <line num="2" count="9" type="stmt"/>
        <line num="9" count="9" type="stmt"/>
        <line num="11" count="9" type="stmt"/>
        <line num="12" count="4" type="cond" truecount="2" falsecount="2"/>
        <line num="16" count="9" type="stmt"/>
        <line num="17" count="0" type="stmt"/>
        <line num="20" count="9" type="stmt"/>
        <line num="21" count="0" type="stmt"/>
        <line num="24" count="9" type="stmt"/>
        <line num="39" count="9" type="stmt"/>
        <line num="41" count="9" type="stmt"/>
        <line num="49" count="1" type="cond" truecount="3" falsecount="1"/>
      </file>
      <file name="services.service.ts" path="C:\xampp\htdocs\BellaApp\backend\src\modules\services\services.service.ts">
        <metrics statements="33" coveredstatements="31" conditionals="27" coveredconditionals="19" methods="13" coveredmethods="13"/>
        <line num="1" count="9" type="stmt"/>
        <line num="2" count="9" type="stmt"/>
        <line num="3" count="9" type="stmt"/>
        <line num="4" count="9" type="stmt"/>
        <line num="13" count="9" type="stmt"/>
        <line num="21" count="1" type="stmt"/>
        <line num="23" count="1" type="stmt"/>
        <line num="35" count="7" type="stmt"/>
        <line num="37" count="7" type="cond" truecount="1" falsecount="0"/>
        <line num="38" count="4" type="stmt"/>
        <line num="41" count="3" type="stmt"/>
        <line num="45" count="1" type="stmt"/>
        <line num="46" count="1" type="stmt"/>
        <line num="50" count="5" type="stmt"/>
        <line num="52" count="5" type="stmt"/>
        <line num="65" count="2" type="stmt"/>
        <line num="77" count="1" type="stmt"/>
        <line num="78" count="1" type="stmt"/>
        <line num="82" count="1" type="stmt"/>
        <line num="84" count="1" type="stmt"/>
        <line num="85" count="1" type="cond" truecount="1" falsecount="1"/>
        <line num="91" count="5" type="stmt"/>
        <line num="93" count="5" type="stmt"/>
        <line num="97" count="3" type="stmt"/>
        <line num="98" count="0" type="stmt"/>
        <line num="100" count="0" type="stmt"/>
        <line num="104" count="2" type="stmt"/>
        <line num="105" count="2" type="stmt"/>
        <line num="107" count="2" type="stmt"/>
        <line num="109" count="2" type="stmt"/>
        <line num="113" count="2" type="stmt"/>
        <line num="114" count="1" type="stmt"/>
        <line num="118" count="9" type="stmt"/>
      </file>
    </package>
    <package name="modules.users">
      <metrics statements="63" coveredstatements="54" conditionals="26" coveredconditionals="19" methods="12" coveredmethods="10"/>
      <file name="users.controller.ts" path="C:\xampp\htdocs\BellaApp\backend\src\modules\users\users.controller.ts">
        <metrics statements="6" coveredstatements="6" conditionals="0" coveredconditionals="0" methods="2" coveredmethods="2"/>
        <line num="2" count="9" type="stmt"/>
        <line num="5" count="9" type="stmt"/>
        <line num="7" count="3" type="stmt"/>
        <line num="8" count="3" type="stmt"/>
        <line num="15" count="2" type="stmt"/>
        <line num="16" count="2" type="stmt"/>
      </file>
      <file name="users.repository.ts" path="C:\xampp\htdocs\BellaApp\backend\src\modules\users\users.repository.ts">
        <metrics statements="15" coveredstatements="8" conditionals="3" coveredconditionals="0" methods="5" coveredmethods="3"/>
        <line num="2" count="9" type="stmt"/>
        <line num="4" count="9" type="stmt"/>
        <line num="10" count="6" type="stmt"/>
        <line num="17" count="0" type="stmt"/>
        <line num="24" count="0" type="stmt"/>
        <line num="39" count="1" type="stmt"/>
        <line num="40" count="1" type="stmt"/>
        <line num="49" count="1" type="cond" truecount="0" falsecount="1"/>
        <line num="50" count="0" type="stmt"/>
        <line num="55" count="0" type="stmt"/>
        <line num="59" count="0" type="cond" truecount="0" falsecount="2"/>
        <line num="60" count="0" type="stmt"/>
        <line num="65" count="0" type="stmt"/>
        <line num="74" count="1" type="stmt"/>
        <line num="82" count="9" type="stmt"/>
      </file>
      <file name="users.routes.ts" path="C:\xampp\htdocs\BellaApp\backend\src\modules\users\users.routes.ts">
        <metrics statements="8" coveredstatements="8" conditionals="0" coveredconditionals="0" methods="1" coveredmethods="1"/>
        <line num="2" count="9" type="stmt"/>
        <line num="3" count="9" type="stmt"/>
        <line num="5" count="9" type="stmt"/>
        <line num="6" count="9" type="stmt"/>
        <line num="8" count="9" type="stmt"/>
        <line num="9" count="9" type="stmt"/>
        <line num="11" count="9" type="stmt"/>
        <line num="16" count="9" type="stmt"/>
      </file>
      <file name="users.schemas.ts" path="C:\xampp\htdocs\BellaApp\backend\src\modules\users\users.schemas.ts">
        <metrics statements="7" coveredstatements="6" conditionals="7" coveredconditionals="5" methods="2" coveredmethods="2"/>
        <line num="1" count="9" type="stmt"/>
        <line num="2" count="9" type="stmt"/>
        <line num="10" count="9" type="stmt"/>
        <line num="11" count="7" type="cond" truecount="3" falsecount="1"/>
        <line num="15" count="9" type="stmt"/>
        <line num="25" count="6" type="cond" truecount="2" falsecount="1"/>
        <line num="26" count="0" type="stmt"/>
      </file>
      <file name="users.service.ts" path="C:\xampp\htdocs\BellaApp\backend\src\modules\users\users.service.ts">
        <metrics statements="27" coveredstatements="26" conditionals="16" coveredconditionals="14" methods="2" coveredmethods="2"/>
        <line num="1" count="9" type="stmt"/>
        <line num="2" count="9" type="stmt"/>
        <line num="3" count="9" type="stmt"/>
        <line num="4" count="9" type="stmt"/>
        <line num="10" count="9" type="stmt"/>
        <line num="14" count="4" type="stmt"/>
        <line num="16" count="4" type="cond" truecount="1" falsecount="0"/>
        <line num="17" count="1" type="stmt"/>
        <line num="20" count="3" type="stmt"/>
        <line num="27" count="4" type="stmt"/>
        <line num="29" count="4" type="cond" truecount="0" falsecount="1"/>
        <line num="30" count="0" type="stmt"/>
        <line num="33" count="4" type="stmt"/>
        <line num="34" count="4" type="cond" truecount="2" falsecount="0"/>
        <line num="36" count="4" type="cond" truecount="1" falsecount="0"/>
        <line num="37" count="2" type="stmt"/>
        <line num="39" count="2" type="cond" truecount="3" falsecount="0"/>
        <line num="40" count="1" type="stmt"/>
        <line num="44" count="3" type="cond" truecount="1" falsecount="0"/>
        <line num="45" count="2" type="stmt"/>
        <line num="47" count="2" type="cond" truecount="3" falsecount="0"/>
        <line num="48" count="1" type="stmt"/>
        <line num="52" count="2" type="stmt"/>
        <line num="54" count="2" type="stmt"/>
        <line num="69" count="2" type="stmt"/>
        <line num="71" count="2" type="stmt"/>
        <line num="75" count="9" type="stmt"/>
      </file>
    </package>
    <package name="shared.auth">
      <metrics statements="45" coveredstatements="41" conditionals="21" coveredconditionals="17" methods="10" coveredmethods="10"/>
      <file name="authenticate.ts" path="C:\xampp\htdocs\BellaApp\backend\src\shared\auth\authenticate.ts">
        <metrics statements="17" coveredstatements="16" conditionals="8" coveredconditionals="7" methods="2" coveredmethods="2"/>
        <line num="2" count="7" type="stmt"/>
        <line num="3" count="7" type="stmt"/>
        <line num="7" count="11" type="stmt"/>
        <line num="11" count="7" type="stmt"/>
        <line num="12" count="71" type="cond" truecount="0" falsecount="1"/>
        <line num="13" count="0" type="stmt"/>
        <line num="16" count="71" type="stmt"/>
        <line num="17" count="71" type="stmt"/>
        <line num="19" count="7" type="stmt"/>
        <line num="22" count="64" type="stmt"/>
        <line num="23" count="64" type="stmt"/>
        <line num="24" count="64" type="stmt"/>
        <line num="26" count="64" type="cond" truecount="1" falsecount="0"/>
        <line num="33" count="1" type="stmt"/>
        <line num="36" count="63" type="stmt"/>
        <line num="47" count="63" type="cond" truecount="1" falsecount="0"/>
        <line num="48" count="3" type="stmt"/>
      </file>
      <file name="jwt.ts" path="C:\xampp\htdocs\BellaApp\backend\src\shared\auth\jwt.ts">
        <metrics statements="28" coveredstatements="25" conditionals="13" coveredconditionals="10" methods="8" coveredmethods="8"/>
        <line num="1" count="8" type="stmt"/>
        <line num="2" count="8" type="stmt"/>
        <line num="3" count="8" type="stmt"/>
        <line num="14" count="28" type="stmt"/>
        <line num="31" count="48" type="stmt"/>
        <line num="37" count="8" type="stmt"/>
        <line num="38" count="24" type="stmt"/>
        <line num="40" count="24" type="stmt"/>
        <line num="44" count="8" type="stmt"/>
        <line num="45" count="24" type="stmt"/>
        <line num="47" count="24" type="stmt"/>
        <line num="51" count="8" type="stmt"/>
        <line num="52" count="3" type="stmt"/>
        <line num="54" count="3" type="cond" truecount="2" falsecount="1"/>
        <line num="55" count="0" type="stmt"/>
        <line num="58" count="3" type="stmt"/>
        <line num="62" count="8" type="stmt"/>
        <line num="63" count="25" type="stmt"/>
        <line num="65" count="25" type="cond" truecount="0" falsecount="1"/>
        <line num="66" count="0" type="stmt"/>
        <line num="69" count="25" type="stmt"/>
        <line num="73" count="8" type="stmt"/>
        <line num="74" count="24" type="stmt"/>
        <line num="76" count="24" type="cond" truecount="2" falsecount="1"/>
        <line num="77" count="0" type="stmt"/>
        <line num="80" count="24" type="stmt"/>
        <line num="84" count="8" type="stmt"/>
        <line num="85" count="28" type="stmt"/>
      </file>
    </package>
    <package name="shared.errors">
      <metrics statements="6" coveredstatements="6" conditionals="0" coveredconditionals="0" methods="1" coveredmethods="1"/>
      <file name="app-error.ts" path="C:\xampp\htdocs\BellaApp\backend\src\shared\errors\app-error.ts">
        <metrics statements="6" coveredstatements="6" conditionals="0" coveredconditionals="0" methods="1" coveredmethods="1"/>
        <line num="5" count="18" type="stmt"/>
        <line num="9" count="52" type="stmt"/>
        <line num="10" count="52" type="stmt"/>
        <line num="13" count="52" type="stmt"/>
        <line num="14" count="52" type="stmt"/>
        <line num="15" count="52" type="stmt"/>
      </file>
    </package>
    <package name="shared.http">
      <metrics statements="54" coveredstatements="54" conditionals="27" coveredconditionals="22" methods="7" coveredmethods="7"/>
      <file name="error-handler.ts" path="C:\xampp\htdocs\BellaApp\backend\src\shared\http\error-handler.ts">
        <metrics statements="45" coveredstatements="45" conditionals="24" coveredconditionals="19" methods="5" coveredmethods="5"/>
        <line num="2" count="10" type="stmt"/>
        <line num="3" count="10" type="stmt"/>
        <line num="4" count="10" type="stmt"/>
        <line num="21" count="4" type="cond" truecount="1" falsecount="3"/>
        <line num="23" count="4" type="cond" truecount="1" falsecount="0"/>
        <line num="24" count="1" type="stmt"/>
        <line num="27" count="3" type="cond" truecount="1" falsecount="0"/>
        <line num="28" count="1" type="stmt"/>
        <line num="31" count="2" type="cond" truecount="1" falsecount="0"/>
        <line num="32" count="1" type="stmt"/>
        <line num="35" count="1" type="stmt"/>
        <line num="42" count="58" type="stmt"/>
        <line num="43" count="58" type="stmt"/>
        <line num="52" count="58" type="cond" truecount="1" falsecount="0"/>
        <line num="53" count="1" type="stmt"/>
        <line num="57" count="1" type="stmt"/>
        <line num="60" count="57" type="stmt"/>
        <line num="64" count="10" type="stmt"/>
        <line num="65" count="10" type="stmt"/>
        <line num="66" count="58" type="cond" truecount="1" falsecount="0"/>
        <line num="67" count="33" type="stmt"/>
        <line num="73" count="33" type="stmt"/>
        <line num="75" count="33" type="stmt"/>
        <line num="80" count="25" type="cond" truecount="1" falsecount="0"/>
        <line num="81" count="17" type="stmt"/>
        <line num="84" count="25" type="stmt"/>
        <line num="90" count="17" type="stmt"/>
        <line num="92" count="17" type="stmt"/>
        <line num="97" count="8" type="cond" truecount="1" falsecount="0"/>
        <line num="98" count="5" type="cond" truecount="1" falsecount="0"/>
        <line num="99" count="4" type="stmt"/>
        <line num="100" count="4" type="stmt"/>
        <line num="106" count="4" type="stmt"/>
        <line num="108" count="4" type="stmt"/>
        <line num="113" count="1" type="cond" truecount="1" falsecount="0"/>
        <line num="114" count="1" type="stmt"/>
        <line num="119" count="1" type="stmt"/>
        <line num="121" count="1" type="stmt"/>
        <line num="127" count="3" type="stmt"/>
        <line num="129" count="3" type="cond" truecount="3" falsecount="0"/>
        <line num="130" count="2" type="stmt"/>
        <line num="135" count="2" type="stmt"/>
        <line num="137" count="2" type="stmt"/>
        <line num="142" count="1" type="stmt"/>
        <line num="152" count="1" type="stmt"/>
      </file>
      <file name="validate-request.ts" path="C:\xampp\htdocs\BellaApp\backend\src\shared\http\validate-request.ts">
        <metrics statements="9" coveredstatements="9" conditionals="3" coveredconditionals="3" methods="2" coveredmethods="2"/>
        <line num="17" count="9" type="stmt"/>
        <line num="24" count="279" type="stmt"/>
        <line num="25" count="137" type="stmt"/>
        <line num="27" count="137" type="cond" truecount="1" falsecount="0"/>
        <line num="28" count="109" type="stmt"/>
        <line num="31" count="121" type="cond" truecount="1" falsecount="0"/>
        <line num="32" count="27" type="stmt"/>
        <line num="35" count="121" type="cond" truecount="1" falsecount="0"/>
        <line num="36" count="7" type="stmt"/>
      </file>
    </package>
    <package name="shared.mappers">
      <metrics statements="20" coveredstatements="20" conditionals="44" coveredconditionals="39" methods="10" coveredmethods="10"/>
      <file name="appointment-response.ts" path="C:\xampp\htdocs\BellaApp\backend\src\shared\mappers\appointment-response.ts">
        <metrics statements="2" coveredstatements="2" conditionals="4" coveredconditionals="4" methods="1" coveredmethods="1"/>
        <line num="16" count="9" type="stmt"/>
        <line num="17" count="6" type="stmt"/>
      </file>
      <file name="client-response.ts" path="C:\xampp\htdocs\BellaApp\backend\src\shared\mappers\client-response.ts">
        <metrics statements="2" coveredstatements="2" conditionals="20" coveredconditionals="20" methods="1" coveredmethods="1"/>
        <line num="32" count="9" type="cond" truecount="1" falsecount="0"/>
        <line num="33" count="9" type="stmt"/>
      </file>
      <file name="professional-response.ts" path="C:\xampp\htdocs\BellaApp\backend\src\shared\mappers\professional-response.ts">
        <metrics statements="8" coveredstatements="8" conditionals="8" coveredconditionals="6" methods="5" coveredmethods="5"/>
        <line num="19" count="9" type="stmt"/>
        <line num="23" count="8" type="stmt"/>
        <line num="27" count="16" type="cond" truecount="1" falsecount="1"/>
        <line num="33" count="8" type="stmt"/>
        <line num="35" count="74" type="stmt"/>
        <line num="37" count="8" type="cond" truecount="1" falsecount="1"/>
        <line num="41" count="9" type="stmt"/>
        <line num="42" count="8" type="stmt"/>
      </file>
      <file name="room-response.ts" path="C:\xampp\htdocs\BellaApp\backend\src\shared\mappers\room-response.ts">
        <metrics statements="2" coveredstatements="2" conditionals="5" coveredconditionals="4" methods="1" coveredmethods="1"/>
        <line num="16" count="10" type="cond" truecount="0" falsecount="1"/>
        <line num="17" count="12" type="stmt"/>
      </file>
      <file name="service-response.ts" path="C:\xampp\htdocs\BellaApp\backend\src\shared\mappers\service-response.ts">
        <metrics statements="4" coveredstatements="4" conditionals="3" coveredconditionals="2" methods="1" coveredmethods="1"/>
        <line num="2" count="9" type="stmt"/>
        <line num="21" count="9" type="cond" truecount="0" falsecount="1"/>
        <line num="22" count="8" type="stmt"/>
        <line num="24" count="8" type="stmt"/>
      </file>
      <file name="user-response.ts" path="C:\xampp\htdocs\BellaApp\backend\src\shared\mappers\user-response.ts">
        <metrics statements="2" coveredstatements="2" conditionals="4" coveredconditionals="3" methods="1" coveredmethods="1"/>
        <line num="21" count="11" type="stmt"/>
        <line num="22" count="58" type="stmt"/>
      </file>
    </package>
    <package name="shared.utils">
      <metrics statements="64" coveredstatements="58" conditionals="30" coveredconditionals="23" methods="11" coveredmethods="11"/>
      <file name="documents.ts" path="C:\xampp\htdocs\BellaApp\backend\src\shared\utils\documents.ts">
        <metrics statements="34" coveredstatements="31" conditionals="13" coveredconditionals="8" methods="5" coveredmethods="5"/>
        <line num="2" count="12" type="stmt"/>
        <line num="3" count="122" type="stmt"/>
        <line num="7" count="12" type="stmt"/>
        <line num="8" count="40" type="stmt"/>
        <line num="10" count="40" type="cond" truecount="3" falsecount="0"/>
        <line num="11" count="2" type="stmt"/>
        <line num="14" count="38" type="stmt"/>
        <line num="15" count="38" type="stmt"/>
        <line num="16" count="342" type="stmt"/>
        <line num="19" count="38" type="stmt"/>
        <line num="20" count="38" type="cond" truecount="1" falsecount="0"/>
        <line num="21" count="12" type="stmt"/>
        <line num="24" count="38" type="cond" truecount="0" falsecount="1"/>
        <line num="25" count="0" type="stmt"/>
        <line num="28" count="38" type="stmt"/>
        <line num="29" count="38" type="stmt"/>
        <line num="30" count="380" type="stmt"/>
        <line num="33" count="38" type="stmt"/>
        <line num="34" count="38" type="cond" truecount="0" falsecount="1"/>
        <line num="35" count="0" type="stmt"/>
        <line num="38" count="38" type="stmt"/>
        <line num="42" count="12" type="stmt"/>
        <line num="43" count="1" type="stmt"/>
        <line num="45" count="1" type="cond" truecount="2" falsecount="1"/>
        <line num="46" count="0" type="stmt"/>
        <line num="49" count="1" type="stmt"/>
        <line num="50" count="2" type="stmt"/>
        <line num="51" count="25" type="cond" truecount="1" falsecount="1"/>
        <line num="52" count="25" type="stmt"/>
        <line num="55" count="2" type="stmt"/>
        <line num="56" count="2" type="cond" truecount="1" falsecount="1"/>
        <line num="59" count="1" type="stmt"/>
        <line num="60" count="1" type="stmt"/>
        <line num="62" count="1" type="stmt"/>
      </file>
      <file name="pagination.ts" path="C:\xampp\htdocs\BellaApp\backend\src\shared\utils\pagination.ts">
        <metrics statements="4" coveredstatements="4" conditionals="2" coveredconditionals="2" methods="2" coveredmethods="2"/>
        <line num="7" count="15" type="stmt"/>
        <line num="8" count="1" type="stmt"/>
        <line num="15" count="15" type="stmt"/>
        <line num="16" count="11" type="stmt"/>
      </file>
      <file name="service-catalog.ts" path="C:\xampp\htdocs\BellaApp\backend\src\shared\utils\service-catalog.ts">
        <metrics statements="26" coveredstatements="23" conditionals="15" coveredconditionals="13" methods="4" coveredmethods="4"/>
        <line num="1" count="10" type="stmt"/>
        <line num="3" count="10" type="stmt"/>
        <line num="4" count="10" type="stmt"/>
        <line num="23" count="10" type="stmt"/>
        <line num="42" count="10" type="stmt"/>
        <line num="43" count="6" type="cond" truecount="1" falsecount="1"/>
        <line num="45" count="6" type="cond" truecount="1" falsecount="0"/>
        <line num="46" count="5" type="cond" truecount="3" falsecount="0"/>
        <line num="47" count="4" type="cond" truecount="1" falsecount="0"/>
        <line num="48" count="3" type="cond" truecount="1" falsecount="0"/>
        <line num="49" count="0" type="cond" truecount="0" falsecount="1"/>
        <line num="51" count="0" type="stmt"/>
        <line num="55" count="10" type="stmt"/>
        <line num="56" count="10" type="cond" truecount="3" falsecount="0"/>
        <line num="57" count="4" type="stmt"/>
        <line num="60" count="6" type="stmt"/>
        <line num="64" count="10" type="stmt"/>
        <line num="65" count="8" type="cond" truecount="1" falsecount="0"/>
        <line num="66" count="3" type="stmt"/>
        <line num="69" count="5" type="cond" truecount="1" falsecount="0"/>
        <line num="70" count="3" type="stmt"/>
        <line num="73" count="2" type="cond" truecount="1" falsecount="0"/>
        <line num="74" count="2" type="stmt"/>
        <line num="77" count="0" type="stmt"/>
        <line num="81" count="10" type="stmt"/>
        <line num="82" count="8" type="stmt"/>
      </file>
    </package>
    <package name="shared.validation">
      <metrics statements="32" coveredstatements="27" conditionals="19" coveredconditionals="14" methods="8" coveredmethods="8"/>
      <file name="common-schemas.ts" path="C:\xampp\htdocs\BellaApp\backend\src\shared\validation\common-schemas.ts">
        <metrics statements="32" coveredstatements="27" conditionals="19" coveredconditionals="14" methods="8" coveredmethods="8"/>
        <line num="1" count="9" type="stmt"/>
        <line num="2" count="9" type="stmt"/>
        <line num="16" count="9" type="stmt"/>
        <line num="17" count="88" type="cond" truecount="2" falsecount="1"/>
        <line num="18" count="0" type="stmt"/>
        <line num="21" count="88" type="stmt"/>
        <line num="25" count="9" type="stmt"/>
        <line num="26" count="2" type="cond" truecount="3" falsecount="1"/>
        <line num="27" count="0" type="stmt"/>
        <line num="30" count="2" type="cond" truecount="3" falsecount="0"/>
        <line num="31" count="2" type="stmt"/>
        <line num="34" count="0" type="cond" truecount="0" falsecount="3"/>
        <line num="35" count="0" type="stmt"/>
        <line num="38" count="0" type="stmt"/>
        <line num="41" count="9" type="stmt"/>
        <line num="46" count="63" type="stmt"/>
        <line num="48" count="9" type="stmt"/>
        <line num="50" count="9" type="stmt"/>
        <line num="55" count="37" type="cond" truecount="4" falsecount="0"/>
        <line num="59" count="9" type="stmt"/>
        <line num="63" count="40" type="stmt"/>
        <line num="65" count="9" type="stmt"/>
        <line num="67" count="9" type="stmt"/>
        <line num="71" count="1" type="stmt"/>
        <line num="73" count="9" type="stmt"/>
        <line num="75" count="9" type="cond" truecount="1" falsecount="0"/>
        <line num="76" count="153" type="stmt"/>
        <line num="82" count="9" type="cond" truecount="1" falsecount="0"/>
        <line num="83" count="45" type="stmt"/>
        <line num="85" count="9" type="stmt"/>
        <line num="91" count="9" type="stmt"/>
        <line num="99" count="9" type="stmt"/>
      </file>
    </package>
    <package name="test.helpers">
      <metrics statements="38" coveredstatements="36" conditionals="14" coveredconditionals="8" methods="11" coveredmethods="11"/>
      <file name="auth-flow.ts" path="C:\xampp\htdocs\BellaApp\backend\src\test\helpers\auth-flow.ts">
        <metrics statements="29" coveredstatements="27" conditionals="13" coveredconditionals="8" methods="7" coveredmethods="7"/>
        <line num="2" count="6" type="stmt"/>
        <line num="4" count="6" type="stmt"/>
        <line num="10" count="26" type="stmt"/>
        <line num="12" count="26" type="stmt"/>
        <line num="13" count="494" type="stmt"/>
        <line num="14" count="52" type="stmt"/>
        <line num="15" count="52" type="cond" truecount="2" falsecount="0"/>
        <line num="18" count="26" type="stmt"/>
        <line num="19" count="26" type="stmt"/>
        <line num="21" count="26" type="stmt"/>
        <line num="24" count="6" type="cond" truecount="0" falsecount="1"/>
        <line num="30" count="26" type="stmt"/>
        <line num="31" count="26" type="stmt"/>
        <line num="33" count="26" type="stmt"/>
        <line num="42" count="6" type="stmt"/>
        <line num="51" count="26" type="stmt"/>
        <line num="52" count="26" type="stmt"/>
        <line num="58" count="26" type="stmt"/>
        <line num="65" count="6" type="stmt"/>
        <line num="66" count="23" type="stmt"/>
        <line num="75" count="23" type="stmt"/>
        <line num="83" count="6" type="stmt"/>
        <line num="92" count="23" type="stmt"/>
        <line num="94" count="23" type="cond" truecount="0" falsecount="1"/>
        <line num="95" count="0" type="stmt"/>
        <line num="98" count="23" type="stmt"/>
        <line num="100" count="23" type="cond" truecount="2" falsecount="1"/>
        <line num="101" count="0" type="stmt"/>
        <line num="104" count="23" type="stmt"/>
      </file>
      <file name="database.ts" path="C:\xampp\htdocs\BellaApp\backend\src\test\helpers\database.ts">
        <metrics statements="5" coveredstatements="5" conditionals="0" coveredconditionals="0" methods="2" coveredmethods="2"/>
        <line num="1" count="6" type="stmt"/>
        <line num="3" count="6" type="stmt"/>
        <line num="4" count="25" type="stmt"/>
        <line num="14" count="6" type="stmt"/>
        <line num="15" count="6" type="stmt"/>
      </file>
      <file name="http.ts" path="C:\xampp\htdocs\BellaApp\backend\src\test\helpers\http.ts">
        <metrics statements="4" coveredstatements="4" conditionals="1" coveredconditionals="0" methods="2" coveredmethods="2"/>
        <line num="1" count="9" type="cond" truecount="0" falsecount="1"/>
        <line num="2" count="18" type="stmt"/>
        <line num="7" count="9" type="stmt"/>
        <line num="8" count="139" type="stmt"/>
      </file>
    </package>
  </project>
</coverage>
