{"C:\\xampp\\htdocs\\BellaApp\\backend\\src\\app\\app.ts": {"path":"C:\\xampp\\htdocs\\BellaApp\\backend\\src\\app\\app.ts","statementMap":{"0":{"start":{"line":29,"column":0},"end":{"line":29,"column":16}},"1":{"start":{"line":1,"column":0},"end":{"line":1,"column":33}},"2":{"start":{"line":2,"column":0},"end":{"line":2,"column":31}},"3":{"start":{"line":3,"column":0},"end":{"line":3,"column":51}},"4":{"start":{"line":4,"column":0},"end":{"line":4,"column":36}},"5":{"start":{"line":5,"column":0},"end":{"line":5,"column":68}},"6":{"start":{"line":6,"column":0},"end":{"line":6,"column":57}},"7":{"start":{"line":7,"column":0},"end":{"line":7,"column":60}},"8":{"start":{"line":8,"column":0},"end":{"line":8,"column":66}},"9":{"start":{"line":9,"column":0},"end":{"line":9,"column":69}},"10":{"start":{"line":10,"column":0},"end":{"line":10,"column":81}},"11":{"start":{"line":11,"column":0},"end":{"line":11,"column":84}},"12":{"start":{"line":12,"column":0},"end":{"line":12,"column":75}},"13":{"start":{"line":13,"column":0},"end":{"line":13,"column":60}},"14":{"start":{"line":14,"column":0},"end":{"line":14,"column":39}},"15":{"start":{"line":19,"column":2},"end":{"line":21,"column":3}},"16":{"start":{"line":20,"column":4},"end":{"line":20,"column":16}},"17":{"start":{"line":23,"column":2},"end":{"line":25,"column":21}},"18":{"start":{"line":24,"column":21},"end":{"line":24,"column":34}},"19":{"start":{"line":30,"column":14},"end":{"line":32,"column":4}},"20":{"start":{"line":34,"column":2},"end":{"line":36,"column":5}},"21":{"start":{"line":38,"column":2},"end":{"line":40,"column":5}},"22":{"start":{"line":42,"column":2},"end":{"line":42,"column":28}},"23":{"start":{"line":44,"column":2},"end":{"line":44,"column":55}},"24":{"start":{"line":45,"column":2},"end":{"line":45,"column":57}},"25":{"start":{"line":46,"column":2},"end":{"line":46,"column":61}},"26":{"start":{"line":47,"column":2},"end":{"line":47,"column":63}},"27":{"start":{"line":48,"column":2},"end":{"line":48,"column":73}},"28":{"start":{"line":49,"column":2},"end":{"line":49,"column":67}},"29":{"start":{"line":50,"column":2},"end":{"line":50,"column":57}},"30":{"start":{"line":51,"column":2},"end":{"line":51,"column":71}},"31":{"start":{"line":54,"column":2},"end":{"line":56,"column":5}},"32":{"start":{"line":55,"column":4},"end":{"line":55,"column":31}},"33":{"start":{"line":58,"column":2},"end":{"line":58,"column":13}}},"fnMap":{"0":{"name":"resolveCorsOrigin","decl":{"start":{"line":18,"column":9},"end":{"line":18,"column":26}},"loc":{"start":{"line":18,"column":26},"end":{"line":26,"column":1}}},"1":{"name":"(anonymous_2)","decl":{"start":{"line":24,"column":9},"end":{"line":24,"column":10}},"loc":{"start":{"line":24,"column":21},"end":{"line":24,"column":34}}},"2":{"name":"buildApp","decl":{"start":{"line":29,"column":16},"end":{"line":29,"column":24}},"loc":{"start":{"line":29,"column":24},"end":{"line":59,"column":1}}},"3":{"name":"(anonymous_4)","decl":{"start":{"line":54,"column":25},"end":{"line":54,"column":30}},"loc":{"start":{"line":54,"column":36},"end":{"line":56,"column":3}}}},"branchMap":{"0":{"loc":{"start":{"line":19,"column":2},"end":{"line":21,"column":3}},"type":"if","locations":[{"start":{"line":19,"column":2},"end":{"line":21,"column":3}}]}},"s":{"0":9,"1":9,"2":9,"3":9,"4":9,"5":9,"6":9,"7":9,"8":9,"9":9,"10":9,"11":9,"12":9,"13":9,"14":9,"15":9,"16":0,"17":9,"18":9,"19":9,"20":9,"21":9,"22":9,"23":9,"24":9,"25":9,"26":9,"27":9,"28":9,"29":9,"30":9,"31":9,"32":9,"33":9},"f":{"0":9,"1":9,"2":9,"3":9},"b":{"0":[0]}}
,"C:\\xampp\\htdocs\\BellaApp\\backend\\src\\config\\env.ts": {"path":"C:\\xampp\\htdocs\\BellaApp\\backend\\src\\config\\env.ts","statementMap":{"0":{"start":{"line":1,"column":0},"end":{"line":1,"column":32}},"1":{"start":{"line":2,"column":0},"end":{"line":2,"column":24}},"2":{"start":{"line":4,"column":0},"end":{"line":4,"column":9}},"3":{"start":{"line":7,"column":18},"end":{"line":16,"column":2}},"4":{"start":{"line":19,"column":18},"end":{"line":19,"column":50}},"5":{"start":{"line":21,"column":0},"end":{"line":27,"column":1}},"6":{"start":{"line":22,"column":2},"end":{"line":26,"column":4}},"7":{"start":{"line":24,"column":22},"end":{"line":24,"column":65}},"8":{"start":{"line":29,"column":13},"end":{"line":29,"column":34}}},"fnMap":{"0":{"name":"(anonymous_0)","decl":{"start":{"line":24,"column":11},"end":{"line":24,"column":12}},"loc":{"start":{"line":24,"column":22},"end":{"line":24,"column":65}}}},"branchMap":{"0":{"loc":{"start":{"line":21,"column":0},"end":{"line":27,"column":1}},"type":"if","locations":[{"start":{"line":21,"column":0},"end":{"line":27,"column":1}}]}},"s":{"0":10,"1":10,"2":10,"3":10,"4":10,"5":10,"6":0,"7":0,"8":10},"f":{"0":0},"b":{"0":[0]}}
,"C:\\xampp\\htdocs\\BellaApp\\backend\\src\\lib\\prisma.ts": {"path":"C:\\xampp\\htdocs\\BellaApp\\backend\\src\\lib\\prisma.ts","statementMap":{"0":{"start":{"line":1,"column":0},"end":{"line":1,"column":46}},"1":{"start":{"line":8,"column":0},"end":{"line":10,"column":1}},"2":{"start":{"line":9,"column":2},"end":{"line":9,"column":47}},"3":{"start":{"line":12,"column":13},"end":{"line":20,"column":5}},"4":{"start":{"line":22,"column":0},"end":{"line":24,"column":1}},"5":{"start":{"line":23,"column":2},"end":{"line":23,"column":29}}},"fnMap":{},"branchMap":{"0":{"loc":{"start":{"line":8,"column":0},"end":{"line":10,"column":1}},"type":"if","locations":[{"start":{"line":8,"column":0},"end":{"line":10,"column":1}}]},"1":{"loc":{"start":{"line":13,"column":2},"end":{"line":20,"column":4}},"type":"binary-expr","locations":[{"start":{"line":13,"column":2},"end":{"line":13,"column":19}},{"start":{"line":14,"column":2},"end":{"line":20,"column":4}}]},"2":{"loc":{"start":{"line":17,"column":6},"end":{"line":19,"column":19}},"type":"cond-expr","locations":[{"start":{"line":18,"column":10},"end":{"line":18,"column":36}},{"start":{"line":19,"column":10},"end":{"line":19,"column":19}}]},"3":{"loc":{"start":{"line":22,"column":0},"end":{"line":24,"column":1}},"type":"if","locations":[{"start":{"line":22,"column":0},"end":{"line":24,"column":1}}]}},"s":{"0":9,"1":9,"2":0,"3":9,"4":9,"5":9},"f":{},"b":{"0":[0],"1":[9,9],"2":[0,9],"3":[9]}}
,"C:\\xampp\\htdocs\\BellaApp\\backend\\src\\modules\\appointments\\appointments.controller.ts": {"path":"C:\\xampp\\htdocs\\BellaApp\\backend\\src\\modules\\appointments\\appointments.controller.ts","statementMap":{"0":{"start":{"line":2,"column":0},"end":{"line":2,"column":61}},"1":{"start":{"line":9,"column":13},"end":{"line":49,"column":2}},"2":{"start":{"line":14,"column":19},"end":{"line":14,"column":85}},"3":{"start":{"line":15,"column":4},"end":{"line":15,"column":42}},"4":{"start":{"line":22,"column":19},"end":{"line":22,"column":86}},"5":{"start":{"line":23,"column":4},"end":{"line":23,"column":52}},"6":{"start":{"line":30,"column":19},"end":{"line":30,"column":92}},"7":{"start":{"line":31,"column":4},"end":{"line":31,"column":52}},"8":{"start":{"line":38,"column":19},"end":{"line":38,"column":105}},"9":{"start":{"line":39,"column":4},"end":{"line":39,"column":52}},"10":{"start":{"line":46,"column":4},"end":{"line":46,"column":77}},"11":{"start":{"line":47,"column":4},"end":{"line":47,"column":36}}},"fnMap":{"0":{"name":"(anonymous_0)","decl":{"start":{"line":10,"column":2},"end":{"line":10,"column":7}},"loc":{"start":{"line":12,"column":23},"end":{"line":16,"column":3}}},"1":{"name":"(anonymous_1)","decl":{"start":{"line":18,"column":2},"end":{"line":18,"column":7}},"loc":{"start":{"line":20,"column":23},"end":{"line":24,"column":3}}},"2":{"name":"(anonymous_2)","decl":{"start":{"line":26,"column":2},"end":{"line":26,"column":7}},"loc":{"start":{"line":28,"column":23},"end":{"line":32,"column":3}}},"3":{"name":"(anonymous_3)","decl":{"start":{"line":34,"column":2},"end":{"line":34,"column":7}},"loc":{"start":{"line":36,"column":23},"end":{"line":40,"column":3}}},"4":{"name":"(anonymous_4)","decl":{"start":{"line":42,"column":2},"end":{"line":42,"column":7}},"loc":{"start":{"line":44,"column":23},"end":{"line":48,"column":3}}}},"branchMap":{},"s":{"0":9,"1":9,"2":1,"3":1,"4":5,"5":2,"6":2,"7":1,"8":1,"9":1,"10":2,"11":2},"f":{"0":1,"1":5,"2":2,"3":1,"4":2},"b":{}}
,"C:\\xampp\\htdocs\\BellaApp\\backend\\src\\modules\\appointments\\appointments.repository.ts": {"path":"C:\\xampp\\htdocs\\BellaApp\\backend\\src\\modules\\appointments\\appointments.repository.ts","statementMap":{"0":{"start":{"line":1,"column":0},"end":{"line":1,"column":59}},"1":{"start":{"line":2,"column":0},"end":{"line":2,"column":42}},"2":{"start":{"line":30,"column":2},"end":{"line":45,"column":4}},"3":{"start":{"line":50,"column":4},"end":{"line":57,"column":7}},"4":{"start":{"line":61,"column":4},"end":{"line":63,"column":7}},"5":{"start":{"line":67,"column":4},"end":{"line":72,"column":44}},"6":{"start":{"line":76,"column":4},"end":{"line":81,"column":7}},"7":{"start":{"line":85,"column":4},"end":{"line":90,"column":7}},"8":{"start":{"line":94,"column":4},"end":{"line":99,"column":7}},"9":{"start":{"line":103,"column":4},"end":{"line":108,"column":7}},"10":{"start":{"line":112,"column":63},"end":{"line":112,"column":69}},"11":{"start":{"line":113,"column":21},"end":{"line":114,"column":null}},"12":{"start":{"line":116,"column":19},"end":{"line":117,"column":null}},"13":{"start":{"line":120,"column":4},"end":{"line":149,"column":7}},"14":{"start":{"line":162,"column":4},"end":{"line":164,"column":7}},"15":{"start":{"line":179,"column":4},"end":{"line":182,"column":7}},"16":{"start":{"line":186,"column":4},"end":{"line":188,"column":7}},"17":{"start":{"line":192,"column":13},"end":{"line":192,"column":67}}},"fnMap":{"0":{"name":"buildAppointmentsWhere","decl":{"start":{"line":29,"column":9},"end":{"line":29,"column":31}},"loc":{"start":{"line":29,"column":73},"end":{"line":46,"column":1}}},"1":{"name":"(anonymous_1)","decl":{"start":{"line":49,"column":2},"end":{"line":49,"column":12}},"loc":{"start":{"line":49,"column":56},"end":{"line":58,"column":3}}},"2":{"name":"(anonymous_2)","decl":{"start":{"line":60,"column":2},"end":{"line":60,"column":13}},"loc":{"start":{"line":60,"column":55},"end":{"line":64,"column":3}}},"3":{"name":"(anonymous_3)","decl":{"start":{"line":66,"column":2},"end":{"line":66,"column":10}},"loc":{"start":{"line":66,"column":37},"end":{"line":73,"column":3}}},"4":{"name":"(anonymous_4)","decl":{"start":{"line":75,"column":2},"end":{"line":75,"column":16}},"loc":{"start":{"line":75,"column":49},"end":{"line":82,"column":3}}},"5":{"name":"(anonymous_5)","decl":{"start":{"line":84,"column":2},"end":{"line":84,"column":17}},"loc":{"start":{"line":84,"column":51},"end":{"line":91,"column":3}}},"6":{"name":"(anonymous_6)","decl":{"start":{"line":93,"column":2},"end":{"line":93,"column":22}},"loc":{"start":{"line":93,"column":61},"end":{"line":100,"column":3}}},"7":{"name":"(anonymous_7)","decl":{"start":{"line":102,"column":2},"end":{"line":102,"column":14}},"loc":{"start":{"line":102,"column":45},"end":{"line":109,"column":3}}},"8":{"name":"(anonymous_8)","decl":{"start":{"line":111,"column":2},"end":{"line":111,"column":24}},"loc":{"start":{"line":111,"column":61},"end":{"line":150,"column":3}}},"9":{"name":"(anonymous_9)","decl":{"start":{"line":152,"column":2},"end":{"line":152,"column":8}},"loc":{"start":{"line":161,"column":3},"end":{"line":165,"column":3}}},"10":{"name":"(anonymous_10)","decl":{"start":{"line":167,"column":2},"end":{"line":167,"column":8}},"loc":{"start":{"line":177,"column":5},"end":{"line":183,"column":3}}},"11":{"name":"(anonymous_11)","decl":{"start":{"line":185,"column":2},"end":{"line":185,"column":8}},"loc":{"start":{"line":185,"column":19},"end":{"line":189,"column":3}}}},"branchMap":{"0":{"loc":{"start":{"line":32,"column":8},"end":{"line":32,"column":52}},"type":"cond-expr","locations":[{"start":{"line":32,"column":23},"end":{"line":32,"column":47}},{"start":{"line":32,"column":50},"end":{"line":32,"column":52}}]},"1":{"loc":{"start":{"line":33,"column":8},"end":{"line":33,"column":58}},"type":"cond-expr","locations":[{"start":{"line":33,"column":25},"end":{"line":33,"column":53}},{"start":{"line":33,"column":56},"end":{"line":33,"column":58}}]},"2":{"loc":{"start":{"line":34,"column":8},"end":{"line":34,"column":61}},"type":"cond-expr","locations":[{"start":{"line":34,"column":26},"end":{"line":34,"column":56}},{"start":{"line":34,"column":59},"end":{"line":34,"column":61}}]},"3":{"loc":{"start":{"line":35,"column":8},"end":{"line":35,"column":76}},"type":"cond-expr","locations":[{"start":{"line":35,"column":31},"end":{"line":35,"column":71}},{"start":{"line":35,"column":74},"end":{"line":35,"column":76}}]},"4":{"loc":{"start":{"line":36,"column":8},"end":{"line":36,"column":52}},"type":"cond-expr","locations":[{"start":{"line":36,"column":23},"end":{"line":36,"column":47}},{"start":{"line":36,"column":50},"end":{"line":36,"column":52}}]},"5":{"loc":{"start":{"line":37,"column":8},"end":{"line":44,"column":10}},"type":"cond-expr","locations":[{"start":{"line":38,"column":8},"end":{"line":43,"column":null}},{"start":{"line":44,"column":8},"end":{"line":44,"column":10}}]},"6":{"loc":{"start":{"line":130,"column":12},"end":{"line":130,"column":52}},"type":"cond-expr","locations":[{"start":{"line":130,"column":29},"end":{"line":130,"column":47}},{"start":{"line":130,"column":50},"end":{"line":130,"column":52}}]},"7":{"loc":{"start":{"line":131,"column":12},"end":{"line":137,"column":14}},"type":"cond-expr","locations":[{"start":{"line":132,"column":12},"end":{"line":136,"column":null}},{"start":{"line":137,"column":12},"end":{"line":137,"column":14}}]}},"s":{"0":8,"1":8,"2":2,"3":1,"4":1,"5":4,"6":3,"7":3,"8":1,"9":1,"10":3,"11":3,"12":3,"13":3,"14":2,"15":1,"16":1,"17":8},"f":{"0":2,"1":1,"2":1,"3":4,"4":3,"5":3,"6":1,"7":1,"8":3,"9":2,"10":1,"11":1},"b":{"0":[2,0],"1":[2,0],"2":[2,0],"3":[2,0],"4":[0,2],"5":[2,0],"6":[1,2],"7":[0,3]}}
,"C:\\xampp\\htdocs\\BellaApp\\backend\\src\\modules\\appointments\\appointments.routes.ts": {"path":"C:\\xampp\\htdocs\\BellaApp\\backend\\src\\modules\\appointments\\appointments.routes.ts","statementMap":{"0":{"start":{"line":16,"column":0},"end":{"line":16,"column":7}},"1":{"start":{"line":2,"column":0},"end":{"line":2,"column":62}},"2":{"start":{"line":3,"column":0},"end":{"line":3,"column":69}},"3":{"start":{"line":9,"column":0},"end":{"line":9,"column":null}},"4":{"start":{"line":14,"column":0},"end":{"line":14,"column":67}},"5":{"start":{"line":17,"column":2},"end":{"line":17,"column":41}},"6":{"start":{"line":19,"column":2},"end":{"line":25,"column":4}},"7":{"start":{"line":27,"column":2},"end":{"line":33,"column":4}},"8":{"start":{"line":35,"column":2},"end":{"line":41,"column":4}},"9":{"start":{"line":43,"column":2},"end":{"line":52,"column":4}},"10":{"start":{"line":54,"column":2},"end":{"line":60,"column":4}}},"fnMap":{"0":{"name":"appointmentsRoutes","decl":{"start":{"line":16,"column":22},"end":{"line":16,"column":40}},"loc":{"start":{"line":16,"column":61},"end":{"line":61,"column":1}}}},"branchMap":{},"s":{"0":9,"1":9,"2":9,"3":9,"4":9,"5":9,"6":9,"7":9,"8":9,"9":9,"10":9},"f":{"0":9},"b":{}}
,"C:\\xampp\\htdocs\\BellaApp\\backend\\src\\modules\\appointments\\appointments.schemas.ts": {"path":"C:\\xampp\\htdocs\\BellaApp\\backend\\src\\modules\\appointments\\appointments.schemas.ts","statementMap":{"0":{"start":{"line":1,"column":0},"end":{"line":1,"column":51}},"1":{"start":{"line":2,"column":0},"end":{"line":2,"column":24}},"2":{"start":{"line":3,"column":0},"end":{"line":3,"column":null}},"3":{"start":{"line":9,"column":13},"end":{"line":11,"column":3}},"4":{"start":{"line":10,"column":19},"end":{"line":10,"column":65}},"5":{"start":{"line":13,"column":13},"end":{"line":31,"column":12}},"6":{"start":{"line":18,"column":18},"end":{"line":18,"column":86}},"7":{"start":{"line":22,"column":18},"end":{"line":22,"column":86}},"8":{"start":{"line":33,"column":13},"end":{"line":33,"column":55}},"9":{"start":{"line":35,"column":13},"end":{"line":60,"column":12}},"10":{"start":{"line":39,"column":18},"end":{"line":39,"column":86}},"11":{"start":{"line":43,"column":18},"end":{"line":43,"column":86}},"12":{"start":{"line":47,"column":18},"end":{"line":47,"column":86}},"13":{"start":{"line":51,"column":18},"end":{"line":51,"column":86}},"14":{"start":{"line":55,"column":18},"end":{"line":55,"column":86}}},"fnMap":{"0":{"name":"(anonymous_0)","decl":{"start":{"line":10,"column":12},"end":{"line":10,"column":15}},"loc":{"start":{"line":10,"column":19},"end":{"line":10,"column":65}}},"1":{"name":"(anonymous_1)","decl":{"start":{"line":18,"column":6},"end":{"line":18,"column":7}},"loc":{"start":{"line":18,"column":18},"end":{"line":18,"column":86}}},"2":{"name":"(anonymous_2)","decl":{"start":{"line":22,"column":6},"end":{"line":22,"column":7}},"loc":{"start":{"line":22,"column":18},"end":{"line":22,"column":86}}},"3":{"name":"(anonymous_3)","decl":{"start":{"line":39,"column":6},"end":{"line":39,"column":7}},"loc":{"start":{"line":39,"column":18},"end":{"line":39,"column":86}}},"4":{"name":"(anonymous_4)","decl":{"start":{"line":43,"column":6},"end":{"line":43,"column":7}},"loc":{"start":{"line":43,"column":18},"end":{"line":43,"column":86}}},"5":{"name":"(anonymous_5)","decl":{"start":{"line":47,"column":6},"end":{"line":47,"column":7}},"loc":{"start":{"line":47,"column":18},"end":{"line":47,"column":86}}},"6":{"name":"(anonymous_6)","decl":{"start":{"line":51,"column":6},"end":{"line":51,"column":7}},"loc":{"start":{"line":51,"column":18},"end":{"line":51,"column":86}}},"7":{"name":"(anonymous_7)","decl":{"start":{"line":55,"column":6},"end":{"line":55,"column":7}},"loc":{"start":{"line":55,"column":18},"end":{"line":55,"column":86}}}},"branchMap":{"0":{"loc":{"start":{"line":18,"column":18},"end":{"line":18,"column":86}},"type":"cond-expr","locations":[{"start":{"line":18,"column":69},"end":{"line":18,"column":78}},{"start":{"line":18,"column":81},"end":{"line":18,"column":86}}]},"1":{"loc":{"start":{"line":18,"column":18},"end":{"line":18,"column":66}},"type":"binary-expr","locations":[{"start":{"line":18,"column":18},"end":{"line":18,"column":43}},{"start":{"line":18,"column":47},"end":{"line":18,"column":66}}]},"2":{"loc":{"start":{"line":22,"column":18},"end":{"line":22,"column":86}},"type":"cond-expr","locations":[{"start":{"line":22,"column":69},"end":{"line":22,"column":78}},{"start":{"line":22,"column":81},"end":{"line":22,"column":86}}]},"3":{"loc":{"start":{"line":22,"column":18},"end":{"line":22,"column":66}},"type":"binary-expr","locations":[{"start":{"line":22,"column":18},"end":{"line":22,"column":43}},{"start":{"line":22,"column":47},"end":{"line":22,"column":66}}]},"4":{"loc":{"start":{"line":39,"column":18},"end":{"line":39,"column":86}},"type":"cond-expr","locations":[{"start":{"line":39,"column":69},"end":{"line":39,"column":78}},{"start":{"line":39,"column":81},"end":{"line":39,"column":86}}]},"5":{"loc":{"start":{"line":39,"column":18},"end":{"line":39,"column":66}},"type":"binary-expr","locations":[{"start":{"line":39,"column":18},"end":{"line":39,"column":43}},{"start":{"line":39,"column":47},"end":{"line":39,"column":66}}]},"6":{"loc":{"start":{"line":43,"column":18},"end":{"line":43,"column":86}},"type":"cond-expr","locations":[{"start":{"line":43,"column":69},"end":{"line":43,"column":78}},{"start":{"line":43,"column":81},"end":{"line":43,"column":86}}]},"7":{"loc":{"start":{"line":43,"column":18},"end":{"line":43,"column":66}},"type":"binary-expr","locations":[{"start":{"line":43,"column":18},"end":{"line":43,"column":43}},{"start":{"line":43,"column":47},"end":{"line":43,"column":66}}]},"8":{"loc":{"start":{"line":47,"column":18},"end":{"line":47,"column":86}},"type":"cond-expr","locations":[{"start":{"line":47,"column":69},"end":{"line":47,"column":78}},{"start":{"line":47,"column":81},"end":{"line":47,"column":86}}]},"9":{"loc":{"start":{"line":47,"column":18},"end":{"line":47,"column":66}},"type":"binary-expr","locations":[{"start":{"line":47,"column":18},"end":{"line":47,"column":43}},{"start":{"line":47,"column":47},"end":{"line":47,"column":66}}]},"10":{"loc":{"start":{"line":51,"column":18},"end":{"line":51,"column":86}},"type":"cond-expr","locations":[{"start":{"line":51,"column":69},"end":{"line":51,"column":78}},{"start":{"line":51,"column":81},"end":{"line":51,"column":86}}]},"11":{"loc":{"start":{"line":51,"column":18},"end":{"line":51,"column":66}},"type":"binary-expr","locations":[{"start":{"line":51,"column":18},"end":{"line":51,"column":43}},{"start":{"line":51,"column":47},"end":{"line":51,"column":66}}]},"12":{"loc":{"start":{"line":55,"column":18},"end":{"line":55,"column":86}},"type":"cond-expr","locations":[{"start":{"line":55,"column":69},"end":{"line":55,"column":78}},{"start":{"line":55,"column":81},"end":{"line":55,"column":86}}]},"13":{"loc":{"start":{"line":55,"column":18},"end":{"line":55,"column":66}},"type":"binary-expr","locations":[{"start":{"line":55,"column":18},"end":{"line":55,"column":43}},{"start":{"line":55,"column":47},"end":{"line":55,"column":66}}]}},"s":{"0":9,"1":9,"2":9,"3":9,"4":0,"5":9,"6":7,"7":7,"8":9,"9":9,"10":1,"11":1,"12":1,"13":1,"14":1},"f":{"0":0,"1":7,"2":7,"3":1,"4":1,"5":1,"6":1,"7":1},"b":{"0":[0,7],"1":[7,2],"2":[0,7],"3":[7,1],"4":[0,1],"5":[1,1],"6":[0,1],"7":[1,1],"8":[0,1],"9":[1,1],"10":[0,1],"11":[1,1],"12":[0,1],"13":[1,0]}}
,"C:\\xampp\\htdocs\\BellaApp\\backend\\src\\modules\\appointments\\appointments.service.ts": {"path":"C:\\xampp\\htdocs\\BellaApp\\backend\\src\\modules\\appointments\\appointments.service.ts","statementMap":{"0":{"start":{"line":2,"column":0},"end":{"line":2,"column":57}},"1":{"start":{"line":3,"column":0},"end":{"line":3,"column":82}},"2":{"start":{"line":4,"column":0},"end":{"line":4,"column":68}},"3":{"start":{"line":13,"column":0},"end":{"line":13,"column":108}},"4":{"start":{"line":56,"column":22},"end":{"line":56,"column":43}},"5":{"start":{"line":57,"column":20},"end":{"line":57,"column":55}},"6":{"start":{"line":59,"column":8},"end":{"line":63,"column":11}},"7":{"start":{"line":60,"column":35},"end":{"line":60,"column":68}},"8":{"start":{"line":61,"column":33},"end":{"line":61,"column":97}},"9":{"start":{"line":62,"column":12},"end":{"line":62,"column":64}},"10":{"start":{"line":67,"column":8},"end":{"line":69,"column":9}},"11":{"start":{"line":68,"column":12},"end":{"line":68,"column":106}},"12":{"start":{"line":73,"column":54},"end":{"line":80,"column":10}},"13":{"start":{"line":82,"column":8},"end":{"line":90,"column":9}},"14":{"start":{"line":83,"column":12},"end":{"line":89,"column":14}},"15":{"start":{"line":92,"column":8},"end":{"line":92,"column":27}},"16":{"start":{"line":96,"column":8},"end":{"line":105,"column":10}},"17":{"start":{"line":109,"column":8},"end":{"line":114,"column":10}},"18":{"start":{"line":118,"column":8},"end":{"line":127,"column":10}},"19":{"start":{"line":131,"column":50},"end":{"line":137,"column":10}},"20":{"start":{"line":139,"column":8},"end":{"line":139,"column":87}},"21":{"start":{"line":139,"column":36},"end":{"line":139,"column":87}},"22":{"start":{"line":140,"column":8},"end":{"line":140,"column":63}},"23":{"start":{"line":140,"column":28},"end":{"line":140,"column":63}},"24":{"start":{"line":142,"column":8},"end":{"line":142,"column":26}},"25":{"start":{"line":146,"column":28},"end":{"line":146,"column":77}},"26":{"start":{"line":147,"column":8},"end":{"line":147,"column":103}},"27":{"start":{"line":147,"column":26},"end":{"line":147,"column":103}},"28":{"start":{"line":148,"column":8},"end":{"line":148,"column":27}},"29":{"start":{"line":152,"column":8},"end":{"line":156,"column":10}},"30":{"start":{"line":164,"column":8},"end":{"line":170,"column":10}},"31":{"start":{"line":174,"column":62},"end":{"line":174,"column":67}},"32":{"start":{"line":175,"column":28},"end":{"line":175,"column":84}},"33":{"start":{"line":177,"column":35},"end":{"line":182,"column":10}},"34":{"start":{"line":184,"column":8},"end":{"line":186,"column":9}},"35":{"start":{"line":185,"column":12},"end":{"line":185,"column":96}},"36":{"start":{"line":194,"column":8},"end":{"line":194,"column":89}},"37":{"start":{"line":203,"column":8},"end":{"line":203,"column":57}},"38":{"start":{"line":204,"column":8},"end":{"line":214,"column":11}},"39":{"start":{"line":218,"column":24},"end":{"line":218,"column":48}},"40":{"start":{"line":219,"column":38},"end":{"line":222,"column":10}},"41":{"start":{"line":224,"column":8},"end":{"line":227,"column":10}},"42":{"start":{"line":231,"column":32},"end":{"line":231,"column":67}},"43":{"start":{"line":232,"column":8},"end":{"line":232,"column":59}},"44":{"start":{"line":234,"column":8},"end":{"line":243,"column":11}},"45":{"start":{"line":245,"column":28},"end":{"line":245,"column":80}},"46":{"start":{"line":246,"column":8},"end":{"line":246,"column":50}},"47":{"start":{"line":250,"column":8},"end":{"line":250,"column":83}},"48":{"start":{"line":254,"column":35},"end":{"line":254,"column":79}},"49":{"start":{"line":255,"column":30},"end":{"line":255,"column":80}},"50":{"start":{"line":257,"column":8},"end":{"line":259,"column":9}},"51":{"start":{"line":258,"column":12},"end":{"line":258,"column":80}},"52":{"start":{"line":261,"column":35},"end":{"line":261,"column":118}},"53":{"start":{"line":262,"column":8},"end":{"line":262,"column":57}},"54":{"start":{"line":266,"column":8},"end":{"line":266,"column":53}},"55":{"start":{"line":267,"column":8},"end":{"line":267,"column":48}},"56":{"start":{"line":271,"column":13},"end":{"line":271,"column":61}}},"fnMap":{"0":{"name":"(anonymous_0)","decl":{"start":{"line":41,"column":12},"end":{"line":41,"column":27}},"loc":{"start":{"line":54,"column":9},"end":{"line":64,"column":5}}},"1":{"name":"(anonymous_1)","decl":{"start":{"line":59,"column":33},"end":{"line":59,"column":34}},"loc":{"start":{"line":59,"column":49},"end":{"line":63,"column":9}}},"2":{"name":"(anonymous_2)","decl":{"start":{"line":66,"column":12},"end":{"line":66,"column":28}},"loc":{"start":{"line":66,"column":39},"end":{"line":70,"column":5}}},"3":{"name":"(anonymous_3)","decl":{"start":{"line":72,"column":12},"end":{"line":72,"column":17}},"loc":{"start":{"line":72,"column":93},"end":{"line":93,"column":5}}},"4":{"name":"(anonymous_4)","decl":{"start":{"line":95,"column":12},"end":{"line":95,"column":24}},"loc":{"start":{"line":95,"column":52},"end":{"line":106,"column":5}}},"5":{"name":"(anonymous_5)","decl":{"start":{"line":108,"column":12},"end":{"line":108,"column":28}},"loc":{"start":{"line":108,"column":94},"end":{"line":115,"column":5}}},"6":{"name":"(anonymous_6)","decl":{"start":{"line":117,"column":12},"end":{"line":117,"column":27}},"loc":{"start":{"line":117,"column":72},"end":{"line":128,"column":5}}},"7":{"name":"(anonymous_7)","decl":{"start":{"line":130,"column":12},"end":{"line":130,"column":27}},"loc":{"start":{"line":130,"column":91},"end":{"line":143,"column":5}}},"8":{"name":"(anonymous_8)","decl":{"start":{"line":145,"column":12},"end":{"line":145,"column":17}},"loc":{"start":{"line":145,"column":66},"end":{"line":149,"column":5}}},"9":{"name":"(anonymous_9)","decl":{"start":{"line":151,"column":12},"end":{"line":151,"column":30}},"loc":{"start":{"line":151,"column":98},"end":{"line":157,"column":5}}},"10":{"name":"(anonymous_10)","decl":{"start":{"line":159,"column":12},"end":{"line":159,"column":37}},"loc":{"start":{"line":162,"column":41},"end":{"line":171,"column":5}}},"11":{"name":"(anonymous_11)","decl":{"start":{"line":173,"column":12},"end":{"line":173,"column":17}},"loc":{"start":{"line":173,"column":66},"end":{"line":187,"column":5}}},"12":{"name":"(anonymous_12)","decl":{"start":{"line":189,"column":12},"end":{"line":189,"column":40}},"loc":{"start":{"line":192,"column":47},"end":{"line":195,"column":5}}},"13":{"name":"(anonymous_13)","decl":{"start":{"line":197,"column":12},"end":{"line":197,"column":17}},"loc":{"start":{"line":201,"column":47},"end":{"line":215,"column":5}}},"14":{"name":"(anonymous_14)","decl":{"start":{"line":217,"column":4},"end":{"line":217,"column":9}},"loc":{"start":{"line":217,"column":58},"end":{"line":228,"column":5}}},"15":{"name":"(anonymous_15)","decl":{"start":{"line":230,"column":4},"end":{"line":230,"column":9}},"loc":{"start":{"line":230,"column":61},"end":{"line":247,"column":5}}},"16":{"name":"(anonymous_16)","decl":{"start":{"line":249,"column":4},"end":{"line":249,"column":9}},"loc":{"start":{"line":249,"column":44},"end":{"line":251,"column":5}}},"17":{"name":"(anonymous_17)","decl":{"start":{"line":253,"column":4},"end":{"line":253,"column":9}},"loc":{"start":{"line":253,"column":73},"end":{"line":263,"column":5}}},"18":{"name":"(anonymous_18)","decl":{"start":{"line":265,"column":4},"end":{"line":265,"column":9}},"loc":{"start":{"line":265,"column":43},"end":{"line":268,"column":5}}}},"branchMap":{"0":{"loc":{"start":{"line":62,"column":19},"end":{"line":62,"column":63}},"type":"binary-expr","locations":[{"start":{"line":62,"column":19},"end":{"line":62,"column":39}},{"start":{"line":62,"column":43},"end":{"line":62,"column":63}}]},"1":{"loc":{"start":{"line":67,"column":8},"end":{"line":69,"column":9}},"type":"if","locations":[{"start":{"line":67,"column":8},"end":{"line":69,"column":9}}]},"2":{"loc":{"start":{"line":67,"column":12},"end":{"line":67,"column":71}},"type":"binary-expr","locations":[{"start":{"line":67,"column":12},"end":{"line":67,"column":40}},{"start":{"line":67,"column":44},"end":{"line":67,"column":71}}]},"3":{"loc":{"start":{"line":76,"column":12},"end":{"line":78,"column":39}},"type":"cond-expr","locations":[{"start":{"line":77,"column":18},"end":{"line":77,"column":91}},{"start":{"line":78,"column":18},"end":{"line":78,"column":39}}]},"4":{"loc":{"start":{"line":79,"column":12},"end":{"line":79,"column":108}},"type":"cond-expr","locations":[{"start":{"line":79,"column":27},"end":{"line":79,"column":84}},{"start":{"line":79,"column":87},"end":{"line":79,"column":108}}]},"5":{"loc":{"start":{"line":82,"column":8},"end":{"line":90,"column":9}},"type":"if","locations":[{"start":{"line":82,"column":8},"end":{"line":90,"column":9}}]},"6":{"loc":{"start":{"line":82,"column":12},"end":{"line":82,"column":101}},"type":"binary-expr","locations":[{"start":{"line":82,"column":12},"end":{"line":82,"column":19}},{"start":{"line":82,"column":23},"end":{"line":82,"column":31}},{"start":{"line":82,"column":36},"end":{"line":82,"column":56}},{"start":{"line":82,"column":60},"end":{"line":82,"column":73}},{"start":{"line":82,"column":79},"end":{"line":82,"column":91}},{"start":{"line":82,"column":95},"end":{"line":82,"column":100}}]},"7":{"loc":{"start":{"line":86,"column":16},"end":{"line":88,"column":58}},"type":"cond-expr","locations":[{"start":{"line":87,"column":22},"end":{"line":87,"column":78}},{"start":{"line":88,"column":22},"end":{"line":88,"column":58}}]},"8":{"loc":{"start":{"line":86,"column":16},"end":{"line":86,"column":52}},"type":"binary-expr","locations":[{"start":{"line":86,"column":16},"end":{"line":86,"column":36}},{"start":{"line":86,"column":40},"end":{"line":86,"column":52}}]},"9":{"loc":{"start":{"line":99,"column":16},"end":{"line":99,"column":81}},"type":"cond-expr","locations":[{"start":{"line":99,"column":31},"end":{"line":99,"column":76}},{"start":{"line":99,"column":79},"end":{"line":99,"column":81}}]},"10":{"loc":{"start":{"line":100,"column":16},"end":{"line":100,"column":54}},"type":"cond-expr","locations":[{"start":{"line":100,"column":29},"end":{"line":100,"column":49}},{"start":{"line":100,"column":52},"end":{"line":100,"column":54}}]},"11":{"loc":{"start":{"line":101,"column":16},"end":{"line":101,"column":66}},"type":"cond-expr","locations":[{"start":{"line":101,"column":33},"end":{"line":101,"column":61}},{"start":{"line":101,"column":64},"end":{"line":101,"column":66}}]},"12":{"loc":{"start":{"line":102,"column":16},"end":{"line":102,"column":69}},"type":"cond-expr","locations":[{"start":{"line":102,"column":34},"end":{"line":102,"column":64}},{"start":{"line":102,"column":67},"end":{"line":102,"column":69}}]},"13":{"loc":{"start":{"line":103,"column":16},"end":{"line":103,"column":84}},"type":"cond-expr","locations":[{"start":{"line":103,"column":39},"end":{"line":103,"column":79}},{"start":{"line":103,"column":82},"end":{"line":103,"column":84}}]},"14":{"loc":{"start":{"line":104,"column":16},"end":{"line":104,"column":60}},"type":"cond-expr","locations":[{"start":{"line":104,"column":31},"end":{"line":104,"column":55}},{"start":{"line":104,"column":58},"end":{"line":104,"column":60}}]},"15":{"loc":{"start":{"line":112,"column":16},"end":{"line":112,"column":84}},"type":"cond-expr","locations":[{"start":{"line":112,"column":39},"end":{"line":112,"column":79}},{"start":{"line":112,"column":82},"end":{"line":112,"column":84}}]},"16":{"loc":{"start":{"line":113,"column":16},"end":{"line":113,"column":60}},"type":"cond-expr","locations":[{"start":{"line":113,"column":31},"end":{"line":113,"column":55}},{"start":{"line":113,"column":58},"end":{"line":113,"column":60}}]},"17":{"loc":{"start":{"line":122,"column":16},"end":{"line":122,"column":84}},"type":"cond-expr","locations":[{"start":{"line":122,"column":39},"end":{"line":122,"column":79}},{"start":{"line":122,"column":82},"end":{"line":122,"column":84}}]},"18":{"loc":{"start":{"line":123,"column":16},"end":{"line":123,"column":60}},"type":"cond-expr","locations":[{"start":{"line":123,"column":31},"end":{"line":123,"column":55}},{"start":{"line":123,"column":58},"end":{"line":123,"column":60}}]},"19":{"loc":{"start":{"line":126,"column":16},"end":{"line":126,"column":57}},"type":"cond-expr","locations":[{"start":{"line":126,"column":30},"end":{"line":126,"column":52}},{"start":{"line":126,"column":55},"end":{"line":126,"column":57}}]},"20":{"loc":{"start":{"line":136,"column":16},"end":{"line":136,"column":57}},"type":"cond-expr","locations":[{"start":{"line":136,"column":30},"end":{"line":136,"column":52}},{"start":{"line":136,"column":55},"end":{"line":136,"column":57}}]},"21":{"loc":{"start":{"line":139,"column":8},"end":{"line":139,"column":87}},"type":"if","locations":[{"start":{"line":139,"column":8},"end":{"line":139,"column":87}}]},"22":{"loc":{"start":{"line":140,"column":8},"end":{"line":140,"column":63}},"type":"if","locations":[{"start":{"line":140,"column":8},"end":{"line":140,"column":63}}]},"23":{"loc":{"start":{"line":147,"column":8},"end":{"line":147,"column":103}},"type":"if","locations":[{"start":{"line":147,"column":8},"end":{"line":147,"column":103}}]},"24":{"loc":{"start":{"line":154,"column":28},"end":{"line":154,"column":93}},"type":"binary-expr","locations":[{"start":{"line":154,"column":28},"end":{"line":154,"column":48}},{"start":{"line":154,"column":52},"end":{"line":154,"column":85}},{"start":{"line":154,"column":89},"end":{"line":154,"column":93}}]},"25":{"loc":{"start":{"line":155,"column":20},"end":{"line":155,"column":69}},"type":"binary-expr","locations":[{"start":{"line":155,"column":20},"end":{"line":155,"column":32}},{"start":{"line":155,"column":36},"end":{"line":155,"column":61}},{"start":{"line":155,"column":65},"end":{"line":155,"column":69}}]},"26":{"loc":{"start":{"line":165,"column":12},"end":{"line":169,"column":66}},"type":"binary-expr","locations":[{"start":{"line":165,"column":12},"end":{"line":165,"column":86}},{"start":{"line":166,"column":12},"end":{"line":166,"column":58}},{"start":{"line":167,"column":12},"end":{"line":167,"column":60}},{"start":{"line":168,"column":12},"end":{"line":168,"column":82}},{"start":{"line":169,"column":12},"end":{"line":169,"column":66}}]},"27":{"loc":{"start":{"line":168,"column":40},"end":{"line":168,"column":81}},"type":"binary-expr","locations":[{"start":{"line":168,"column":40},"end":{"line":168,"column":73}},{"start":{"line":168,"column":77},"end":{"line":168,"column":81}}]},"28":{"loc":{"start":{"line":169,"column":32},"end":{"line":169,"column":65}},"type":"binary-expr","locations":[{"start":{"line":169,"column":32},"end":{"line":169,"column":57}},{"start":{"line":169,"column":61},"end":{"line":169,"column":65}}]},"29":{"loc":{"start":{"line":180,"column":16},"end":{"line":180,"column":46}},"type":"cond-expr","locations":[{"start":{"line":180,"column":28},"end":{"line":180,"column":41}},{"start":{"line":180,"column":44},"end":{"line":180,"column":46}}]},"30":{"loc":{"start":{"line":181,"column":16},"end":{"line":181,"column":92}},"type":"cond-expr","locations":[{"start":{"line":181,"column":43},"end":{"line":181,"column":87}},{"start":{"line":181,"column":90},"end":{"line":181,"column":92}}]},"31":{"loc":{"start":{"line":184,"column":8},"end":{"line":186,"column":9}},"type":"if","locations":[{"start":{"line":184,"column":8},"end":{"line":186,"column":9}}]},"32":{"loc":{"start":{"line":240,"column":32},"end":{"line":240,"column":70}},"type":"binary-expr","locations":[{"start":{"line":240,"column":32},"end":{"line":240,"column":62}},{"start":{"line":240,"column":66},"end":{"line":240,"column":70}}]},"33":{"loc":{"start":{"line":241,"column":24},"end":{"line":241,"column":54}},"type":"binary-expr","locations":[{"start":{"line":241,"column":24},"end":{"line":241,"column":46}},{"start":{"line":241,"column":50},"end":{"line":241,"column":54}}]},"34":{"loc":{"start":{"line":257,"column":8},"end":{"line":259,"column":9}},"type":"if","locations":[{"start":{"line":257,"column":8},"end":{"line":259,"column":9}}]}},"s":{"0":9,"1":9,"2":9,"3":9,"4":4,"5":4,"6":4,"7":2,"8":2,"9":2,"10":6,"11":2,"12":4,"13":4,"14":0,"15":4,"16":1,"17":4,"18":6,"19":2,"20":2,"21":2,"22":2,"23":2,"24":2,"25":5,"26":5,"27":1,"28":4,"29":2,"30":2,"31":4,"32":4,"33":4,"34":4,"35":2,"36":2,"37":0,"38":0,"39":1,"40":1,"41":1,"42":6,"43":6,"44":4,"45":2,"46":2,"47":2,"48":2,"49":2,"50":2,"51":0,"52":2,"53":2,"54":1,"55":1,"56":9},"f":{"0":4,"1":2,"2":6,"3":4,"4":1,"5":4,"6":6,"7":2,"8":5,"9":2,"10":2,"11":4,"12":2,"13":0,"14":1,"15":6,"16":2,"17":2,"18":1},"b":{"0":[2,2],"1":[2],"2":[6,6],"3":[2,2],"4":[1,3],"5":[0],"6":[4,4,4,2,4,1],"7":[0,0],"8":[0,0],"9":[1,0],"10":[1,0],"11":[1,0],"12":[1,0],"13":[1,0],"14":[0,1],"15":[2,2],"16":[1,3],"17":[2,4],"18":[1,5],"19":[1,5],"20":[2,0],"21":[2],"22":[2],"23":[1],"24":[2,1,0],"25":[2,2,0],"26":[2,2,2,2,2],"27":[2,0],"28":[2,0],"29":[0,4],"30":[2,2],"31":[2],"32":[4,2],"33":[4,3],"34":[0]}}
,"C:\\xampp\\htdocs\\BellaApp\\backend\\src\\modules\\auth\\auth.controller.ts": {"path":"C:\\xampp\\htdocs\\BellaApp\\backend\\src\\modules\\auth\\auth.controller.ts","statementMap":{"0":{"start":{"line":3,"column":0},"end":{"line":3,"column":45}},"1":{"start":{"line":5,"column":13},"end":{"line":42,"column":2}},"2":{"start":{"line":10,"column":19},"end":{"line":10,"column":59}},"3":{"start":{"line":11,"column":4},"end":{"line":11,"column":52}},"4":{"start":{"line":18,"column":19},"end":{"line":18,"column":56}},"5":{"start":{"line":19,"column":4},"end":{"line":19,"column":52}},"6":{"start":{"line":26,"column":29},"end":{"line":26,"column":41}},"7":{"start":{"line":28,"column":4},"end":{"line":28,"column":43}},"8":{"start":{"line":30,"column":4},"end":{"line":32,"column":7}},"9":{"start":{"line":39,"column":19},"end":{"line":39,"column":58}},"10":{"start":{"line":40,"column":4},"end":{"line":40,"column":52}}},"fnMap":{"0":{"name":"(anonymous_0)","decl":{"start":{"line":6,"column":2},"end":{"line":6,"column":7}},"loc":{"start":{"line":8,"column":23},"end":{"line":12,"column":3}}},"1":{"name":"(anonymous_1)","decl":{"start":{"line":14,"column":2},"end":{"line":14,"column":7}},"loc":{"start":{"line":16,"column":23},"end":{"line":20,"column":3}}},"2":{"name":"(anonymous_2)","decl":{"start":{"line":22,"column":2},"end":{"line":22,"column":7}},"loc":{"start":{"line":24,"column":23},"end":{"line":33,"column":3}}},"3":{"name":"(anonymous_3)","decl":{"start":{"line":35,"column":2},"end":{"line":35,"column":7}},"loc":{"start":{"line":37,"column":23},"end":{"line":41,"column":3}}}},"branchMap":{},"s":{"0":9,"1":9,"2":28,"3":27,"4":26,"5":24,"6":2,"7":2,"8":2,"9":4,"10":2},"f":{"0":28,"1":26,"2":2,"3":4},"b":{}}
,"C:\\xampp\\htdocs\\BellaApp\\backend\\src\\modules\\auth\\auth.repository.ts": {"path":"C:\\xampp\\htdocs\\BellaApp\\backend\\src\\modules\\auth\\auth.repository.ts","statementMap":{"0":{"start":{"line":2,"column":0},"end":{"line":2,"column":42}},"1":{"start":{"line":4,"column":32},"end":{"line":6,"column":31}},"2":{"start":{"line":10,"column":4},"end":{"line":13,"column":7}},"3":{"start":{"line":17,"column":4},"end":{"line":20,"column":7}},"4":{"start":{"line":24,"column":4},"end":{"line":26,"column":7}},"5":{"start":{"line":30,"column":4},"end":{"line":32,"column":7}},"6":{"start":{"line":36,"column":4},"end":{"line":46,"column":7}},"7":{"start":{"line":55,"column":4},"end":{"line":62,"column":7}},"8":{"start":{"line":71,"column":4},"end":{"line":84,"column":7}},"9":{"start":{"line":72,"column":6},"end":{"line":74,"column":9}},"10":{"start":{"line":76,"column":6},"end":{"line":83,"column":9}},"11":{"start":{"line":99,"column":4},"end":{"line":118,"column":7}},"12":{"start":{"line":100,"column":19},"end":{"line":102,"column":8}},"13":{"start":{"line":104,"column":6},"end":{"line":112,"column":7}},"14":{"start":{"line":105,"column":8},"end":{"line":111,"column":11}},"15":{"start":{"line":114,"column":6},"end":{"line":117,"column":9}},"16":{"start":{"line":122,"column":13},"end":{"line":122,"column":51}}},"fnMap":{"0":{"name":"(anonymous_0)","decl":{"start":{"line":9,"column":2},"end":{"line":9,"column":17}},"loc":{"start":{"line":9,"column":31},"end":{"line":14,"column":3}}},"1":{"name":"(anonymous_1)","decl":{"start":{"line":16,"column":2},"end":{"line":16,"column":15}},"loc":{"start":{"line":16,"column":27},"end":{"line":21,"column":3}}},"2":{"name":"(anonymous_2)","decl":{"start":{"line":23,"column":2},"end":{"line":23,"column":27}},"loc":{"start":{"line":23,"column":40},"end":{"line":27,"column":3}}},"3":{"name":"(anonymous_3)","decl":{"start":{"line":29,"column":2},"end":{"line":29,"column":22}},"loc":{"start":{"line":29,"column":40},"end":{"line":33,"column":3}}},"4":{"name":"(anonymous_4)","decl":{"start":{"line":35,"column":2},"end":{"line":35,"column":20}},"loc":{"start":{"line":35,"column":57},"end":{"line":47,"column":3}}},"5":{"name":"(anonymous_5)","decl":{"start":{"line":49,"column":2},"end":{"line":49,"column":22}},"loc":{"start":{"line":54,"column":3},"end":{"line":63,"column":3}}},"6":{"name":"(anonymous_6)","decl":{"start":{"line":65,"column":2},"end":{"line":65,"column":22}},"loc":{"start":{"line":70,"column":3},"end":{"line":85,"column":3}}},"7":{"name":"(anonymous_7)","decl":{"start":{"line":71,"column":31},"end":{"line":71,"column":36}},"loc":{"start":{"line":71,"column":79},"end":{"line":84,"column":5}}},"8":{"name":"(anonymous_8)","decl":{"start":{"line":87,"column":2},"end":{"line":87,"column":31}},"loc":{"start":{"line":98,"column":3},"end":{"line":119,"column":3}}},"9":{"name":"(anonymous_9)","decl":{"start":{"line":99,"column":31},"end":{"line":99,"column":36}},"loc":{"start":{"line":99,"column":79},"end":{"line":118,"column":5}}}},"branchMap":{"0":{"loc":{"start":{"line":104,"column":6},"end":{"line":112,"column":7}},"type":"if","locations":[{"start":{"line":104,"column":6},"end":{"line":112,"column":7}}]}},"s":{"0":8,"1":8,"2":51,"3":27,"4":0,"5":1,"6":4,"7":23,"8":1,"9":1,"10":1,"11":26,"12":26,"13":26,"14":0,"15":26,"16":8},"f":{"0":51,"1":27,"2":0,"3":1,"4":4,"5":23,"6":1,"7":1,"8":26,"9":26},"b":{"0":[0]}}
,"C:\\xampp\\htdocs\\BellaApp\\backend\\src\\modules\\auth\\auth.routes.ts": {"path":"C:\\xampp\\htdocs\\BellaApp\\backend\\src\\modules\\auth\\auth.routes.ts","statementMap":{"0":{"start":{"line":7,"column":0},"end":{"line":7,"column":7}},"1":{"start":{"line":2,"column":0},"end":{"line":2,"column":69}},"2":{"start":{"line":4,"column":0},"end":{"line":4,"column":51}},"3":{"start":{"line":5,"column":0},"end":{"line":5,"column":111}},"4":{"start":{"line":8,"column":2},"end":{"line":14,"column":4}},"5":{"start":{"line":16,"column":2},"end":{"line":22,"column":4}},"6":{"start":{"line":24,"column":2},"end":{"line":32,"column":4}},"7":{"start":{"line":34,"column":2},"end":{"line":42,"column":4}}},"fnMap":{"0":{"name":"authRoutes","decl":{"start":{"line":7,"column":22},"end":{"line":7,"column":32}},"loc":{"start":{"line":7,"column":53},"end":{"line":43,"column":1}}}},"branchMap":{},"s":{"0":9,"1":9,"2":9,"3":9,"4":9,"5":9,"6":9,"7":9},"f":{"0":9},"b":{}}
,"C:\\xampp\\htdocs\\BellaApp\\backend\\src\\modules\\auth\\auth.schemas.ts": {"path":"C:\\xampp\\htdocs\\BellaApp\\backend\\src\\modules\\auth\\auth.schemas.ts","statementMap":{"0":{"start":{"line":1,"column":0},"end":{"line":1,"column":24}},"1":{"start":{"line":2,"column":0},"end":{"line":2,"column":null}},"2":{"start":{"line":11,"column":32},"end":{"line":13,"column":null}},"3":{"start":{"line":12,"column":14},"end":{"line":12,"column":82}},"4":{"start":{"line":16,"column":13},"end":{"line":34,"column":5}},"5":{"start":{"line":27,"column":4},"end":{"line":33,"column":5}},"6":{"start":{"line":28,"column":6},"end":{"line":32,"column":9}},"7":{"start":{"line":36,"column":13},"end":{"line":41,"column":12}},"8":{"start":{"line":43,"column":13},"end":{"line":47,"column":12}},"9":{"start":{"line":49,"column":13},"end":{"line":53,"column":12}}},"fnMap":{"0":{"name":"(anonymous_0)","decl":{"start":{"line":12,"column":2},"end":{"line":12,"column":3}},"loc":{"start":{"line":12,"column":14},"end":{"line":12,"column":82}}},"1":{"name":"(anonymous_1)","decl":{"start":{"line":26,"column":15},"end":{"line":26,"column":16}},"loc":{"start":{"line":26,"column":29},"end":{"line":34,"column":3}}}},"branchMap":{"0":{"loc":{"start":{"line":12,"column":14},"end":{"line":12,"column":82}},"type":"cond-expr","locations":[{"start":{"line":12,"column":65},"end":{"line":12,"column":74}},{"start":{"line":12,"column":77},"end":{"line":12,"column":82}}]},"1":{"loc":{"start":{"line":12,"column":14},"end":{"line":12,"column":62}},"type":"binary-expr","locations":[{"start":{"line":12,"column":14},"end":{"line":12,"column":39}},{"start":{"line":12,"column":43},"end":{"line":12,"column":62}}]},"2":{"loc":{"start":{"line":27,"column":4},"end":{"line":33,"column":5}},"type":"if","locations":[{"start":{"line":27,"column":4},"end":{"line":33,"column":5}}]},"3":{"loc":{"start":{"line":27,"column":8},"end":{"line":27,"column":39}},"type":"binary-expr","locations":[{"start":{"line":27,"column":8},"end":{"line":27,"column":17}},{"start":{"line":27,"column":21},"end":{"line":27,"column":39}}]}},"s":{"0":9,"1":9,"2":9,"3":32,"4":9,"5":30,"6":0,"7":9,"8":9,"9":9},"f":{"0":32,"1":30},"b":{"0":[0,32],"1":[32,0],"2":[0],"3":[30,0]}}
,"C:\\xampp\\htdocs\\BellaApp\\backend\\src\\modules\\auth\\auth.service.ts": {"path":"C:\\xampp\\htdocs\\BellaApp\\backend\\src\\modules\\auth\\auth.service.ts","statementMap":{"0":{"start":{"line":1,"column":0},"end":{"line":1,"column":41}},"1":{"start":{"line":2,"column":0},"end":{"line":2,"column":28}},"2":{"start":{"line":3,"column":0},"end":{"line":3,"column":49}},"3":{"start":{"line":4,"column":0},"end":{"line":4,"column":39}},"4":{"start":{"line":5,"column":0},"end":{"line":5,"column":null}},"5":{"start":{"line":13,"column":0},"end":{"line":13,"column":57}},"6":{"start":{"line":14,"column":0},"end":{"line":14,"column":68}},"7":{"start":{"line":15,"column":0},"end":{"line":15,"column":70}},"8":{"start":{"line":24,"column":0},"end":{"line":24,"column":51}},"9":{"start":{"line":30,"column":2},"end":{"line":30,"column":61}},"10":{"start":{"line":35,"column":53},"end":{"line":39,"column":6}},"11":{"start":{"line":41,"column":4},"end":{"line":41,"column":93}},"12":{"start":{"line":41,"column":21},"end":{"line":41,"column":93}},"13":{"start":{"line":42,"column":4},"end":{"line":42,"column":87}},"14":{"start":{"line":42,"column":19},"end":{"line":42,"column":87}},"15":{"start":{"line":43,"column":4},"end":{"line":43,"column":94}},"16":{"start":{"line":43,"column":24},"end":{"line":43,"column":94}},"17":{"start":{"line":52,"column":47},"end":{"line":52,"column":51}},"18":{"start":{"line":54,"column":4},"end":{"line":69,"column":6}},"19":{"start":{"line":73,"column":17},"end":{"line":73,"column":66}},"20":{"start":{"line":75,"column":4},"end":{"line":77,"column":5}},"21":{"start":{"line":76,"column":6},"end":{"line":76,"column":79}},"22":{"start":{"line":79,"column":28},"end":{"line":79,"column":83}},"23":{"start":{"line":81,"column":4},"end":{"line":83,"column":5}},"24":{"start":{"line":82,"column":6},"end":{"line":82,"column":79}},"25":{"start":{"line":85,"column":4},"end":{"line":85,"column":16}},"26":{"start":{"line":89,"column":22},"end":{"line":89,"column":34}},"27":{"start":{"line":90,"column":25},"end":{"line":90,"column":60}},"28":{"start":{"line":92,"column":4},"end":{"line":97,"column":7}},"29":{"start":{"line":99,"column":4},"end":{"line":99,"column":39}},"30":{"start":{"line":103,"column":4},"end":{"line":114,"column":5}},"31":{"start":{"line":104,"column":6},"end":{"line":104,"column":46}},"32":{"start":{"line":106,"column":27},"end":{"line":106,"column":56}},"33":{"start":{"line":108,"column":6},"end":{"line":111,"column":7}},"34":{"start":{"line":109,"column":8},"end":{"line":109,"column":74}},"35":{"start":{"line":110,"column":8},"end":{"line":110,"column":66}},"36":{"start":{"line":113,"column":6},"end":{"line":113,"column":39}},"37":{"start":{"line":122,"column":31},"end":{"line":122,"column":106}},"38":{"start":{"line":124,"column":4},"end":{"line":126,"column":5}},"39":{"start":{"line":125,"column":6},"end":{"line":125,"column":39}},"40":{"start":{"line":128,"column":4},"end":{"line":131,"column":5}},"41":{"start":{"line":129,"column":6},"end":{"line":129,"column":59}},"42":{"start":{"line":130,"column":6},"end":{"line":130,"column":64}},"43":{"start":{"line":133,"column":4},"end":{"line":133,"column":30}},"44":{"start":{"line":137,"column":16},"end":{"line":137,"column":49}},"45":{"start":{"line":138,"column":17},"end":{"line":138,"column":76}},"46":{"start":{"line":139,"column":4},"end":{"line":139,"column":66}},"47":{"start":{"line":140,"column":25},"end":{"line":140,"column":62}},"48":{"start":{"line":141,"column":24},"end":{"line":147,"column":null}},"49":{"start":{"line":150,"column":4},"end":{"line":150,"column":39}},"50":{"start":{"line":154,"column":17},"end":{"line":154,"column":55}},"51":{"start":{"line":155,"column":40},"end":{"line":155,"column":73}},"52":{"start":{"line":157,"column":4},"end":{"line":163,"column":6}},"53":{"start":{"line":167,"column":4},"end":{"line":167,"column":30}},"54":{"start":{"line":167,"column":23},"end":{"line":167,"column":30}},"55":{"start":{"line":169,"column":25},"end":{"line":169,"column":54}},"56":{"start":{"line":171,"column":4},"end":{"line":173,"column":5}},"57":{"start":{"line":172,"column":6},"end":{"line":172,"column":13}},"58":{"start":{"line":175,"column":28},"end":{"line":175,"column":116}},"59":{"start":{"line":177,"column":4},"end":{"line":179,"column":5}},"60":{"start":{"line":178,"column":6},"end":{"line":178,"column":13}},"61":{"start":{"line":181,"column":4},"end":{"line":181,"column":70}},"62":{"start":{"line":185,"column":27},"end":{"line":185,"column":79}},"63":{"start":{"line":186,"column":31},"end":{"line":189,"column":null}},"64":{"start":{"line":192,"column":26},"end":{"line":192,"column":38}},"65":{"start":{"line":193,"column":29},"end":{"line":193,"column":87}},"66":{"start":{"line":195,"column":4},"end":{"line":200,"column":7}},"67":{"start":{"line":202,"column":4},"end":{"line":208,"column":6}},"68":{"start":{"line":212,"column":13},"end":{"line":212,"column":45}}},"fnMap":{"0":{"name":"invalidRefreshTokenError","decl":{"start":{"line":29,"column":9},"end":{"line":29,"column":33}},"loc":{"start":{"line":29,"column":69},"end":{"line":31,"column":1}}},"1":{"name":"(anonymous_2)","decl":{"start":{"line":34,"column":10},"end":{"line":34,"column":15}},"loc":{"start":{"line":34,"column":84},"end":{"line":44,"column":3}}},"2":{"name":"(anonymous_3)","decl":{"start":{"line":46,"column":10},"end":{"line":46,"column":30}},"loc":{"start":{"line":51,"column":3},"end":{"line":70,"column":3}}},"3":{"name":"(anonymous_4)","decl":{"start":{"line":72,"column":10},"end":{"line":72,"column":15}},"loc":{"start":{"line":72,"column":59},"end":{"line":86,"column":3}}},"4":{"name":"(anonymous_5)","decl":{"start":{"line":88,"column":10},"end":{"line":88,"column":15}},"loc":{"start":{"line":88,"column":44},"end":{"line":100,"column":3}}},"5":{"name":"(anonymous_6)","decl":{"start":{"line":102,"column":10},"end":{"line":102,"column":15}},"loc":{"start":{"line":102,"column":58},"end":{"line":115,"column":3}}},"6":{"name":"(anonymous_7)","decl":{"start":{"line":117,"column":10},"end":{"line":117,"column":15}},"loc":{"start":{"line":120,"column":24},"end":{"line":134,"column":3}}},"7":{"name":"(anonymous_8)","decl":{"start":{"line":136,"column":2},"end":{"line":136,"column":7}},"loc":{"start":{"line":136,"column":42},"end":{"line":151,"column":3}}},"8":{"name":"(anonymous_9)","decl":{"start":{"line":153,"column":2},"end":{"line":153,"column":7}},"loc":{"start":{"line":153,"column":36},"end":{"line":164,"column":3}}},"9":{"name":"(anonymous_10)","decl":{"start":{"line":166,"column":2},"end":{"line":166,"column":7}},"loc":{"start":{"line":166,"column":35},"end":{"line":182,"column":3}}},"10":{"name":"(anonymous_11)","decl":{"start":{"line":184,"column":2},"end":{"line":184,"column":7}},"loc":{"start":{"line":184,"column":45},"end":{"line":209,"column":3}}}},"branchMap":{"0":{"loc":{"start":{"line":29,"column":34},"end":{"line":29,"column":69}},"type":"default-arg","locations":[{"start":{"line":29,"column":44},"end":{"line":29,"column":69}}]},"1":{"loc":{"start":{"line":38,"column":6},"end":{"line":38,"column":83}},"type":"cond-expr","locations":[{"start":{"line":38,"column":13},"end":{"line":38,"column":59}},{"start":{"line":38,"column":62},"end":{"line":38,"column":83}}]},"2":{"loc":{"start":{"line":41,"column":4},"end":{"line":41,"column":93}},"type":"if","locations":[{"start":{"line":41,"column":4},"end":{"line":41,"column":93}}]},"3":{"loc":{"start":{"line":42,"column":4},"end":{"line":42,"column":87}},"type":"if","locations":[{"start":{"line":42,"column":4},"end":{"line":42,"column":87}}]},"4":{"loc":{"start":{"line":43,"column":4},"end":{"line":43,"column":94}},"type":"if","locations":[{"start":{"line":43,"column":4},"end":{"line":43,"column":94}}]},"5":{"loc":{"start":{"line":61,"column":10},"end":{"line":68,"column":12}},"type":"cond-expr","locations":[{"start":{"line":62,"column":10},"end":{"line":67,"column":null}},{"start":{"line":68,"column":10},"end":{"line":68,"column":12}}]},"6":{"loc":{"start":{"line":65,"column":18},"end":{"line":65,"column":30}},"type":"binary-expr","locations":[{"start":{"line":65,"column":18},"end":{"line":65,"column":22}},{"start":{"line":65,"column":26},"end":{"line":65,"column":30}}]},"7":{"loc":{"start":{"line":75,"column":4},"end":{"line":77,"column":5}},"type":"if","locations":[{"start":{"line":75,"column":4},"end":{"line":77,"column":5}}]},"8":{"loc":{"start":{"line":81,"column":4},"end":{"line":83,"column":5}},"type":"if","locations":[{"start":{"line":81,"column":4},"end":{"line":83,"column":5}}]},"9":{"loc":{"start":{"line":108,"column":6},"end":{"line":111,"column":7}},"type":"if","locations":[{"start":{"line":108,"column":6},"end":{"line":111,"column":7}}]},"10":{"loc":{"start":{"line":108,"column":10},"end":{"line":108,"column":80}},"type":"binary-expr","locations":[{"start":{"line":108,"column":10},"end":{"line":108,"column":44}},{"start":{"line":108,"column":48},"end":{"line":108,"column":80}}]},"11":{"loc":{"start":{"line":124,"column":4},"end":{"line":126,"column":5}},"type":"if","locations":[{"start":{"line":124,"column":4},"end":{"line":126,"column":5}}]},"12":{"loc":{"start":{"line":124,"column":8},"end":{"line":124,"column":67}},"type":"binary-expr","locations":[{"start":{"line":124,"column":8},"end":{"line":124,"column":27}},{"start":{"line":124,"column":31},"end":{"line":124,"column":67}}]},"13":{"loc":{"start":{"line":128,"column":4},"end":{"line":131,"column":5}},"type":"if","locations":[{"start":{"line":128,"column":4},"end":{"line":131,"column":5}}]},"14":{"loc":{"start":{"line":138,"column":17},"end":{"line":138,"column":76}},"type":"cond-expr","locations":[{"start":{"line":138,"column":30},"end":{"line":138,"column":64}},{"start":{"line":138,"column":67},"end":{"line":138,"column":76}}]},"15":{"loc":{"start":{"line":146,"column":12},"end":{"line":146,"column":32}},"type":"cond-expr","locations":[{"start":{"line":146,"column":19},"end":{"line":146,"column":27}},{"start":{"line":146,"column":30},"end":{"line":146,"column":32}}]},"16":{"loc":{"start":{"line":167,"column":4},"end":{"line":167,"column":30}},"type":"if","locations":[{"start":{"line":167,"column":4},"end":{"line":167,"column":30}}]},"17":{"loc":{"start":{"line":171,"column":4},"end":{"line":173,"column":5}},"type":"if","locations":[{"start":{"line":171,"column":4},"end":{"line":173,"column":5}}]},"18":{"loc":{"start":{"line":171,"column":8},"end":{"line":171,"column":56}},"type":"binary-expr","locations":[{"start":{"line":171,"column":8},"end":{"line":171,"column":21}},{"start":{"line":171,"column":25},"end":{"line":171,"column":56}}]},"19":{"loc":{"start":{"line":177,"column":4},"end":{"line":179,"column":5}},"type":"if","locations":[{"start":{"line":177,"column":4},"end":{"line":179,"column":5}}]}},"s":{"0":9,"1":9,"2":9,"3":9,"4":9,"5":9,"6":9,"7":9,"8":9,"9":2,"10":29,"11":29,"12":2,"13":27,"14":0,"15":27,"16":0,"17":27,"18":27,"19":25,"20":25,"21":0,"22":25,"23":25,"24":1,"25":24,"26":24,"27":24,"28":24,"29":24,"30":4,"31":4,"32":0,"33":0,"34":0,"35":0,"36":0,"37":4,"38":4,"39":2,"40":2,"41":0,"42":0,"43":2,"44":29,"45":29,"46":29,"47":27,"48":27,"49":27,"50":25,"51":24,"52":24,"53":2,"54":0,"55":2,"56":2,"57":0,"58":2,"59":2,"60":0,"61":2,"62":4,"63":4,"64":2,"65":2,"66":2,"67":2,"68":9},"f":{"0":2,"1":29,"2":27,"3":25,"4":24,"5":4,"6":4,"7":29,"8":25,"9":2,"10":4},"b":{"0":[2],"1":[1,28],"2":[2],"3":[0],"4":[0],"5":[1,26],"6":[1,0],"7":[0],"8":[1],"9":[0],"10":[0,0],"11":[2],"12":[4,2],"13":[0],"14":[1,28],"15":[1,26],"16":[0],"17":[0],"18":[2,2],"19":[0]}}
,"C:\\xampp\\htdocs\\BellaApp\\backend\\src\\modules\\clients\\clients.controller.ts": {"path":"C:\\xampp\\htdocs\\BellaApp\\backend\\src\\modules\\clients\\clients.controller.ts","statementMap":{"0":{"start":{"line":3,"column":0},"end":{"line":3,"column":51}},"1":{"start":{"line":5,"column":13},"end":{"line":45,"column":2}},"2":{"start":{"line":10,"column":19},"end":{"line":10,"column":80}},"3":{"start":{"line":11,"column":4},"end":{"line":11,"column":42}},"4":{"start":{"line":18,"column":19},"end":{"line":18,"column":81}},"5":{"start":{"line":19,"column":4},"end":{"line":19,"column":52}},"6":{"start":{"line":26,"column":19},"end":{"line":26,"column":87}},"7":{"start":{"line":27,"column":4},"end":{"line":27,"column":52}},"8":{"start":{"line":34,"column":19},"end":{"line":34,"column":100}},"9":{"start":{"line":35,"column":4},"end":{"line":35,"column":52}},"10":{"start":{"line":42,"column":4},"end":{"line":42,"column":72}},"11":{"start":{"line":43,"column":4},"end":{"line":43,"column":36}}},"fnMap":{"0":{"name":"(anonymous_0)","decl":{"start":{"line":6,"column":2},"end":{"line":6,"column":7}},"loc":{"start":{"line":8,"column":23},"end":{"line":12,"column":3}}},"1":{"name":"(anonymous_1)","decl":{"start":{"line":14,"column":2},"end":{"line":14,"column":7}},"loc":{"start":{"line":16,"column":23},"end":{"line":20,"column":3}}},"2":{"name":"(anonymous_2)","decl":{"start":{"line":22,"column":2},"end":{"line":22,"column":7}},"loc":{"start":{"line":24,"column":23},"end":{"line":28,"column":3}}},"3":{"name":"(anonymous_3)","decl":{"start":{"line":30,"column":2},"end":{"line":30,"column":7}},"loc":{"start":{"line":32,"column":23},"end":{"line":36,"column":3}}},"4":{"name":"(anonymous_4)","decl":{"start":{"line":38,"column":2},"end":{"line":38,"column":7}},"loc":{"start":{"line":40,"column":23},"end":{"line":44,"column":3}}}},"branchMap":{},"s":{"0":9,"1":9,"2":2,"3":2,"4":5,"5":5,"6":2,"7":0,"8":1,"9":1,"10":2,"11":2},"f":{"0":2,"1":5,"2":2,"3":1,"4":2},"b":{}}
,"C:\\xampp\\htdocs\\BellaApp\\backend\\src\\modules\\clients\\clients.repository.ts": {"path":"C:\\xampp\\htdocs\\BellaApp\\backend\\src\\modules\\clients\\clients.repository.ts","statementMap":{"0":{"start":{"line":2,"column":0},"end":{"line":2,"column":42}},"1":{"start":{"line":17,"column":2},"end":{"line":28,"column":4}},"2":{"start":{"line":33,"column":44},"end":{"line":33,"column":50}},"3":{"start":{"line":35,"column":4},"end":{"line":42,"column":7}},"4":{"start":{"line":46,"column":31},"end":{"line":46,"column":37}},"5":{"start":{"line":48,"column":4},"end":{"line":50,"column":7}},"6":{"start":{"line":54,"column":4},"end":{"line":59,"column":7}},"7":{"start":{"line":63,"column":4},"end":{"line":70,"column":7}},"8":{"start":{"line":74,"column":4},"end":{"line":101,"column":7}},"9":{"start":{"line":112,"column":4},"end":{"line":114,"column":7}},"10":{"start":{"line":118,"column":4},"end":{"line":121,"column":7}},"11":{"start":{"line":125,"column":4},"end":{"line":127,"column":7}},"12":{"start":{"line":131,"column":13},"end":{"line":131,"column":57}}},"fnMap":{"0":{"name":"buildClientWhere","decl":{"start":{"line":16,"column":9},"end":{"line":16,"column":25}},"loc":{"start":{"line":16,"column":57},"end":{"line":29,"column":1}}},"1":{"name":"(anonymous_1)","decl":{"start":{"line":32,"column":2},"end":{"line":32,"column":12}},"loc":{"start":{"line":32,"column":38},"end":{"line":43,"column":3}}},"2":{"name":"(anonymous_2)","decl":{"start":{"line":45,"column":2},"end":{"line":45,"column":13}},"loc":{"start":{"line":45,"column":40},"end":{"line":51,"column":3}}},"3":{"name":"(anonymous_3)","decl":{"start":{"line":53,"column":2},"end":{"line":53,"column":10}},"loc":{"start":{"line":53,"column":37},"end":{"line":60,"column":3}}},"4":{"name":"(anonymous_4)","decl":{"start":{"line":62,"column":2},"end":{"line":62,"column":11}},"loc":{"start":{"line":62,"column":39},"end":{"line":71,"column":3}}},"5":{"name":"(anonymous_5)","decl":{"start":{"line":73,"column":2},"end":{"line":73,"column":36}},"loc":{"start":{"line":73,"column":72},"end":{"line":102,"column":3}}},"6":{"name":"(anonymous_6)","decl":{"start":{"line":104,"column":2},"end":{"line":104,"column":8}},"loc":{"start":{"line":111,"column":3},"end":{"line":115,"column":3}}},"7":{"name":"(anonymous_7)","decl":{"start":{"line":117,"column":2},"end":{"line":117,"column":8}},"loc":{"start":{"line":117,"column":104},"end":{"line":122,"column":3}}},"8":{"name":"(anonymous_8)","decl":{"start":{"line":124,"column":2},"end":{"line":124,"column":8}},"loc":{"start":{"line":124,"column":19},"end":{"line":128,"column":3}}}},"branchMap":{"0":{"loc":{"start":{"line":19,"column":8},"end":{"line":27,"column":10}},"type":"cond-expr","locations":[{"start":{"line":20,"column":8},"end":{"line":26,"column":null}},{"start":{"line":27,"column":8},"end":{"line":27,"column":10}}]}},"s":{"0":8,"1":2,"2":1,"3":1,"4":1,"5":1,"6":4,"7":2,"8":1,"9":5,"10":1,"11":1,"12":8},"f":{"0":2,"1":1,"2":1,"3":4,"4":2,"5":1,"6":5,"7":1,"8":1},"b":{"0":[0,2]}}
,"C:\\xampp\\htdocs\\BellaApp\\backend\\src\\modules\\clients\\clients.routes.ts": {"path":"C:\\xampp\\htdocs\\BellaApp\\backend\\src\\modules\\clients\\clients.routes.ts","statementMap":{"0":{"start":{"line":12,"column":0},"end":{"line":12,"column":7}},"1":{"start":{"line":2,"column":0},"end":{"line":2,"column":62}},"2":{"start":{"line":3,"column":0},"end":{"line":3,"column":69}},"3":{"start":{"line":5,"column":0},"end":{"line":5,"column":null}},"4":{"start":{"line":10,"column":0},"end":{"line":10,"column":57}},"5":{"start":{"line":13,"column":2},"end":{"line":13,"column":41}},"6":{"start":{"line":15,"column":2},"end":{"line":21,"column":4}},"7":{"start":{"line":23,"column":2},"end":{"line":29,"column":4}},"8":{"start":{"line":31,"column":2},"end":{"line":37,"column":4}},"9":{"start":{"line":39,"column":2},"end":{"line":45,"column":4}},"10":{"start":{"line":47,"column":2},"end":{"line":53,"column":4}}},"fnMap":{"0":{"name":"clientsRoutes","decl":{"start":{"line":12,"column":22},"end":{"line":12,"column":35}},"loc":{"start":{"line":12,"column":56},"end":{"line":54,"column":1}}}},"branchMap":{},"s":{"0":9,"1":9,"2":9,"3":9,"4":9,"5":9,"6":9,"7":9,"8":9,"9":9,"10":9},"f":{"0":9},"b":{}}
,"C:\\xampp\\htdocs\\BellaApp\\backend\\src\\modules\\clients\\clients.schemas.ts": {"path":"C:\\xampp\\htdocs\\BellaApp\\backend\\src\\modules\\clients\\clients.schemas.ts","statementMap":{"0":{"start":{"line":1,"column":0},"end":{"line":1,"column":24}},"1":{"start":{"line":2,"column":0},"end":{"line":2,"column":null}},"2":{"start":{"line":11,"column":13},"end":{"line":19,"column":12}},"3":{"start":{"line":21,"column":13},"end":{"line":21,"column":50}},"4":{"start":{"line":22,"column":13},"end":{"line":22,"column":56}}},"fnMap":{},"branchMap":{},"s":{"0":9,"1":9,"2":9,"3":9,"4":9},"f":{},"b":{}}
,"C:\\xampp\\htdocs\\BellaApp\\backend\\src\\modules\\clients\\clients.service.ts": {"path":"C:\\xampp\\htdocs\\BellaApp\\backend\\src\\modules\\clients\\clients.service.ts","statementMap":{"0":{"start":{"line":1,"column":0},"end":{"line":1,"column":51}},"1":{"start":{"line":2,"column":0},"end":{"line":2,"column":57}},"2":{"start":{"line":3,"column":0},"end":{"line":3,"column":102}},"3":{"start":{"line":4,"column":0},"end":{"line":4,"column":68}},"4":{"start":{"line":5,"column":0},"end":{"line":5,"column":70}},"5":{"start":{"line":14,"column":0},"end":{"line":14,"column":57}},"6":{"start":{"line":25,"column":2},"end":{"line":27,"column":3}},"7":{"start":{"line":26,"column":4},"end":{"line":26,"column":18}},"8":{"start":{"line":29,"column":2},"end":{"line":31,"column":3}},"9":{"start":{"line":30,"column":4},"end":{"line":30,"column":19}},"10":{"start":{"line":33,"column":2},"end":{"line":33,"column":19}},"11":{"start":{"line":37,"column":2},"end":{"line":44,"column":4}},"12":{"start":{"line":48,"column":33},"end":{"line":48,"column":74}},"13":{"start":{"line":50,"column":2},"end":{"line":54,"column":3}},"14":{"start":{"line":51,"column":20},"end":{"line":51,"column":74}},"15":{"start":{"line":52,"column":4},"end":{"line":52,"column":30}},"16":{"start":{"line":53,"column":4},"end":{"line":53,"column":62}},"17":{"start":{"line":56,"column":2},"end":{"line":56,"column":32}},"18":{"start":{"line":60,"column":2},"end":{"line":60,"column":96}},"19":{"start":{"line":60,"column":44},"end":{"line":60,"column":94}},"20":{"start":{"line":67,"column":2},"end":{"line":82,"column":11}},"21":{"start":{"line":69,"column":6},"end":{"line":71,"column":56}},"22":{"start":{"line":73,"column":4},"end":{"line":75,"column":5}},"23":{"start":{"line":74,"column":6},"end":{"line":74,"column":18}},"24":{"start":{"line":77,"column":4},"end":{"line":79,"column":5}},"25":{"start":{"line":78,"column":6},"end":{"line":78,"column":25}},"26":{"start":{"line":81,"column":4},"end":{"line":81,"column":16}},"27":{"start":{"line":86,"column":2},"end":{"line":92,"column":8}},"28":{"start":{"line":87,"column":4},"end":{"line":89,"column":5}},"29":{"start":{"line":88,"column":6},"end":{"line":88,"column":19}},"30":{"start":{"line":91,"column":4},"end":{"line":91,"column":53}},"31":{"start":{"line":96,"column":22},"end":{"line":96,"column":66}},"32":{"start":{"line":97,"column":32},"end":{"line":97,"column":76}},"33":{"start":{"line":98,"column":28},"end":{"line":98,"column":70}},"34":{"start":{"line":100,"column":2},"end":{"line":112,"column":4}},"35":{"start":{"line":120,"column":29},"end":{"line":120,"column":62}},"36":{"start":{"line":122,"column":2},"end":{"line":124,"column":3}},"37":{"start":{"line":123,"column":4},"end":{"line":123,"column":62}},"38":{"start":{"line":126,"column":33},"end":{"line":126,"column":72}},"39":{"start":{"line":128,"column":2},"end":{"line":131,"column":3}},"40":{"start":{"line":129,"column":31},"end":{"line":129,"column":73}},"41":{"start":{"line":130,"column":4},"end":{"line":130,"column":83}},"42":{"start":{"line":133,"column":2},"end":{"line":133,"column":28}},"43":{"start":{"line":138,"column":25},"end":{"line":138,"column":102}},"44":{"start":{"line":139,"column":4},"end":{"line":139,"column":59}},"45":{"start":{"line":143,"column":19},"end":{"line":143,"column":63}},"46":{"start":{"line":145,"column":4},"end":{"line":147,"column":5}},"47":{"start":{"line":146,"column":6},"end":{"line":146,"column":79}},"48":{"start":{"line":149,"column":4},"end":{"line":149,"column":18}},"49":{"start":{"line":153,"column":4},"end":{"line":160,"column":6}},"50":{"start":{"line":164,"column":4},"end":{"line":170,"column":6}},"51":{"start":{"line":174,"column":27},"end":{"line":174,"column":73}},"52":{"start":{"line":176,"column":4},"end":{"line":178,"column":5}},"53":{"start":{"line":177,"column":6},"end":{"line":177,"column":13}},"54":{"start":{"line":180,"column":4},"end":{"line":182,"column":5}},"55":{"start":{"line":181,"column":6},"end":{"line":181,"column":74}},"56":{"start":{"line":186,"column":29},"end":{"line":197,"column":6}},"57":{"start":{"line":198,"column":22},"end":{"line":198,"column":56}},"58":{"start":{"line":198,"column":46},"end":{"line":198,"column":55}},"59":{"start":{"line":199,"column":24},"end":{"line":199,"column":68}},"60":{"start":{"line":201,"column":4},"end":{"line":204,"column":6}},"61":{"start":{"line":202,"column":36},"end":{"line":202,"column":94}},"62":{"start":{"line":208,"column":16},"end":{"line":208,"column":73}},"63":{"start":{"line":209,"column":4},"end":{"line":209,"column":57}},"64":{"start":{"line":209,"column":13},"end":{"line":209,"column":57}},"65":{"start":{"line":211,"column":23},"end":{"line":211,"column":63}},"66":{"start":{"line":213,"column":19},"end":{"line":213,"column":61}},"67":{"start":{"line":215,"column":4},"end":{"line":215,"column":36}},"68":{"start":{"line":219,"column":19},"end":{"line":219,"column":58}},"69":{"start":{"line":220,"column":24},"end":{"line":220,"column":63}},"70":{"start":{"line":222,"column":4},"end":{"line":222,"column":63}},"71":{"start":{"line":226,"column":26},"end":{"line":226,"column":65}},"72":{"start":{"line":228,"column":16},"end":{"line":228,"column":73}},"73":{"start":{"line":229,"column":4},"end":{"line":229,"column":90}},"74":{"start":{"line":229,"column":42},"end":{"line":229,"column":90}},"75":{"start":{"line":231,"column":23},"end":{"line":231,"column":61}},"76":{"start":{"line":233,"column":26},"end":{"line":233,"column":72}},"77":{"start":{"line":235,"column":4},"end":{"line":235,"column":43}},"78":{"start":{"line":239,"column":4},"end":{"line":239,"column":44}},"79":{"start":{"line":240,"column":4},"end":{"line":240,"column":39}},"80":{"start":{"line":244,"column":13},"end":{"line":244,"column":51}}},"fnMap":{"0":{"name":"resolveClientStatus","decl":{"start":{"line":21,"column":9},"end":{"line":21,"column":28}},"loc":{"start":{"line":24,"column":1},"end":{"line":34,"column":1}}},"1":{"name":"createDefaultInsights","decl":{"start":{"line":36,"column":9},"end":{"line":36,"column":30}},"loc":{"start":{"line":36,"column":30},"end":{"line":45,"column":1}}},"2":{"name":"groupAppointmentsByClient","decl":{"start":{"line":47,"column":9},"end":{"line":47,"column":34}},"loc":{"start":{"line":47,"column":71},"end":{"line":57,"column":1}}},"3":{"name":"findLatestCompletedVisit","decl":{"start":{"line":59,"column":9},"end":{"line":59,"column":33}},"loc":{"start":{"line":59,"column":70},"end":{"line":61,"column":1}}},"4":{"name":"(anonymous_4)","decl":{"start":{"line":60,"column":27},"end":{"line":60,"column":28}},"loc":{"start":{"line":60,"column":44},"end":{"line":60,"column":94}}},"5":{"name":"findNextAppointment","decl":{"start":{"line":63,"column":9},"end":{"line":63,"column":28}},"loc":{"start":{"line":65,"column":11},"end":{"line":83,"column":1}}},"6":{"name":"(anonymous_6)","decl":{"start":{"line":67,"column":58},"end":{"line":67,"column":59}},"loc":{"start":{"line":67,"column":80},"end":{"line":82,"column":3}}},"7":{"name":"calculateTotalSpent","decl":{"start":{"line":85,"column":9},"end":{"line":85,"column":28}},"loc":{"start":{"line":85,"column":65},"end":{"line":93,"column":1}}},"8":{"name":"(anonymous_8)","decl":{"start":{"line":86,"column":29},"end":{"line":86,"column":30}},"loc":{"start":{"line":86,"column":52},"end":{"line":92,"column":3}}},"9":{"name":"buildClientInsights","decl":{"start":{"line":95,"column":9},"end":{"line":95,"column":28}},"loc":{"start":{"line":95,"column":82},"end":{"line":113,"column":1}}},"10":{"name":"buildClientInsightsMap","decl":{"start":{"line":115,"column":9},"end":{"line":115,"column":31}},"loc":{"start":{"line":118,"column":18},"end":{"line":134,"column":1}}},"11":{"name":"(anonymous_11)","decl":{"start":{"line":137,"column":10},"end":{"line":137,"column":15}},"loc":{"start":{"line":137,"column":66},"end":{"line":140,"column":3}}},"12":{"name":"(anonymous_12)","decl":{"start":{"line":142,"column":10},"end":{"line":142,"column":15}},"loc":{"start":{"line":142,"column":59},"end":{"line":150,"column":3}}},"13":{"name":"(anonymous_13)","decl":{"start":{"line":152,"column":10},"end":{"line":152,"column":25}},"loc":{"start":{"line":152,"column":79},"end":{"line":161,"column":3}}},"14":{"name":"(anonymous_14)","decl":{"start":{"line":163,"column":10},"end":{"line":163,"column":31}},"loc":{"start":{"line":163,"column":69},"end":{"line":171,"column":3}}},"15":{"name":"(anonymous_15)","decl":{"start":{"line":173,"column":10},"end":{"line":173,"column":15}},"loc":{"start":{"line":173,"column":89},"end":{"line":183,"column":3}}},"16":{"name":"(anonymous_16)","decl":{"start":{"line":185,"column":2},"end":{"line":185,"column":7}},"loc":{"start":{"line":185,"column":51},"end":{"line":205,"column":3}}},"17":{"name":"(anonymous_17)","decl":{"start":{"line":198,"column":34},"end":{"line":198,"column":35}},"loc":{"start":{"line":198,"column":46},"end":{"line":198,"column":55}}},"18":{"name":"(anonymous_18)","decl":{"start":{"line":202,"column":24},"end":{"line":202,"column":25}},"loc":{"start":{"line":202,"column":36},"end":{"line":202,"column":94}}},"19":{"name":"(anonymous_19)","decl":{"start":{"line":207,"column":2},"end":{"line":207,"column":7}},"loc":{"start":{"line":207,"column":54},"end":{"line":216,"column":3}}},"20":{"name":"(anonymous_20)","decl":{"start":{"line":218,"column":2},"end":{"line":218,"column":7}},"loc":{"start":{"line":218,"column":42},"end":{"line":223,"column":3}}},"21":{"name":"(anonymous_21)","decl":{"start":{"line":225,"column":2},"end":{"line":225,"column":7}},"loc":{"start":{"line":225,"column":66},"end":{"line":236,"column":3}}},"22":{"name":"(anonymous_22)","decl":{"start":{"line":238,"column":2},"end":{"line":238,"column":7}},"loc":{"start":{"line":238,"column":41},"end":{"line":241,"column":3}}}},"branchMap":{"0":{"loc":{"start":{"line":25,"column":2},"end":{"line":27,"column":3}},"type":"if","locations":[{"start":{"line":25,"column":2},"end":{"line":27,"column":3}}]},"1":{"loc":{"start":{"line":29,"column":2},"end":{"line":31,"column":3}},"type":"if","locations":[{"start":{"line":29,"column":2},"end":{"line":31,"column":3}}]},"2":{"loc":{"start":{"line":51,"column":20},"end":{"line":51,"column":74}},"type":"binary-expr","locations":[{"start":{"line":51,"column":20},"end":{"line":51,"column":68}},{"start":{"line":51,"column":72},"end":{"line":51,"column":74}}]},"3":{"loc":{"start":{"line":69,"column":6},"end":{"line":71,"column":56}},"type":"binary-expr","locations":[{"start":{"line":69,"column":6},"end":{"line":69,"column":56}},{"start":{"line":70,"column":6},"end":{"line":70,"column":55}},{"start":{"line":71,"column":6},"end":{"line":71,"column":56}}]},"4":{"loc":{"start":{"line":73,"column":4},"end":{"line":75,"column":5}},"type":"if","locations":[{"start":{"line":73,"column":4},"end":{"line":75,"column":5}}]},"5":{"loc":{"start":{"line":77,"column":4},"end":{"line":79,"column":5}},"type":"if","locations":[{"start":{"line":77,"column":4},"end":{"line":79,"column":5}}]},"6":{"loc":{"start":{"line":77,"column":8},"end":{"line":77,"column":79}},"type":"binary-expr","locations":[{"start":{"line":77,"column":8},"end":{"line":77,"column":13}},{"start":{"line":77,"column":17},"end":{"line":77,"column":79}}]},"7":{"loc":{"start":{"line":87,"column":4},"end":{"line":89,"column":5}},"type":"if","locations":[{"start":{"line":87,"column":4},"end":{"line":89,"column":5}}]},"8":{"loc":{"start":{"line":98,"column":28},"end":{"line":98,"column":70}},"type":"binary-expr","locations":[{"start":{"line":98,"column":28},"end":{"line":98,"column":62}},{"start":{"line":98,"column":66},"end":{"line":98,"column":70}}]},"9":{"loc":{"start":{"line":101,"column":19},"end":{"line":101,"column":51}},"type":"binary-expr","locations":[{"start":{"line":101,"column":19},"end":{"line":101,"column":43}},{"start":{"line":101,"column":47},"end":{"line":101,"column":51}}]},"10":{"loc":{"start":{"line":102,"column":21},"end":{"line":104,"column":12}},"type":"cond-expr","locations":[{"start":{"line":103,"column":8},"end":{"line":103,"column":88}},{"start":{"line":104,"column":8},"end":{"line":104,"column":12}}]},"11":{"loc":{"start":{"line":103,"column":8},"end":{"line":103,"column":88}},"type":"binary-expr","locations":[{"start":{"line":103,"column":8},"end":{"line":103,"column":33}},{"start":{"line":103,"column":37},"end":{"line":103,"column":61}},{"start":{"line":103,"column":65},"end":{"line":103,"column":88}}]},"12":{"loc":{"start":{"line":106,"column":18},"end":{"line":106,"column":102}},"type":"binary-expr","locations":[{"start":{"line":106,"column":18},"end":{"line":106,"column":59}},{"start":{"line":106,"column":63},"end":{"line":106,"column":94}},{"start":{"line":106,"column":98},"end":{"line":106,"column":102}}]},"13":{"loc":{"start":{"line":118,"column":2},"end":{"line":118,"column":18}},"type":"default-arg","locations":[{"start":{"line":118,"column":8},"end":{"line":118,"column":18}}]},"14":{"loc":{"start":{"line":129,"column":31},"end":{"line":129,"column":73}},"type":"binary-expr","locations":[{"start":{"line":129,"column":31},"end":{"line":129,"column":67}},{"start":{"line":129,"column":71},"end":{"line":129,"column":73}}]},"15":{"loc":{"start":{"line":145,"column":4},"end":{"line":147,"column":5}},"type":"if","locations":[{"start":{"line":145,"column":4},"end":{"line":147,"column":5}}]},"16":{"loc":{"start":{"line":157,"column":10},"end":{"line":157,"column":51}},"type":"cond-expr","locations":[{"start":{"line":157,"column":24},"end":{"line":157,"column":46}},{"start":{"line":157,"column":49},"end":{"line":157,"column":51}}]},"17":{"loc":{"start":{"line":158,"column":10},"end":{"line":158,"column":28}},"type":"cond-expr","locations":[{"start":{"line":158,"column":16},"end":{"line":158,"column":23}},{"start":{"line":158,"column":26},"end":{"line":158,"column":28}}]},"18":{"loc":{"start":{"line":159,"column":10},"end":{"line":159,"column":51}},"type":"cond-expr","locations":[{"start":{"line":159,"column":24},"end":{"line":159,"column":46}},{"start":{"line":159,"column":49},"end":{"line":159,"column":51}}]},"19":{"loc":{"start":{"line":167,"column":10},"end":{"line":167,"column":51}},"type":"cond-expr","locations":[{"start":{"line":167,"column":24},"end":{"line":167,"column":46}},{"start":{"line":167,"column":49},"end":{"line":167,"column":51}}]},"20":{"loc":{"start":{"line":168,"column":10},"end":{"line":168,"column":28}},"type":"cond-expr","locations":[{"start":{"line":168,"column":16},"end":{"line":168,"column":23}},{"start":{"line":168,"column":26},"end":{"line":168,"column":28}}]},"21":{"loc":{"start":{"line":169,"column":10},"end":{"line":169,"column":51}},"type":"cond-expr","locations":[{"start":{"line":169,"column":24},"end":{"line":169,"column":46}},{"start":{"line":169,"column":49},"end":{"line":169,"column":51}}]},"22":{"loc":{"start":{"line":176,"column":4},"end":{"line":178,"column":5}},"type":"if","locations":[{"start":{"line":176,"column":4},"end":{"line":178,"co
[...]
,"C:\\xampp\\htdocs\\BellaApp\\backend\\src\\shared\\utils\\service-catalog.ts": {"path":"C:\\xampp\\htdocs\\BellaApp\\backend\\src\\shared\\utils\\service-catalog.ts","statementMap":{"0":{"start":{"line":42,"column":0},"end":{"line":42,"column":16}},"1":{"start":{"line":55,"column":0},"end":{"line":55,"column":16}},"2":{"start":{"line":64,"column":0},"end":{"line":64,"column":16}},"3":{"start":{"line":81,"column":0},"end":{"line":81,"column":16}},"4":{"start":{"line":1,"column":0},"end":{"line":1,"column":50}},"5":{"start":{"line":3,"column":13},"end":{"line":3,"column":69}},"6":{"start":{"line":4,"column":13},"end":{"line":14,"column":11}},"7":{"start":{"line":23,"column":4},"end":{"line":39,"column":2}},"8":{"start":{"line":43,"column":25},"end":{"line":43,"column":57}},"9":{"start":{"line":45,"column":2},"end":{"line":45,"column":54}},"10":{"start":{"line":45,"column":40},"end":{"line":45,"column":54}},"11":{"start":{"line":46,"column":2},"end":{"line":46,"column":95}},"12":{"start":{"line":46,"column":78},"end":{"line":46,"column":95}},"13":{"start":{"line":47,"column":2},"end":{"line":47,"column":58}},"14":{"start":{"line":47,"column":43},"end":{"line":47,"column":58}},"15":{"start":{"line":48,"column":2},"end":{"line":48,"column":57}},"16":{"start":{"line":48,"column":42},"end":{"line":48,"column":57}},"17":{"start":{"line":49,"column":2},"end":{"line":49,"column":57}},"18":{"start":{"line":49,"column":43},"end":{"line":49,"column":57}},"19":{"start":{"line":51,"column":2},"end":{"line":51,"column":16}},"20":{"start":{"line":56,"column":2},"end":{"line":58,"column":3}},"21":{"start":{"line":57,"column":4},"end":{"line":57,"column":36}},"22":{"start":{"line":60,"column":2},"end":{"line":60,"column":39}},"23":{"start":{"line":65,"column":2},"end":{"line":67,"column":3}},"24":{"start":{"line":66,"column":4},"end":{"line":66,"column":21}},"25":{"start":{"line":69,"column":2},"end":{"line":71,"column":3}},"26":{"start":{"line":70,"column":4},"end":{"line":70,"column":33}},"27":{"start":{"line":73,"column":2},"end":{"line":75,"column":3}},"28":{"start":{"line":74,"column":4},"end":{"line":74,"column":35}},"29":{"start":{"line":77,"column":2},"end":{"line":77,"column":30}},"30":{"start":{"line":82,"column":2},"end":{"line":82,"column":43}}},"fnMap":{"0":{"name":"inferServiceIcon","decl":{"start":{"line":42,"column":16},"end":{"line":42,"column":32}},"loc":{"start":{"line":42,"column":45},"end":{"line":52,"column":1}}},"1":{"name":"normalizeServiceIcon","decl":{"start":{"line":55,"column":16},"end":{"line":55,"column":36}},"loc":{"start":{"line":55,"column":82},"end":{"line":61,"column":1}}},"2":{"name":"mapRiskToLevel","decl":{"start":{"line":64,"column":16},"end":{"line":64,"column":30}},"loc":{"start":{"line":64,"column":65},"end":{"line":78,"column":1}}},"3":{"name":"mapRiskLevelToResponse","decl":{"start":{"line":81,"column":16},"end":{"line":81,"column":38}},"loc":{"start":{"line":81,"column":66},"end":{"line":83,"column":1}}}},"branchMap":{"0":{"loc":{"start":{"line":43,"column":32},"end":{"line":43,"column":42}},"type":"binary-expr","locations":[{"start":{"line":43,"column":32},"end":{"line":43,"column":36}},{"start":{"line":43,"column":40},"end":{"line":43,"column":42}}]},"1":{"loc":{"start":{"line":45,"column":2},"end":{"line":45,"column":54}},"type":"if","locations":[{"start":{"line":45,"column":2},"end":{"line":45,"column":54}}]},"2":{"loc":{"start":{"line":46,"column":2},"end":{"line":46,"column":95}},"type":"if","locations":[{"start":{"line":46,"column":2},"end":{"line":46,"column":95}}]},"3":{"loc":{"start":{"line":46,"column":6},"end":{"line":46,"column":76}},"type":"binary-expr","locations":[{"start":{"line":46,"column":6},"end":{"line":46,"column":38}},{"start":{"line":46,"column":42},"end":{"line":46,"column":76}}]},"4":{"loc":{"start":{"line":47,"column":2},"end":{"line":47,"column":58}},"type":"if","locations":[{"start":{"line":47,"column":2},"end":{"line":47,"column":58}}]},"5":{"loc":{"start":{"line":48,"column":2},"end":{"line":48,"column":57}},"type":"if","locations":[{"start":{"line":48,"column":2},"end":{"line":48,"column":57}}]},"6":{"loc":{"start":{"line":49,"column":2},"end":{"line":49,"column":57}},"type":"if","locations":[{"start":{"line":49,"column":2},"end":{"line":49,"column":57}}]},"7":{"loc":{"start":{"line":56,"column":2},"end":{"line":58,"column":3}},"type":"if","locations":[{"start":{"line":56,"column":2},"end":{"line":58,"column":3}}]},"8":{"loc":{"start":{"line":56,"column":6},"end":{"line":56,"column":66}},"type":"binary-expr","locations":[{"start":{"line":56,"column":6},"end":{"line":56,"column":10}},{"start":{"line":56,"column":14},"end":{"line":56,"column":66}}]},"9":{"loc":{"start":{"line":65,"column":2},"end":{"line":67,"column":3}},"type":"if","locations":[{"start":{"line":65,"column":2},"end":{"line":67,"column":3}}]},"10":{"loc":{"start":{"line":69,"column":2},"end":{"line":71,"column":3}},"type":"if","locations":[{"start":{"line":69,"column":2},"end":{"line":71,"column":3}}]},"11":{"loc":{"start":{"line":73,"column":2},"end":{"line":75,"column":3}},"type":"if","locations":[{"start":{"line":73,"column":2},"end":{"line":75,"column":3}}]}},"s":{"0":10,"1":10,"2":10,"3":10,"4":10,"5":10,"6":10,"7":10,"8":6,"9":6,"10":1,"11":5,"12":1,"13":4,"14":1,"15":3,"16":3,"17":0,"18":0,"19":0,"20":10,"21":4,"22":6,"23":8,"24":3,"25":5,"26":3,"27":2,"28":2,"29":0,"30":8},"f":{"0":6,"1":10,"2":8,"3":8},"b":{"0":[6,0],"1":[1],"2":[1],"3":[5,4],"4":[1],"5":[3],"6":[0],"7":[4],"8":[10,4],"9":[3],"10":[3],"11":[2]}}
,"C:\\xampp\\htdocs\\BellaApp\\backend\\src\\shared\\validation\\common-schemas.ts": {"path":"C:\\xampp\\htdocs\\BellaApp\\backend\\src\\shared\\validation\\common-schemas.ts","statementMap":{"0":{"start":{"line":1,"column":0},"end":{"line":1,"column":24}},"1":{"start":{"line":2,"column":0},"end":{"line":2,"column":85}},"2":{"start":{"line":16,"column":31},"end":{"line":22,"column":1}},"3":{"start":{"line":17,"column":2},"end":{"line":19,"column":3}},"4":{"start":{"line":18,"column":4},"end":{"line":18,"column":21}},"5":{"start":{"line":21,"column":2},"end":{"line":21,"column":15}},"6":{"start":{"line":25,"column":21},"end":{"line":39,"column":1}},"7":{"start":{"line":26,"column":2},"end":{"line":28,"column":3}},"8":{"start":{"line":27,"column":4},"end":{"line":27,"column":21}},"9":{"start":{"line":30,"column":2},"end":{"line":32,"column":3}},"10":{"start":{"line":31,"column":4},"end":{"line":31,"column":16}},"11":{"start":{"line":34,"column":2},"end":{"line":36,"column":3}},"12":{"start":{"line":35,"column":4},"end":{"line":35,"column":17}},"13":{"start":{"line":38,"column":2},"end":{"line":38,"column":15}},"14":{"start":{"line":41,"column":13},"end":{"line":46,"column":45}},"15":{"start":{"line":46,"column":24},"end":{"line":46,"column":43}},"16":{"start":{"line":48,"column":13},"end":{"line":48,"column":96}},"17":{"start":{"line":50,"column":13},"end":{"line":57,"column":4}},"18":{"start":{"line":55,"column":15},"end":{"line":55,"column":106}},"19":{"start":{"line":59,"column":13},"end":{"line":63,"column":81}},"20":{"start":{"line":63,"column":21},"end":{"line":63,"column":62}},"21":{"start":{"line":65,"column":13},"end":{"line":65,"column":92}},"22":{"start":{"line":67,"column":13},"end":{"line":71,"column":83}},"23":{"start":{"line":71,"column":21},"end":{"line":71,"column":63}},"24":{"start":{"line":73,"column":13},"end":{"line":73,"column":94}},"25":{"start":{"line":75,"column":36},"end":{"line":80,"column":79}},"26":{"start":{"line":76,"column":2},"end":{"line":80,"column":79}},"27":{"start":{"line":75,"column":13},"end":{"line":75,"column":36}},"28":{"start":{"line":82,"column":36},"end":{"line":83,"column":93}},"29":{"start":{"line":83,"column":2},"end":{"line":83,"column":93}},"30":{"start":{"line":82,"column":13},"end":{"line":82,"column":36}},"31":{"start":{"line":85,"column":13},"end":{"line":89,"column":12}},"32":{"start":{"line":91,"column":13},"end":{"line":97,"column":12}},"33":{"start":{"line":99,"column":13},"end":{"line":99,"column":93}}},"fnMap":{"0":{"name":"(anonymous_0)","decl":{"start":{"line":16,"column":31},"end":{"line":16,"column":32}},"loc":{"start":{"line":16,"column":89},"end":{"line":22,"column":1}}},"1":{"name":"(anonymous_1)","decl":{"start":{"line":25,"column":21},"end":{"line":25,"column":22}},"loc":{"start":{"line":25,"column":79},"end":{"line":39,"column":1}}},"2":{"name":"(anonymous_2)","decl":{"start":{"line":46,"column":13},"end":{"line":46,"column":14}},"loc":{"start":{"line":46,"column":24},"end":{"line":46,"column":43}}},"3":{"name":"(anonymous_3)","decl":{"start":{"line":55,"column":4},"end":{"line":55,"column":5}},"loc":{"start":{"line":55,"column":15},"end":{"line":55,"column":106}}},"4":{"name":"(anonymous_4)","decl":{"start":{"line":63,"column":10},"end":{"line":63,"column":11}},"loc":{"start":{"line":63,"column":21},"end":{"line":63,"column":62}}},"5":{"name":"(anonymous_5)","decl":{"start":{"line":71,"column":10},"end":{"line":71,"column":11}},"loc":{"start":{"line":71,"column":21},"end":{"line":71,"column":63}}},"6":{"name":"(anonymous_6)","decl":{"start":{"line":75,"column":36},"end":{"line":75,"column":37}},"loc":{"start":{"line":76,"column":2},"end":{"line":80,"column":79}}},"7":{"name":"(anonymous_7)","decl":{"start":{"line":82,"column":36},"end":{"line":82,"column":37}},"loc":{"start":{"line":83,"column":2},"end":{"line":83,"column":93}}}},"branchMap":{"0":{"loc":{"start":{"line":17,"column":2},"end":{"line":19,"column":3}},"type":"if","locations":[{"start":{"line":17,"column":2},"end":{"line":19,"column":3}}]},"1":{"loc":{"start":{"line":17,"column":6},"end":{"line":17,"column":54}},"type":"binary-expr","locations":[{"start":{"line":17,"column":6},"end":{"line":17,"column":31}},{"start":{"line":17,"column":35},"end":{"line":17,"column":54}}]},"2":{"loc":{"start":{"line":26,"column":2},"end":{"line":28,"column":3}},"type":"if","locations":[{"start":{"line":26,"column":2},"end":{"line":28,"column":3}}]},"3":{"loc":{"start":{"line":26,"column":6},"end":{"line":26,"column":59}},"type":"binary-expr","locations":[{"start":{"line":26,"column":6},"end":{"line":26,"column":25}},{"start":{"line":26,"column":29},"end":{"line":26,"column":43}},{"start":{"line":26,"column":47},"end":{"line":26,"column":59}}]},"4":{"loc":{"start":{"line":30,"column":2},"end":{"line":32,"column":3}},"type":"if","locations":[{"start":{"line":30,"column":2},"end":{"line":32,"column":3}}]},"5":{"loc":{"start":{"line":30,"column":6},"end":{"line":30,"column":40}},"type":"binary-expr","locations":[{"start":{"line":30,"column":6},"end":{"line":30,"column":20}},{"start":{"line":30,"column":24},"end":{"line":30,"column":40}}]},"6":{"loc":{"start":{"line":34,"column":2},"end":{"line":36,"column":3}},"type":"if","locations":[{"start":{"line":34,"column":2},"end":{"line":36,"column":3}}]},"7":{"loc":{"start":{"line":34,"column":6},"end":{"line":34,"column":42}},"type":"binary-expr","locations":[{"start":{"line":34,"column":6},"end":{"line":34,"column":21}},{"start":{"line":34,"column":25},"end":{"line":34,"column":42}}]},"8":{"loc":{"start":{"line":55,"column":15},"end":{"line":55,"column":106}},"type":"binary-expr","locations":[{"start":{"line":55,"column":15},"end":{"line":55,"column":34}},{"start":{"line":55,"column":38},"end":{"line":55,"column":57}},{"start":{"line":55,"column":61},"end":{"line":55,"column":77}},{"start":{"line":55,"column":81},"end":{"line":55,"column":106}}]},"9":{"loc":{"start":{"line":75,"column":56},"end":{"line":75,"column":71}},"type":"default-arg","locations":[{"start":{"line":75,"column":68},"end":{"line":75,"column":71}}]},"10":{"loc":{"start":{"line":82,"column":56},"end":{"line":82,"column":71}},"type":"default-arg","locations":[{"start":{"line":82,"column":68},"end":{"line":82,"column":71}}]}},"s":{"0":9,"1":9,"2":9,"3":88,"4":0,"5":88,"6":9,"7":2,"8":0,"9":2,"10":2,"11":0,"12":0,"13":0,"14":9,"15":63,"16":9,"17":9,"18":37,"19":9,"20":40,"21":9,"22":9,"23":1,"24":9,"25":9,"26":153,"27":9,"28":9,"29":45,"30":9,"31":9,"32":9,"33":9},"f":{"0":88,"1":2,"2":63,"3":37,"4":40,"5":1,"6":153,"7":45},"b":{"0":[0],"1":[88,24],"2":[0],"3":[2,2,2],"4":[2],"5":[2,2],"6":[0],"7":[0,0],"8":[37,37,35,35],"9":[72],"10":[18]}}
,"C:\\xampp\\htdocs\\BellaApp\\backend\\src\\test\\helpers\\auth-flow.ts": {"path":"C:\\xampp\\htdocs\\BellaApp\\backend\\src\\test\\helpers\\auth-flow.ts","statementMap":{"0":{"start":{"line":24,"column":0},"end":{"line":24,"column":16}},"1":{"start":{"line":42,"column":0},"end":{"line":42,"column":7}},"2":{"start":{"line":65,"column":0},"end":{"line":65,"column":7}},"3":{"start":{"line":83,"column":0},"end":{"line":83,"column":7}},"4":{"start":{"line":2,"column":0},"end":{"line":2,"column":35}},"5":{"start":{"line":4,"column":15},"end":{"line":4,"column":16}},"6":{"start":{"line":10,"column":15},"end":{"line":10,"column":73}},"7":{"start":{"line":12,"column":25},"end":{"line":16,"column":3}},"8":{"start":{"line":13,"column":18},"end":{"line":13,"column":89}},"9":{"start":{"line":13,"column":55},"end":{"line":13,"column":85}},"10":{"start":{"line":14,"column":22},"end":{"line":14,"column":39}},"11":{"start":{"line":15,"column":4},"end":{"line":15,"column":44}},"12":{"start":{"line":18,"column":21},"end":{"line":18,"column":45}},"13":{"start":{"line":19,"column":22},"end":{"line":19,"column":63}},"14":{"start":{"line":21,"column":2},"end":{"line":21,"column":53}},"15":{"start":{"line":30,"column":18},"end":{"line":30,"column":26}},"16":{"start":{"line":31,"column":2},"end":{"line":31,"column":16}},"17":{"start":{"line":33,"column":2},"end":{"line":39,"column":4}},"18":{"start":{"line":51,"column":18},"end":{"line":51,"column":44}},"19":{"start":{"line":52,"column":19},"end":{"line":56,"column":4}},"20":{"start":{"line":58,"column":2},"end":{"line":62,"column":4}},"21":{"start":{"line":66,"column":19},"end":{"line":73,"column":4}},"22":{"start":{"line":75,"column":2},"end":{"line":80,"column":4}},"23":{"start":{"line":92,"column":21},"end":{"line":92,"column":55}},"24":{"start":{"line":94,"column":2},"end":{"line":96,"column":3}},"25":{"start":{"line":95,"column":4},"end":{"line":95,"column":88}},"26":{"start":{"line":98,"column":17},"end":{"line":98,"column":92}},"27":{"start":{"line":100,"column":2},"end":{"line":102,"column":3}},"28":{"start":{"line":101,"column":4},"end":{"line":101,"column":85}},"29":{"start":{"line":104,"column":2},"end":{"line":110,"column":4}}},"fnMap":{"0":{"name":"generateValidCpf","decl":{"start":{"line":9,"column":9},"end":{"line":9,"column":25}},"loc":{"start":{"line":9,"column":38},"end":{"line":22,"column":1}}},"1":{"name":"(anonymous_1)","decl":{"start":{"line":12,"column":25},"end":{"line":12,"column":26}},"loc":{"start":{"line":12,"column":70},"end":{"line":16,"column":3}}},"2":{"name":"(anonymous_2)","decl":{"start":{"line":13,"column":32},"end":{"line":13,"column":33}},"loc":{"start":{"line":13,"column":55},"end":{"line":13,"column":85}}},"3":{"name":"makeUserPayload","decl":{"start":{"line":24,"column":16},"end":{"line":24,"column":31}},"loc":{"start":{"line":29,"column":7},"end":{"line":40,"column":1}}},"4":{"name":"registerUser","decl":{"start":{"line":42,"column":22},"end":{"line":42,"column":34}},"loc":{"start":{"line":49,"column":9},"end":{"line":63,"column":1}}},"5":{"name":"loginUser","decl":{"start":{"line":65,"column":22},"end":{"line":65,"column":31}},"loc":{"start":{"line":65,"column":85},"end":{"line":81,"column":1}}},"6":{"name":"createAuthenticatedUser","decl":{"start":{"line":83,"column":22},"end":{"line":83,"column":45}},"loc":{"start":{"line":90,"column":9},"end":{"line":111,"column":1}}}},"branchMap":{"0":{"loc":{"start":{"line":15,"column":11},"end":{"line":15,"column":43}},"type":"cond-expr","locations":[{"start":{"line":15,"column":30},"end":{"line":15,"column":31}},{"start":{"line":15,"column":34},"end":{"line":15,"column":43}}]},"1":{"loc":{"start":{"line":24,"column":32},"end":{"line":29,"column":7}},"type":"default-arg","locations":[{"start":{"line":29,"column":5},"end":{"line":29,"column":7}}]},"2":{"loc":{"start":{"line":44,"column":2},"end":{"line":49,"column":9}},"type":"default-arg","locations":[{"start":{"line":49,"column":7},"end":{"line":49,"column":9}}]},"3":{"loc":{"start":{"line":61,"column":10},"end":{"line":61,"column":98}},"type":"cond-expr","locations":[{"start":{"line":61,"column":26},"end":{"line":61,"column":91}},{"start":{"line":61,"column":94},"end":{"line":61,"column":98}}]},"4":{"loc":{"start":{"line":77,"column":10},"end":{"line":79,"column":12}},"type":"cond-expr","locations":[{"start":{"line":78,"column":8},"end":{"line":78,"column":125}},{"start":{"line":79,"column":8},"end":{"line":79,"column":12}}]},"5":{"loc":{"start":{"line":85,"column":2},"end":{"line":90,"column":9}},"type":"default-arg","locations":[{"start":{"line":90,"column":7},"end":{"line":90,"column":9}}]},"6":{"loc":{"start":{"line":94,"column":2},"end":{"line":96,"column":3}},"type":"if","locations":[{"start":{"line":94,"column":2},"end":{"line":96,"column":3}}]},"7":{"loc":{"start":{"line":100,"column":2},"end":{"line":102,"column":3}},"type":"if","locations":[{"start":{"line":100,"column":2},"end":{"line":102,"column":3}}]},"8":{"loc":{"start":{"line":100,"column":6},"end":{"line":100,"column":69}},"type":"binary-expr","locations":[{"start":{"line":100,"column":6},"end":{"line":100,"column":40}},{"start":{"line":100,"column":44},"end":{"line":100,"column":69}}]}},"s":{"0":6,"1":6,"2":6,"3":6,"4":6,"5":6,"6":26,"7":26,"8":52,"9":494,"10":52,"11":52,"12":26,"13":26,"14":26,"15":26,"16":26,"17":26,"18":26,"19":26,"20":26,"21":23,"22":23,"23":23,"24":23,"25":0,"26":23,"27":23,"28":0,"29":23},"f":{"0":26,"1":52,"2":494,"3":26,"4":26,"5":23,"6":23},"b":{"0":[6,46],"1":[0],"2":[2],"3":[26,0],"4":[23,0],"5":[22],"6":[0],"7":[0],"8":[23,23]}}
,"C:\\xampp\\htdocs\\BellaApp\\backend\\src\\test\\helpers\\database.ts": {"path":"C:\\xampp\\htdocs\\BellaApp\\backend\\src\\test\\helpers\\database.ts","statementMap":{"0":{"start":{"line":3,"column":0},"end":{"line":3,"column":7}},"1":{"start":{"line":14,"column":0},"end":{"line":14,"column":7}},"2":{"start":{"line":1,"column":0},"end":{"line":1,"column":42}},"3":{"start":{"line":4,"column":2},"end":{"line":11,"column":5}},"4":{"start":{"line":15,"column":2},"end":{"line":15,"column":29}}},"fnMap":{"0":{"name":"resetDatabase","decl":{"start":{"line":3,"column":22},"end":{"line":3,"column":35}},"loc":{"start":{"line":3,"column":35},"end":{"line":12,"column":1}}},"1":{"name":"disconnectDatabase","decl":{"start":{"line":14,"column":22},"end":{"line":14,"column":40}},"loc":{"start":{"line":14,"column":40},"end":{"line":16,"column":1}}}},"branchMap":{},"s":{"0":6,"1":6,"2":6,"3":25,"4":6},"f":{"0":25,"1":6},"b":{}}
,"C:\\xampp\\htdocs\\BellaApp\\backend\\src\\test\\helpers\\http.ts": {"path":"C:\\xampp\\htdocs\\BellaApp\\backend\\src\\test\\helpers\\http.ts","statementMap":{"0":{"start":{"line":1,"column":0},"end":{"line":1,"column":16}},"1":{"start":{"line":7,"column":0},"end":{"line":7,"column":16}},"2":{"start":{"line":2,"column":2},"end":{"line":4,"column":4}},"3":{"start":{"line":8,"column":2},"end":{"line":8,"column":31}}},"fnMap":{"0":{"name":"buildAuthHeaders","decl":{"start":{"line":1,"column":16},"end":{"line":1,"column":32}},"loc":{"start":{"line":1,"column":50},"end":{"line":5,"column":1}}},"1":{"name":"parseJson","decl":{"start":{"line":7,"column":16},"end":{"line":7,"column":25}},"loc":{"start":{"line":7,"column":41},"end":{"line":9,"column":1}}}},"branchMap":{"0":{"loc":{"start":{"line":1,"column":33},"end":{"line":1,"column":50}},"type":"default-arg","locations":[{"start":{"line":1,"column":42},"end":{"line":1,"column":50}}]}},"s":{"0":9,"1":9,"2":18,"3":139},"f":{"0":18,"1":139},"b":{"0":[0]}}
}
