TN:
SF:src\app\app.ts
FN:18,resolveCorsOrigin
FN:24,(anonymous_2)
FN:29,buildApp
FN:54,(anonymous_4)
FNF:4
FNH:4
FNDA:9,resolveCorsOrigin
FNDA:9,(anonymous_2)
FNDA:9,buildApp
FNDA:9,(anonymous_4)
DA:1,9
DA:2,9
DA:3,9
DA:4,9
DA:5,9
DA:6,9
DA:7,9
DA:8,9
DA:9,9
DA:10,9
DA:11,9
DA:12,9
DA:13,9
DA:14,9
DA:19,9
DA:20,0
DA:23,9
DA:24,9
DA:29,9
DA:30,9
DA:34,9
DA:38,9
DA:42,9
DA:44,9
DA:45,9
DA:46,9
DA:47,9
DA:48,9
DA:49,9
DA:50,9
DA:51,9
DA:54,9
DA:55,9
DA:58,9
LF:34
LH:33
BRDA:19,0,0,0
BRF:1
BRH:0
end_of_record
TN:
SF:src\config\env.ts
FN:24,(anonymous_0)
FNF:1
FNH:0
FNDA:0,(anonymous_0)
DA:1,10
DA:2,10
DA:4,10
DA:7,10
DA:19,10
DA:21,10
DA:22,0
DA:24,0
DA:29,10
LF:9
LH:7
BRDA:21,0,0,0
BRF:1
BRH:0
end_of_record
TN:
SF:src\lib\prisma.ts
FNF:0
FNH:0
DA:1,9
DA:8,9
DA:9,0
DA:12,9
DA:22,9
DA:23,9
LF:6
LH:5
BRDA:8,0,0,0
BRDA:13,1,0,9
BRDA:13,1,1,9
BRDA:17,2,0,0
BRDA:17,2,1,9
BRDA:22,3,0,9
BRF:6
BRH:4
end_of_record
TN:
SF:src\modules\appointments\appointments.controller.ts
FN:10,(anonymous_0)
FN:18,(anonymous_1)
FN:26,(anonymous_2)
FN:34,(anonymous_3)
FN:42,(anonymous_4)
FNF:5
FNH:5
FNDA:1,(anonymous_0)
FNDA:5,(anonymous_1)
FNDA:2,(anonymous_2)
FNDA:1,(anonymous_3)
FNDA:2,(anonymous_4)
DA:2,9
DA:9,9
DA:14,1
DA:15,1
DA:22,5
DA:23,2
DA:30,2
DA:31,1
DA:38,1
DA:39,1
DA:46,2
DA:47,2
LF:12
LH:12
BRF:0
BRH:0
end_of_record
TN:
SF:src\modules\appointments\appointments.repository.ts
FN:29,buildAppointmentsWhere
FN:49,(anonymous_1)
FN:60,(anonymous_2)
FN:66,(anonymous_3)
FN:75,(anonymous_4)
FN:84,(anonymous_5)
FN:93,(anonymous_6)
FN:102,(anonymous_7)
FN:111,(anonymous_8)
FN:152,(anonymous_9)
FN:167,(anonymous_10)
FN:185,(anonymous_11)
FNF:12
FNH:12
FNDA:2,buildAppointmentsWhere
FNDA:1,(anonymous_1)
FNDA:1,(anonymous_2)
FNDA:4,(anonymous_3)
FNDA:3,(anonymous_4)
FNDA:3,(anonymous_5)
FNDA:1,(anonymous_6)
FNDA:1,(anonymous_7)
FNDA:3,(anonymous_8)
FNDA:2,(anonymous_9)
FNDA:1,(anonymous_10)
FNDA:1,(anonymous_11)
DA:1,8
DA:2,8
DA:30,2
DA:50,1
DA:61,1
DA:67,4
DA:76,3
DA:85,3
DA:94,1
DA:103,1
DA:112,3
DA:113,3
DA:116,3
DA:120,3
DA:162,2
DA:179,1
DA:186,1
DA:192,8
LF:18
LH:18
BRDA:32,0,0,2
BRDA:32,0,1,0
BRDA:33,1,0,2
BRDA:33,1,1,0
BRDA:34,2,0,2
BRDA:34,2,1,0
BRDA:35,3,0,2
BRDA:35,3,1,0
BRDA:36,4,0,0
BRDA:36,4,1,2
BRDA:37,5,0,2
BRDA:37,5,1,0
BRDA:130,6,0,1
BRDA:130,6,1,2
BRDA:131,7,0,0
BRDA:131,7,1,3
BRF:16
BRH:9
end_of_record
TN:
SF:src\modules\appointments\appointments.routes.ts
FN:16,appointmentsRoutes
FNF:1
FNH:1
FNDA:9,appointmentsRoutes
DA:2,9
DA:3,9
DA:9,9
DA:14,9
DA:16,9
DA:17,9
DA:19,9
DA:27,9
DA:35,9
DA:43,9
DA:54,9
LF:11
LH:11
BRF:0
BRH:0
end_of_record
TN:
SF:src\modules\appointments\appointments.schemas.ts
FN:10,(anonymous_0)
FN:18,(anonymous_1)
FN:22,(anonymous_2)
FN:39,(anonymous_3)
FN:43,(anonymous_4)
FN:47,(anonymous_5)
FN:51,(anonymous_6)
FN:55,(anonymous_7)
FNF:8
FNH:7
FNDA:0,(anonymous_0)
FNDA:7,(anonymous_1)
FNDA:7,(anonymous_2)
FNDA:1,(anonymous_3)
FNDA:1,(anonymous_4)
FNDA:1,(anonymous_5)
FNDA:1,(anonymous_6)
FNDA:1,(anonymous_7)
DA:1,9
DA:2,9
DA:3,9
DA:9,9
DA:10,0
DA:13,9
DA:18,7
DA:22,7
DA:33,9
DA:35,9
DA:39,1
DA:43,1
DA:47,1
DA:51,1
DA:55,1
LF:15
LH:14
BRDA:18,0,0,0
BRDA:18,0,1,7
BRDA:18,1,0,7
BRDA:18,1,1,2
BRDA:22,2,0,0
BRDA:22,2,1,7
BRDA:22,3,0,7
BRDA:22,3,1,1
BRDA:39,4,0,0
BRDA:39,4,1,1
BRDA:39,5,0,1
BRDA:39,5,1,1
BRDA:43,6,0,0
BRDA:43,6,1,1
BRDA:43,7,0,1
BRDA:43,7,1,1
BRDA:47,8,0,0
BRDA:47,8,1,1
BRDA:47,9,0,1
BRDA:47,9,1,1
BRDA:51,10,0,0
BRDA:51,10,1,1
BRDA:51,11,0,1
BRDA:51,11,1,1
BRDA:55,12,0,0
BRDA:55,12,1,1
BRDA:55,13,0,1
BRDA:55,13,1,0
BRF:28
BRH:20
end_of_record
TN:
SF:src\modules\appointments\appointments.service.ts
FN:41,(anonymous_0)
FN:59,(anonymous_1)
FN:66,(anonymous_2)
FN:72,(anonymous_3)
FN:95,(anonymous_4)
FN:108,(anonymous_5)
FN:117,(anonymous_6)
FN:130,(anonymous_7)
FN:145,(anonymous_8)
FN:151,(anonymous_9)
FN:159,(anonymous_10)
FN:173,(anonymous_11)
FN:189,(anonymous_12)
FN:197,(anonymous_13)
FN:217,(anonymous_14)
FN:230,(anonymous_15)
FN:249,(anonymous_16)
FN:253,(anonymous_17)
FN:265,(anonymous_18)
FNF:19
FNH:18
FNDA:4,(anonymous_0)
FNDA:2,(anonymous_1)
FNDA:6,(anonymous_2)
FNDA:4,(anonymous_3)
FNDA:1,(anonymous_4)
FNDA:4,(anonymous_5)
FNDA:6,(anonymous_6)
FNDA:2,(anonymous_7)
FNDA:5,(anonymous_8)
FNDA:2,(anonymous_9)
FNDA:2,(anonymous_10)
FNDA:4,(anonymous_11)
FNDA:2,(anonymous_12)
FNDA:0,(anonymous_13)
FNDA:1,(anonymous_14)
FNDA:6,(anonymous_15)
FNDA:2,(anonymous_16)
FNDA:2,(anonymous_17)
FNDA:1,(anonymous_18)
DA:2,9
DA:3,9
DA:4,9
DA:13,9
DA:56,4
DA:57,4
DA:59,4
DA:60,2
DA:61,2
DA:62,2
DA:67,6
DA:68,2
DA:73,4
DA:82,4
DA:83,0
DA:92,4
DA:96,1
DA:109,4
DA:118,6
DA:131,2
DA:139,2
DA:140,2
DA:142,2
DA:146,5
DA:147,5
DA:148,4
DA:152,2
DA:164,2
DA:174,4
DA:175,4
DA:177,4
DA:184,4
DA:185,2
DA:194,2
DA:203,0
DA:204,0
DA:218,1
DA:219,1
DA:224,1
DA:231,6
DA:232,6
DA:234,4
DA:245,2
DA:246,2
DA:250,2
DA:254,2
DA:255,2
DA:257,2
DA:258,0
DA:261,2
DA:262,2
DA:266,1
DA:267,1
DA:271,9
LF:54
LH:50
BRDA:62,0,0,2
BRDA:62,0,1,2
BRDA:67,1,0,2
BRDA:67,2,0,6
BRDA:67,2,1,6
BRDA:76,3,0,2
BRDA:76,3,1,2
BRDA:79,4,0,1
BRDA:79,4,1,3
BRDA:82,5,0,0
BRDA:82,6,0,4
BRDA:82,6,1,4
BRDA:82,6,2,4
BRDA:82,6,3,2
BRDA:82,6,4,4
BRDA:82,6,5,1
BRDA:86,7,0,0
BRDA:86,7,1,0
BRDA:86,8,0,0
BRDA:86,8,1,0
BRDA:99,9,0,1
BRDA:99,9,1,0
BRDA:100,10,0,1
BRDA:100,10,1,0
BRDA:101,11,0,1
BRDA:101,11,1,0
BRDA:102,12,0,1
BRDA:102,12,1,0
BRDA:103,13,0,1
BRDA:103,13,1,0
BRDA:104,14,0,0
BRDA:104,14,1,1
BRDA:112,15,0,2
BRDA:112,15,1,2
BRDA:113,16,0,1
BRDA:113,16,1,3
BRDA:122,17,0,2
BRDA:122,17,1,4
BRDA:123,18,0,1
BRDA:123,18,1,5
BRDA:126,19,0,1
BRDA:126,19,1,5
BRDA:136,20,0,2
BRDA:136,20,1,0
BRDA:139,21,0,2
BRDA:140,22,0,2
BRDA:147,23,0,1
BRDA:154,24,0,2
BRDA:154,24,1,1
BRDA:154,24,2,0
BRDA:155,25,0,2
BRDA:155,25,1,2
BRDA:155,25,2,0
BRDA:165,26,0,2
BRDA:165,26,1,2
BRDA:165,26,2,2
BRDA:165,26,3,2
BRDA:165,26,4,2
BRDA:168,27,0,2
BRDA:168,27,1,0
BRDA:169,28,0,2
BRDA:169,28,1,0
BRDA:180,29,0,0
BRDA:180,29,1,4
BRDA:181,30,0,2
BRDA:181,30,1,2
BRDA:184,31,0,2
BRDA:240,32,0,4
BRDA:240,32,1,2
BRDA:241,33,0,4
BRDA:241,33,1,3
BRDA:257,34,0,0
BRF:72
BRH:54
end_of_record
TN:
SF:src\modules\auth\auth.controller.ts
FN:6,(anonymous_0)
FN:14,(anonymous_1)
FN:22,(anonymous_2)
FN:35,(anonymous_3)
FNF:4
FNH:4
FNDA:28,(anonymous_0)
FNDA:26,(anonymous_1)
FNDA:2,(anonymous_2)
FNDA:4,(anonymous_3)
DA:3,9
DA:5,9
DA:10,28
DA:11,27
DA:18,26
DA:19,24
DA:26,2
DA:28,2
DA:30,2
DA:39,4
DA:40,2
LF:11
LH:11
BRF:0
BRH:0
end_of_record
TN:
SF:src\modules\auth\auth.repository.ts
FN:9,(anonymous_0)
FN:16,(anonymous_1)
FN:23,(anonymous_2)
FN:29,(anonymous_3)
FN:35,(anonymous_4)
FN:49,(anonymous_5)
FN:65,(anonymous_6)
FN:71,(anonymous_7)
FN:87,(anonymous_8)
FN:99,(anonymous_9)
FNF:10
FNH:9
FNDA:51,(anonymous_0)
FNDA:27,(anonymous_1)
FNDA:0,(anonymous_2)
FNDA:1,(anonymous_3)
FNDA:4,(anonymous_4)
FNDA:23,(anonymous_5)
FNDA:1,(anonymous_6)
FNDA:1,(anonymous_7)
FNDA:26,(anonymous_8)
FNDA:26,(anonymous_9)
DA:2,8
DA:4,8
DA:10,51
DA:17,27
DA:24,0
DA:30,1
DA:36,4
DA:55,23
DA:71,1
DA:72,1
DA:76,1
DA:99,26
DA:100,26
DA:104,26
DA:105,0
DA:114,26
DA:122,8
LF:17
LH:15
BRDA:104,0,0,0
BRF:1
BRH:0
end_of_record
TN:
SF:src\modules\auth\auth.routes.ts
FN:7,authRoutes
FNF:1
FNH:1
FNDA:9,authRoutes
DA:2,9
DA:4,9
DA:5,9
DA:7,9
DA:8,9
DA:16,9
DA:24,9
DA:34,9
LF:8
LH:8
BRF:0
BRH:0
end_of_record
TN:
SF:src\modules\auth\auth.schemas.ts
FN:12,(anonymous_0)
FN:26,(anonymous_1)
FNF:2
FNH:2
FNDA:32,(anonymous_0)
FNDA:30,(anonymous_1)
DA:1,9
DA:2,9
DA:11,9
DA:12,32
DA:16,9
DA:27,30
DA:28,0
DA:36,9
DA:43,9
DA:49,9
LF:10
LH:9
BRDA:12,0,0,0
BRDA:12,0,1,32
BRDA:12,1,0,32
BRDA:12,1,1,0
BRDA:27,2,0,0
BRDA:27,3,0,30
BRDA:27,3,1,0
BRF:7
BRH:3
end_of_record
TN:
SF:src\modules\auth\auth.service.ts
FN:29,invalidRefreshTokenError
FN:34,(anonymous_2)
FN:46,(anonymous_3)
FN:72,(anonymous_4)
FN:88,(anonymous_5)
FN:102,(anonymous_6)
FN:117,(anonymous_7)
FN:136,(anonymous_8)
FN:153,(anonymous_9)
FN:166,(anonymous_10)
FN:184,(anonymous_11)
FNF:11
FNH:11
FNDA:2,invalidRefreshTokenError
FNDA:29,(anonymous_2)
FNDA:27,(anonymous_3)
FNDA:25,(anonymous_4)
FNDA:24,(anonymous_5)
FNDA:4,(anonymous_6)
FNDA:4,(anonymous_7)
FNDA:29,(anonymous_8)
FNDA:25,(anonymous_9)
FNDA:2,(anonymous_10)
FNDA:4,(anonymous_11)
DA:1,9
DA:2,9
DA:3,9
DA:4,9
DA:5,9
DA:13,9
DA:14,9
DA:15,9
DA:24,9
DA:30,2
DA:35,29
DA:41,29
DA:42,27
DA:43,27
DA:52,27
DA:54,27
DA:73,25
DA:75,25
DA:76,0
DA:79,25
DA:81,25
DA:82,1
DA:85,24
DA:89,24
DA:90,24
DA:92,24
DA:99,24
DA:103,4
DA:104,4
DA:106,0
DA:108,0
DA:109,0
DA:110,0
DA:113,0
DA:122,4
DA:124,4
DA:125,2
DA:128,2
DA:129,0
DA:130,0
DA:133,2
DA:137,29
DA:138,29
DA:139,29
DA:140,27
DA:141,27
DA:150,27
DA:154,25
DA:155,24
DA:157,24
DA:167,2
DA:169,2
DA:171,2
DA:172,0
DA:175,2
DA:177,2
DA:178,0
DA:181,2
DA:185,4
DA:186,4
DA:192,2
DA:193,2
DA:195,2
DA:202,2
DA:212,9
LF:65
LH:55
BRDA:29,0,0,2
BRDA:38,1,0,1
BRDA:38,1,1,28
BRDA:41,2,0,2
BRDA:42,3,0,0
BRDA:43,4,0,0
BRDA:61,5,0,1
BRDA:61,5,1,26
BRDA:65,6,0,1
BRDA:65,6,1,0
BRDA:75,7,0,0
BRDA:81,8,0,1
BRDA:108,9,0,0
BRDA:108,10,0,0
BRDA:108,10,1,0
BRDA:124,11,0,2
BRDA:124,12,0,4
BRDA:124,12,1,2
BRDA:128,13,0,0
BRDA:138,14,0,1
BRDA:138,14,1,28
BRDA:146,15,0,1
BRDA:146,15,1,26
BRDA:167,16,0,0
BRDA:171,17,0,0
BRDA:171,18,0,2
BRDA:171,18,1,2
BRDA:177,19,0,0
BRF:28
BRH:17
end_of_record
TN:
SF:src\modules\clients\clients.controller.ts
FN:6,(anonymous_0)
FN:14,(anonymous_1)
FN:22,(anonymous_2)
FN:30,(anonymous_3)
FN:38,(anonymous_4)
FNF:5
FNH:5
FNDA:2,(anonymous_0)
FNDA:5,(anonymous_1)
FNDA:2,(anonymous_2)
FNDA:1,(anonymous_3)
FNDA:2,(anonymous_4)
DA:3,9
DA:5,9
DA:10,2
DA:11,2
DA:18,5
DA:19,5
DA:26,2
DA:27,0
DA:34,1
DA:35,1
DA:42,2
DA:43,2
LF:12
LH:11
BRF:0
BRH:0
end_of_record
TN:
SF:src\modules\clients\clients.repository.ts
FN:16,buildClientWhere
FN:32,(anonymous_1)
FN:45,(anonymous_2)
FN:53,(anonymous_3)
FN:62,(anonymous_4)
FN:73,(anonymous_5)
FN:104,(anonymous_6)
FN:117,(anonymous_7)
FN:124,(anonymous_8)
FNF:9
FNH:9
FNDA:2,buildClientWhere
FNDA:1,(anonymous_1)
FNDA:1,(anonymous_2)
FNDA:4,(anonymous_3)
FNDA:2,(anonymous_4)
FNDA:1,(anonymous_5)
FNDA:5,(anonymous_6)
FNDA:1,(anonymous_7)
FNDA:1,(anonymous_8)
DA:2,8
DA:17,2
DA:33,1
DA:35,1
DA:46,1
DA:48,1
DA:54,4
DA:63,2
DA:74,1
DA:112,5
DA:118,1
DA:125,1
DA:131,8
LF:13
LH:13
BRDA:19,0,0,0
BRDA:19,0,1,2
BRF:2
BRH:1
end_of_record
TN:
SF:src\modules\clients\clients.routes.ts
FN:12,clientsRoutes
FNF:1
FNH:1
FNDA:9,clientsRoutes
DA:2,9
DA:3,9
DA:5,9
DA:10,9
DA:12,9
DA:13,9
DA:15,9
DA:23,9
DA:31,9
DA:39,9
DA:47,9
LF:11
LH:11
BRF:0
BRH:0
end_of_record
TN:
SF:src\modules\clients\clients.schemas.ts
FNF:0
FNH:0
DA:1,9
DA:2,9
DA:11,9
DA:21,9
DA:22,9
LF:5
LH:5
BRF:0
BRH:0
end_of_record
TN:
SF:src\modules\clients\clients.service.ts
FN:21,resolveClientStatus
FN:36,createDefaultInsights
FN:47,groupAppointmentsByClient
FN:59,findLatestCompletedVisit
FN:60,(anonymous_4)
FN:63,findNextAppointment
FN:67,(anonymous_6)
FN:85,calculateTotalSpent
FN:86,(anonymous_8)
FN:95,buildClientInsights
FN:115,buildClientInsightsMap
FN:137,(anonymous_11)
FN:142,(anonymous_12)
FN:152,(anonymous_13)
FN:163,(anonymous_14)
FN:173,(anonymous_15)
FN:185,(anonymous_16)
FN:198,(anonymous_17)
FN:202,(anonymous_18)
FN:207,(anonymous_19)
FN:218,(anonymous_20)
FN:225,(anonymous_21)
FN:238,(anonymous_22)
FNF:23
FNH:23
FNDA:3,resolveClientStatus
FNDA:3,createDefaultInsights
FNDA:3,groupAppointmentsByClient
FNDA:3,findLatestCompletedVisit
FNDA:2,(anonymous_4)
FNDA:3,findNextAppointment
FNDA:2,(anonymous_6)
FNDA:3,calculateTotalSpent
FNDA:2,(anonymous_8)
FNDA:3,buildClientInsights
FNDA:3,buildClientInsightsMap
FNDA:3,(anonymous_11)
FNDA:5,(anonymous_12)
FNDA:5,(anonymous_13)
FNDA:1,(anonymous_14)
FNDA:3,(anonymous_15)
FNDA:2,(anonymous_16)
FNDA:2,(anonymous_17)
FNDA:2,(anonymous_18)
FNDA:6,(anonymous_19)
FNDA:3,(anonymous_20)
FNDA:1,(anonymous_21)
FNDA:1,(anonymous_22)
DA:1,9
DA:2,9
DA:3,9
DA:4,9
DA:5,9
DA:14,9
DA:25,3
DA:26,2
DA:29,1
DA:30,1
DA:33,0
DA:37,3
DA:48,3
DA:50,3
DA:51,2
DA:52,2
DA:53,2
DA:56,3
DA:60,3
DA:67,3
DA:69,2
DA:73,2
DA:74,1
DA:77,1
DA:78,1
DA:81,0
DA:86,3
DA:87,2
DA:88,1
DA:91,1
DA:96,3
DA:97,3
DA:98,3
DA:100,3
DA:120,3
DA:122,3
DA:123,3
DA:126,3
DA:128,3
DA:129,3
DA:130,3
DA:133,3
DA:138,3
DA:139,3
DA:143,5
DA:145,5
DA:146,2
DA:149,3
DA:153,5
DA:164,1
DA:174,3
DA:176,3
DA:177,2
DA:180,1
DA:181,1
DA:186,2
DA:198,2
DA:199,2
DA:201,2
DA:202,2
DA:208,6
DA:209,6
DA:211,5
DA:213,5
DA:215,5
DA:219,3
DA:220,1
DA:222,1
DA:226,1
DA:228,1
DA:229,1
DA:231,1
DA:233,1
DA:235,1
DA:239,1
DA:240,1
DA:244,9
LF:77
LH:75
BRDA:25,0,0,2
BRDA:29,1,0,1
BRDA:51,2,0,2
BRDA:51,2,1,1
BRDA:69,3,0,2
BRDA:69,3,1,1
BRDA:69,3,2,1
BRDA:73,4,0,1
BRDA:77,5,0,1
BRDA:77,6,0,1
BRDA:77,6,1,0
BRDA:87,7,0,1
BRDA:98,8,0,3
BRDA:98,8,1,2
BRDA:101,9,0,3
BRDA:101,9,1,2
BRDA:102,10,0,1
BRDA:102,10,1,2
BRDA:103,11,0,1
BRDA:103,11,1,0
BRDA:103,11,2,0
BRDA:106,12,0,3
BRDA:106,12,1,2
BRDA:106,12,2,2
BRDA:118,13,0,3
BRDA:129,14,0,3
BRDA:129,14,1,2
BRDA:145,15,0,2
BRDA:157,16,0,3
BRDA:157,16,1,2
BRDA:158,17,0,2
BRDA:158,17,1,3
BRDA:159,18,0,0
BRDA:159,18,1,5
BRDA:167,19,0,1
BRDA:167,19,1,0
BRDA:168,20,0,1
BRDA:168,20,1,0
BRDA:169,21,0,1
BRDA:169,21,1,0
BRDA:176,22,0,2
BRDA:180,23,0,1
BRDA:180,24,0,1
BRDA:180,24,1,0
BRDA:191,25,0,0
BRDA:191,25,1,2
BRDA:195,26,0,0
BRDA:195,26,1,2
BRDA:202,27,0,2
BRDA:202,27,1,0
BRDA:208,28,0,3
BRDA:208,28,1,3
BRDA:209,29,0,3
BRDA:222,30,0,1
BRDA:222,30,1,0
BRDA:228,31,0,1
BRDA:228,31,1,0
BRDA:229,32,0,0
BRDA:229,33,0,1
BRDA:229,33,1,1
BRF:60
BRH:46
end_of_record
TN:
SF:src\modules\onboarding\onboarding.controller.ts
FN:6,(anonymous_0)
FN:11,(anonymous_1)
FNF:2
FNH:2
FNDA:2,(anonymous_0)
FNDA:3,(anonymous_1)
DA:3,9
DA:5,9
DA:7,2
DA:8,2
DA:15,3
DA:16,3
LF:6
LH:6
BRF:0
BRH:0
end_of_record
TN:
SF:src\modules\onboarding\onboarding.routes.ts
FN:8,onboardingRoutes
FNF:1
FNH:1
FNDA:9,onboardingRoutes
DA:2,9
DA:3,9
DA:4,9
DA:6,9
DA:8,9
DA:9,9
DA:11,9
DA:13,9
LF:8
LH:8
BRF:0
BRH:0
end_of_record
TN:
SF:src\modules\onboarding\onboarding.schemas.ts
FNF:0
FNH:0
DA:1,9
DA:2,9
DA:4,9
DA:6,9
LF:4
LH:4
BRF:0
BRH:0
end_of_record
TN:
SF:src\modules\onboarding\onboarding.service.ts
FN:28,(anonymous_0)
FN:32,(anonymous_1)
FN:34,(anonymous_2)
FN:46,(anonymous_3)
FN:81,(anonymous_4)
FN:91,(anonymous_5)
FN:101,(anonymous_6)
FN:111,(anonymous_7)
FN:136,(anonymous_8)
FN:146,(anonymous_9)
FN:147,(anonymous_10)
FN:154,(anonymous_11)
FN:168,(anonymous_12)
FN:195,(anonymous_13)
FN:209,(anonymous_14)
FN:217,(anonymous_15)
FN:218,(anonymous_16)
FN:225,(anonymous_17)
FN:234,(anonymous_18)
FN:237,(anonymous_19)
FN:260,(anonymous_20)
FN:264,(anonymous_21)
FN:268,(anonymous_22)
FNF:23
FNH:23
FNDA:6,(anonymous_0)
FNDA:14,(anonymous_1)
FNDA:12,(anonymous_2)
FNDA:9,(anonymous_3)
FNDA:7,(anonymous_4)
FNDA:6,(anonymous_5)
FNDA:5,(anonymous_6)
FNDA:5,(anonymous_7)
FNDA:5,(anonymous_8)
FNDA:7,(anonymous_9)
FNDA:9,(anonymous_10)
FNDA:4,(anonymous_11)
FNDA:5,(anonymous_12)
FNDA:5,(anonymous_13)
FNDA:8,(anonymous_14)
FNDA:5,(anonymous_15)
FNDA:8,(anonymous_16)
FNDA:3,(anonymous_17)
FNDA:3,(anonymous_18)
FNDA:5,(anonymous_19)
FNDA:4,(anonymous_20)
FNDA:7,(anonymous_21)
FNDA:5,(anonymous_22)
DA:2,10
DA:3,10
DA:4,10
DA:5,10
DA:15,10
DA:21,10
DA:29,6
DA:31,6
DA:32,14
DA:35,12
DA:37,12
DA:38,3
DA:41,9
DA:42,9
DA:47,9
DA:59,9
DA:60,1
DA:64,8
DA:69,8
DA:82,7
DA:84,7
DA:85,1
DA:88,6
DA:92,6
DA:94,6
DA:95,1
DA:98,5
DA:102,5
DA:117,5
DA:118,5
DA:120,5
DA:121,3
DA:125,3
DA:128,2
DA:141,5
DA:142,5
DA:146,7
DA:147,9
DA:149,5
DA:150,2
DA:153,3
DA:154,4
DA:165,3
DA:174,5
DA:175,5
DA:177,5
DA:178,3
DA:181,2
DA:192,2
DA:200,5
DA:201,5
DA:202,1
DA:205,4
DA:209,8
DA:217,5
DA:218,8
DA:220,4
DA:221,2
DA:224,2
DA:225,3
DA:234,3
DA:244,5
DA:245,5
DA:246,5
DA:247,5
DA:248,5
DA:250,5
DA:261,4
DA:265,7
DA:266,6
DA:268,5
DA:272,10
LF:72
LH:72
BRDA:32,0,0,14
BRDA:32,0,1,1
BRDA:37,1,0,3
BRDA:59,2,0,1
BRDA:64,3,0,8
BRDA:64,3,1,2
BRDA:64,3,2,2
BRDA:64,3,3,2
BRDA:71,4,0,8
BRDA:71,4,1,1
BRDA:72,5,0,8
BRDA:72,5,1,1
BRDA:73,6,0,8
BRDA:73,6,1,1
BRDA:84,7,0,1
BRDA:94,8,0,1
BRDA:104,9,0,5
BRDA:104,9,1,4
BRDA:120,10,0,3
BRDA:149,11,0,2
BRDA:177,12,0,3
BRDA:185,13,0,2
BRDA:185,13,1,0
BRDA:188,14,0,2
BRDA:188,14,1,0
BRDA:201,15,0,1
BRDA:220,16,0,2
BRF:27
BRH:25
end_of_record
TN:
SF:src\modules\professionals\professionals.controller.ts
FN:10,(anonymous_0)
FN:18,(anonymous_1)
FN:26,(anonymous_2)
FN:34,(anonymous_3)
FN:42,(anonymous_4)
FNF:5
FNH:5
FNDA:2,(anonymous_0)
FNDA:4,(anonymous_1)
FNDA:2,(anonymous_2)
FNDA:1,(anonymous_3)
FNDA:2,(anonymous_4)
DA:7,9
DA:9,9
DA:14,2
DA:15,2
DA:22,4
DA:23,4
DA:30,2
DA:31,0
DA:38,1
DA:39,1
DA:46,2
DA:47,2
LF:12
LH:11
BRF:0
BRH:0
end_of_record
TN:
SF:src\modules\professionals\professionals.repository.ts
FN:18,buildProfessionalWhere
FN:36,(anonymous_1)
FN:49,(anonymous_2)
FN:57,(anonymous_3)
FN:66,(anonymous_4)
FN:79,(anonymous_5)
FN:86,(anonymous_6)
FNF:7
FNH:7
FNDA:2,buildProfessionalWhere
FNDA:1,(anonymous_1)
FNDA:1,(anonymous_2)
FNDA:4,(anonymous_3)
FNDA:4,(anonymous_4)
FNDA:1,(anonymous_5)
FNDA:1,(anonymous_6)
DA:2,8
DA:19,2
DA:37,1
DA:39,1
DA:50,1
DA:52,1
DA:58,4
DA:74,4
DA:80,1
DA:87,1
DA:93,8
LF:11
LH:11
BRDA:21,0,0,2
BRDA:21,0,1,0
BRDA:22,1,0,0
BRDA:22,1,1,2
BRF:4
BRH:2
end_of_record
TN:
SF:src\modules\professionals\professionals.routes.ts
FN:16,professionalsRoutes
FNF:1
FNH:1
FNDA:9,professionalsRoutes
DA:2,9
DA:3,9
DA:9,9
DA:14,9
DA:16,9
DA:17,9
DA:19,9
DA:27,9
DA:35,9
DA:43,9
DA:51,9
LF:11
LH:11
BRF:0
BRH:0
end_of_record
TN:
SF:src\modules\professionals\professionals.schemas.ts
FN:10,(anonymous_0)
FN:28,(anonymous_1)
FNF:2
FNH:1
FNDA:0,(anonymous_0)
FNDA:2,(anonymous_1)
DA:1,9
DA:2,9
DA:9,9
DA:10,0
DA:13,9
DA:23,9
DA:25,9
DA:28,2
LF:8
LH:7
BRDA:28,0,0,0
BRDA:28,0,1,2
BRDA:28,1,0,2
BRDA:28,1,1,2
BRF:4
BRH:3
end_of_record
TN:
SF:src\modules\professionals\professionals.service.ts
FN:15,(anonymous_0)
FN:23,(anonymous_1)
FN:47,(anonymous_2)
FN:62,(anonymous_3)
FN:72,(anonymous_4)
FN:92,(anonymous_5)
FNF:6
FNH:6
FNDA:8,(anonymous_0)
FNDA:2,(anonymous_1)
FNDA:5,(anonymous_2)
FNDA:2,(anonymous_3)
FNDA:2,(anonymous_4)
FNDA:1,(anonymous_5)
DA:1,9
DA:2,9
DA:3,9
DA:12,9
DA:16,8
DA:17,0
DA:20,8
DA:24,2
DA:26,2
DA:41,2
DA:48,5
DA:57,5
DA:59,5
DA:63,2
DA:65,2
DA:66,2
DA:69,0
DA:73,2
DA:75,2
DA:76,1
DA:79,1
DA:87,1
DA:89,1
DA:93,1
DA:95,1
DA:96,0
DA:99,1
DA:103,9
LF:28
LH:25
BRDA:16,0,0,0
BRDA:31,1,0,1
BRDA:31,1,1,1
BRDA:32,2,0,2
BRDA:32,2,1,0
BRDA:36,3,0,1
BRDA:36,3,1,1
BRDA:37,4,0,2
BRDA:37,4,1,0
BRDA:53,5,0,5
BRDA:53,5,1,0
BRDA:54,6,0,2
BRDA:54,6,1,3
BRDA:65,7,0,2
BRDA:75,8,0,1
BRDA:83,9,0,1
BRDA:83,9,1,0
BRDA:84,10,0,1
BRDA:84,10,1,0
BRDA:95,11,0,0
BRF:20
BRH:13
end_of_record
TN:
SF:src\modules\rooms\rooms.controller.ts
FN:6,(anonymous_0)
FN:14,(anonymous_1)
FN:22,(anonymous_2)
FN:30,(anonymous_3)
FN:38,(anonymous_4)
FNF:5
FNH:5
FNDA:1,(anonymous_0)
FNDA:3,(anonymous_1)
FNDA:4,(anonymous_2)
FNDA:2,(anonymous_3)
FNDA:2,(anonymous_4)
DA:3,9
DA:5,9
DA:10,1
DA:11,1
DA:18,3
DA:19,3
DA:26,4
DA:27,2
DA:34,2
DA:35,1
DA:42,2
DA:43,1
LF:12
LH:12
BRF:0
BRH:0
end_of_record
TN:
SF:src\modules\rooms\rooms.repository.ts
FN:18,getMonthRange
FN:25,buildRoomWhere
FN:38,(anonymous_2)
FN:51,(anonymous_3)
FN:59,(anonymous_4)
FN:65,(anonymous_5)
FN:74,(anonymous_6)
FN:85,(anonymous_7)
FN:91,(anonymous_8)
FN:102,(anonymous_9)
FN:109,(anonymous_10)
FN:115,(anonymous_11)
FN:137,(anonymous_12)
FNF:13
FNH:10
FNDA:4,getMonthRange
FNDA:2,buildRoomWhere
FNDA:1,(anonymous_2)
FNDA:1,(anonymous_3)
FNDA:0,(anonymous_4)
FNDA:8,(anonymous_5)
FNDA:0,(anonymous_6)
FNDA:3,(anonymous_7)
FNDA:0,(anonymous_8)
FNDA:1,(anonymous_9)
FNDA:1,(anonymous_10)
FNDA:4,(anonymous_11)
FNDA:1,(anonymous_12)
DA:1,9
DA:2,9
DA:19,4
DA:20,4
DA:22,4
DA:26,2
DA:39,1
DA:41,1
DA:52,1
DA:54,1
DA:60,0
DA:66,8
DA:75,0
DA:86,3
DA:92,0
DA:93,0
DA:96,0
DA:103,1
DA:110,1
DA:116,4
DA:117,0
DA:120,4
DA:122,4
DA:137,4
DA:138,1
DA:139,0
DA:142,1
DA:143,1
DA:148,9
LF:29
LH:22
BRDA:18,0,0,4
BRDA:28,1,0,2
BRDA:28,1,1,0
BRDA:29,2,0,2
BRDA:29,2,1,0
BRDA:92,3,0,0
BRDA:116,4,0,0
BRDA:138,5,0,0
BRDA:142,6,0,1
BRDA:142,6,1,1
BRF:10
BRH:5
end_of_record
TN:
SF:src\modules\rooms\rooms.routes.ts
FN:8,roomsRoutes
FNF:1
FNH:1
FNDA:9,roomsRoutes
DA:2,9
DA:3,9
DA:5,9
DA:6,9
DA:8,9
DA:9,9
DA:11,9
DA:19,9
DA:27,9
DA:35,9
DA:43,9
LF:11
LH:11
BRF:0
BRH:0
end_of_record
TN:
SF:src\modules\rooms\rooms.schemas.ts
FN:19,(anonymous_0)
FNF:1
FNH:1
FNDA:6,(anonymous_0)
DA:1,9
DA:2,9
DA:9,9
DA:15,9
DA:19,6
DA:29,9
DA:31,9
LF:7
LH:7
BRDA:19,0,0,0
BRDA:19,0,1,6
BRDA:19,1,0,6
BRDA:19,1,1,6
BRF:4
BRH:3
end_of_record
TN:
SF:src\modules\rooms\rooms.service.ts
FN:14,getMonthlyAppointmentsCount
FN:20,(anonymous_1)
FN:38,(anonymous_2)
FN:42,(anonymous_3)
FN:47,(anonymous_4)
FN:58,(anonymous_5)
FN:68,(anonymous_6)
FN:84,(anonymous_7)
FNF:8
FNH:8
FNDA:5,getMonthlyAppointmentsCount
FNDA:3,(anonymous_1)
FNDA:3,(anonymous_2)
FNDA:3,(anonymous_3)
FNDA:4,(anonymous_4)
FNDA:6,(anonymous_5)
FNDA:3,(anonymous_6)
FNDA:4,(anonymous_7)
DA:1,10
DA:2,10
DA:3,10
DA:12,10
DA:15,5
DA:16,5
DA:21,3
DA:36,3
DA:38,3
DA:41,3
DA:42,3
DA:48,4
DA:55,4
DA:59,6
DA:61,6
DA:62,3
DA:65,3
DA:69,3
DA:71,3
DA:72,1
DA:75,2
DA:81,2
DA:85,4
DA:87,4
DA:88,2
DA:91,2
DA:95,10
LF:27
LH:27
BRDA:16,0,0,5
BRDA:16,0,1,2
BRDA:26,1,0,2
BRDA:26,1,1,1
BRDA:27,2,0,2
BRDA:27,2,1,1
BRDA:31,3,0,2
BRDA:31,3,1,1
BRDA:32,4,0,2
BRDA:32,4,1,1
BRDA:42,5,0,3
BRDA:42,5,1,1
BRDA:52,6,0,3
BRDA:52,6,1,1
BRDA:61,7,0,3
BRDA:71,8,0,1
BRDA:78,9,0,2
BRDA:78,9,1,0
BRDA:87,10,0,2
BRF:19
BRH:18
end_of_record
TN:
SF:src\modules\services\services.controller.ts
FN:6,(anonymous_0)
FN:14,(anonymous_1)
FN:22,(anonymous_2)
FN:30,(anonymous_3)
FN:38,(anonymous_4)
FNF:5
FNH:5
FNDA:1,(anonymous_0)
FNDA:5,(anonymous_1)
FNDA:2,(anonymous_2)
FNDA:1,(anonymous_3)
FNDA:1,(anonymous_4)
DA:3,9
DA:5,9
DA:10,1
DA:11,1
DA:18,5
DA:19,5
DA:26,2
DA:27,0
DA:34,1
DA:35,1
DA:42,1
DA:43,1
LF:12
LH:11
BRF:0
BRH:0
end_of_record
TN:
SF:src\modules\services\services.repository.ts
FN:26,buildRangeFilter
FN:37,buildServiceWhere
FN:60,(anonymous_2)
FN:73,(anonymous_3)
FN:81,(anonymous_4)
FN:90,(anonymous_5)
FN:105,(anonymous_6)
FN:123,(anonymous_7)
FN:129,(anonymous_8)
FN:151,(anonymous_9)
FNF:10
FNH:5
FNDA:0,buildRangeFilter
FNDA:0,buildServiceWhere
FNDA:0,(anonymous_2)
FNDA:0,(anonymous_3)
FNDA:4,(anonymous_4)
FNDA:4,(anonymous_5)
FNDA:1,(anonymous_6)
FNDA:1,(anonymous_7)
FNDA:0,(anonymous_8)
FNDA:1,(anonymous_9)
DA:1,8
DA:2,8
DA:27,0
DA:28,0
DA:31,0
DA:38,0
DA:39,0
DA:40,0
DA:42,0
DA:61,0
DA:63,0
DA:74,0
DA:76,0
DA:82,4
DA:100,4
DA:117,1
DA:124,1
DA:130,0
DA:131,0
DA:134,0
DA:152,1
DA:164,8
LF:22
LH:8
BRDA:27,0,0,0
BRDA:27,1,0,0
BRDA:27,1,1,0
BRDA:32,2,0,0
BRDA:32,2,1,0
BRDA:33,3,0,0
BRDA:33,3,1,0
BRDA:44,4,0,0
BRDA:44,4,1,0
BRDA:45,5,0,0
BRDA:45,5,1,0
BRDA:46,6,0,0
BRDA:46,6,1,0
BRDA:47,7,0,0
BRDA:47,7,1,0
BRDA:48,8,0,0
BRDA:48,8,1,0
BRDA:130,9,0,0
BRF:18
BRH:0
end_of_record
TN:
SF:src\modules\services\services.routes.ts
FN:12,servicesRoutes
FNF:1
FNH:1
FNDA:9,servicesRoutes
DA:2,9
DA:3,9
DA:5,9
DA:10,9
DA:12,9
DA:13,9
DA:15,9
DA:23,9
DA:31,9
DA:39,9
DA:47,9
LF:11
LH:11
BRF:0
BRH:0
end_of_record
TN:
SF:src\modules\services\services.schemas.ts
FN:12,(anonymous_0)
FN:17,(anonymous_1)
FN:21,(anonymous_2)
FN:49,(anonymous_3)
FNF:4
FNH:2
FNDA:4,(anonymous_0)
FNDA:0,(anonymous_1)
FNDA:0,(anonymous_2)
FNDA:1,(anonymous_3)
DA:1,9
DA:2,9
DA:9,9
DA:11,9
DA:12,4
DA:16,9
DA:17,0
DA:20,9
DA:21,0
DA:24,9
DA:39,9
DA:41,9
DA:49,1
LF:13
LH:11
BRDA:12,0,0,0
BRDA:12,0,1,4
BRDA:12,1,0,4
BRDA:12,1,1,0
BRDA:49,2,0,0
BRDA:49,2,1,1
BRDA:49,3,0,1
BRDA:49,3,1,1
BRF:8
BRH:5
end_of_record
TN:
SF:src\modules\services\services.service.ts
FN:20,(anonymous_0)
FN:34,(anonymous_1)
FN:44,(anonymous_2)
FN:46,(anonymous_3)
FN:49,(anonymous_4)
FN:64,(anonymous_5)
FN:76,(anonymous_6)
FN:82,(anonymous_7)
FN:85,(anonymous_8)
FN:90,(anonymous_9)
FN:96,(anonymous_10)
FN:103,(anonymous_11)
FN:112,(anonymous_12)
FNF:13
FNH:13
FNDA:1,(anonymous_0)
FNDA:7,(anonymous_1)
FNDA:1,(anonymous_2)
FNDA:1,(anonymous_3)
FNDA:5,(anonymous_4)
FNDA:2,(anonymous_5)
FNDA:1,(anonymous_6)
FNDA:1,(anonymous_7)
FNDA:1,(anonymous_8)
FNDA:5,(anonymous_9)
FNDA:3,(anonymous_10)
FNDA:2,(anonymous_11)
FNDA:2,(anonymous_12)
DA:1,9
DA:2,9
DA:3,9
DA:4,9
DA:13,9
DA:21,1
DA:23,1
DA:35,7
DA:37,7
DA:38,4
DA:41,3
DA:45,1
DA:46,1
DA:50,5
DA:52,5
DA:65,2
DA:77,1
DA:78,1
DA:82,1
DA:84,1
DA:85,1
DA:91,5
DA:93,5
DA:97,3
DA:98,0
DA:100,0
DA:104,2
DA:105,2
DA:107,2
DA:109,2
DA:113,2
DA:114,1
DA:118,9
LF:33
LH:31
BRDA:24,0,0,1
BRDA:24,0,1,0
BRDA:25,1,0,1
BRDA:25,1,1,0
BRDA:26,2,0,1
BRDA:26,2,1,0
BRDA:27,3,0,1
BRDA:27,3,1,0
BRDA:28,4,0,1
BRDA:28,4,1,0
BRDA:29,5,0,1
BRDA:29,5,1,0
BRDA:30,6,0,1
BRDA:30,6,1,0
BRDA:37,7,0,4
BRDA:59,8,0,3
BRDA:59,8,1,2
BRDA:60,9,0,2
BRDA:60,9,1,3
BRDA:69,10,0,2
BRDA:69,10,1,1
BRDA:70,11,0,2
BRDA:70,11,1,1
BRDA:72,12,0,1
BRDA:72,12,1,1
BRDA:85,13,0,1
BRDA:85,13,1,0
BRF:27
BRH:19
end_of_record
TN:
SF:src\modules\users\users.controller.ts
FN:6,(anonymous_0)
FN:11,(anonymous_1)
FNF:2
FNH:2
FNDA:3,(anonymous_0)
FNDA:2,(anonymous_1)
DA:2,9
DA:5,9
DA:7,3
DA:8,3
DA:15,2
DA:16,2
LF:6
LH:6
BRF:0
BRH:0
end_of_record
TN:
SF:src\modules\users\users.repository.ts
FN:9,(anonymous_0)
FN:16,(anonymous_1)
FN:23,(anonymous_2)
FN:29,(anonymous_3)
FN:39,(anonymous_4)
FNF:5
FNH:3
FNDA:6,(anonymous_0)
FNDA:0,(anonymous_1)
FNDA:0,(anonymous_2)
FNDA:1,(anonymous_3)
FNDA:1,(anonymous_4)
DA:2,9
DA:4,9
DA:10,6
DA:17,0
DA:24,0
DA:39,1
DA:40,1
DA:49,1
DA:50,0
DA:55,0
DA:59,0
DA:60,0
DA:65,0
DA:74,1
DA:82,9
LF:15
LH:8
BRDA:49,0,0,0
BRDA:59,1,0,0
BRDA:59,1,1,0
BRF:3
BRH:0
end_of_record
TN:
SF:src\modules\users\users.routes.ts
FN:8,usersRoutes
FNF:1
FNH:1
FNDA:9,usersRoutes
DA:2,9
DA:3,9
DA:5,9
DA:6,9
DA:8,9
DA:9,9
DA:11,9
DA:16,9
LF:8
LH:8
BRF:0
BRH:0
end_of_record
TN:
SF:src\modules\users\users.schemas.ts
FN:11,(anonymous_0)
FN:24,(anonymous_1)
FNF:2
FNH:2
FNDA:7,(anonymous_0)
FNDA:6,(anonymous_1)
DA:1,9
DA:2,9
DA:10,9
DA:11,7
DA:15,9
DA:25,6
DA:26,0
LF:7
LH:6
BRDA:11,0,0,0
BRDA:11,0,1,7
BRDA:11,1,0,7
BRDA:11,1,1,1
BRDA:25,2,0,0
BRDA:25,3,0,6
BRDA:25,3,1,1
BRF:7
BRH:5
end_of_record
TN:
SF:src\modules\users\users.service.ts
FN:13,(anonymous_1)
FN:23,(anonymous_2)
FNF:2
FNH:2
FNDA:4,(anonymous_1)
FNDA:4,(anonymous_2)
DA:1,9
DA:2,9
DA:3,9
DA:4,9
DA:10,9
DA:14,4
DA:16,4
DA:17,1
DA:20,3
DA:27,4
DA:29,4
DA:30,0
DA:33,4
DA:34,4
DA:36,4
DA:37,2
DA:39,2
DA:40,1
DA:44,3
DA:45,2
DA:47,2
DA:48,1
DA:52,2
DA:54,2
DA:69,2
DA:71,2
DA:75,9
LF:27
LH:26
BRDA:16,0,0,1
BRDA:29,1,0,0
BRDA:34,2,0,2
BRDA:34,2,1,2
BRDA:36,3,0,2
BRDA:39,4,0,1
BRDA:39,5,0,2
BRDA:39,5,1,1
BRDA:44,6,0,2
BRDA:47,7,0,1
BRDA:47,8,0,2
BRDA:47,8,1,1
BRDA:59,9,0,1
BRDA:59,9,1,1
BRDA:63,10,0,1
BRDA:63,10,1,0
BRF:16
BRH:14
end_of_record
TN:
SF:src\shared\auth\authenticate.ts
FN:6,invalidTokenError
FN:11,authenticate
FNF:2
FNH:2
FNDA:11,invalidTokenError
FNDA:71,authenticate
DA:2,7
DA:3,7
DA:7,11
DA:11,7
DA:12,71
DA:13,0
DA:16,71
DA:17,71
DA:19,7
DA:22,64
DA:23,64
DA:24,64
DA:26,64
DA:33,1
DA:36,63
DA:47,63
DA:48,3
LF:17
LH:16
BRDA:12,0,0,0
BRDA:26,1,0,1
BRDA:27,2,0,64
BRDA:27,2,1,64
BRDA:27,2,2,64
BRDA:27,2,3,64
BRDA:27,2,4,64
BRDA:47,3,0,3
BRF:8
BRH:7
end_of_record
TN:
SF:src\shared\auth\jwt.ts
FN:13,isAuthTokenPayload
FN:23,signToken
FN:37,signAccessToken
FN:44,signRefreshToken
FN:51,verifyRefreshToken
FN:62,decodeAuthToken
FN:73,getTokenExpirationDate
FN:84,hashToken
FNF:8
FNH:8
FNDA:28,isAuthTokenPayload
FNDA:48,signToken
FNDA:24,signAccessToken
FNDA:24,signRefreshToken
FNDA:3,verifyRefreshToken
FNDA:25,decodeAuthToken
FNDA:24,getTokenExpirationDate
FNDA:28,hashToken
DA:1,8
DA:2,8
DA:3,8
DA:14,28
DA:31,48
DA:37,8
DA:38,24
DA:40,24
DA:44,8
DA:45,24
DA:47,24
DA:51,8
DA:52,3
DA:54,3
DA:55,0
DA:58,3
DA:62,8
DA:63,25
DA:65,25
DA:66,0
DA:69,25
DA:73,8
DA:74,24
DA:76,24
DA:77,0
DA:80,24
DA:84,8
DA:85,28
LF:28
LH:25
BRDA:15,0,0,28
BRDA:15,0,1,28
BRDA:15,0,2,28
BRDA:15,0,3,28
BRDA:15,0,4,28
BRDA:15,0,5,28
BRDA:54,1,0,0
BRDA:54,2,0,3
BRDA:54,2,1,3
BRDA:65,3,0,0
BRDA:76,4,0,0
BRDA:76,5,0,24
BRDA:76,5,1,24
BRF:13
BRH:10
end_of_record
TN:
SF:src\shared\errors\app-error.ts
FN:8,(anonymous_0)
FNF:1
FNH:1
FNDA:52,(anonymous_0)
DA:5,18
DA:9,52
DA:10,52
DA:13,52
DA:14,52
DA:15,52
LF:6
LH:6
BRF:0
BRH:0
end_of_record
TN:
SF:src\shared\http\error-handler.ts
FN:20,mapUniqueConstraint
FN:39,logHandledError
FN:64,registerErrorHandler
FN:65,(anonymous_3)
FN:84,(anonymous_4)
FNF:5
FNH:5
FNDA:4,mapUniqueConstraint
FNDA:58,logHandledError
FNDA:10,registerErrorHandler
FNDA:58,(anonymous_3)
FNDA:25,(anonymous_4)
DA:2,10
DA:3,10
DA:4,10
DA:21,4
DA:23,4
DA:24,1
DA:27,3
DA:28,1
DA:31,2
DA:32,1
DA:35,1
DA:42,58
DA:43,58
DA:52,58
DA:53,1
DA:57,1
DA:60,57
DA:64,10
DA:65,10
DA:66,58
DA:67,33
DA:73,33
DA:75,33
DA:80,25
DA:81,17
DA:84,25
DA:90,17
DA:92,17
DA:97,8
DA:98,5
DA:99,4
DA:100,4
DA:106,4
DA:108,4
DA:113,1
DA:114,1
DA:119,1
DA:121,1
DA:127,3
DA:129,3
DA:130,2
DA:135,2
DA:137,2
DA:142,1
DA:152,1
LF:45
LH:45
BRDA:21,0,0,4
BRDA:21,0,1,0
BRDA:21,1,0,0
BRDA:21,1,1,0
BRDA:23,2,0,1
BRDA:27,3,0,1
BRDA:31,4,0,1
BRDA:49,5,0,18
BRDA:49,5,1,40
BRDA:52,6,0,1
BRDA:55,7,0,1
BRDA:55,7,1,0
BRDA:66,8,0,33
BRDA:70,9,0,1
BRDA:70,9,1,32
BRDA:80,10,0,17
BRDA:97,11,0,5
BRDA:98,12,0,4
BRDA:103,13,0,0
BRDA:103,13,1,4
BRDA:113,14,0,1
BRDA:129,15,0,2
BRDA:129,16,0,3
BRDA:129,16,1,2
BRF:24
BRH:19
end_of_record
TN:
SF:src\shared\http\validate-request.ts
FN:17,validateRequest
FN:24,validationHook
FNF:2
FNH:2
FNDA:279,validateRequest
FNDA:137,validationHook
DA:17,9
DA:24,279
DA:25,137
DA:27,137
DA:28,109
DA:31,121
DA:32,27
DA:35,121
DA:36,7
LF:9
LH:9
BRDA:27,0,0,109
BRDA:31,1,0,27
BRDA:35,2,0,7
BRF:3
BRH:3
end_of_record
TN:
SF:src\shared\mappers\appointment-response.ts
FN:16,toAppointmentResponse
FNF:1
FNH:1
FNDA:6,toAppointmentResponse
DA:16,9
DA:17,6
LF:2
LH:2
BRDA:21,0,0,6
BRDA:21,0,1,1
BRDA:24,1,0,6
BRDA:24,1,1,1
BRF:4
BRH:4
end_of_record
TN:
SF:src\shared\mappers\client-response.ts
FN:32,toClientResponse
FNF:1
FNH:1
FNDA:9,toClientResponse
DA:32,9
DA:33,9
LF:2
LH:2
BRDA:32,0,0,6
BRDA:36,1,0,9
BRDA:36,1,1,3
BRDA:38,2,0,9
BRDA:38,2,1,5
BRDA:39,3,0,9
BRDA:39,3,1,6
BRDA:40,4,0,1
BRDA:40,4,1,8
BRDA:41,5,0,9
BRDA:41,5,1,8
BRDA:41,5,2,6
BRDA:42,6,0,1
BRDA:42,6,1,8
BRDA:43,7,0,9
BRDA:43,7,1,8
BRDA:44,8,0,9
BRDA:44,8,1,6
BRDA:45,9,0,9
BRDA:45,9,1,6
BRF:20
BRH:20
end_of_record
TN:
SF:src\shared\mappers\professional-response.ts
FN:22,getInitials
FN:27,(anonymous_1)
FN:32,pickTone
FN:35,(anonymous_3)
FN:41,toProfessionalResponse
FNF:5
FNH:5
FNDA:8,getInitials
FNDA:16,(anonymous_1)
FNDA:8,pickTone
FNDA:74,(anonymous_3)
FNDA:8,toProfessionalResponse
DA:19,9
DA:23,8
DA:27,16
DA:33,8
DA:35,74
DA:37,8
DA:41,9
DA:42,8
LF:8
LH:8
BRDA:27,0,0,16
BRDA:27,0,1,0
BRDA:37,1,0,8
BRDA:37,1,1,0
BRDA:46,2,0,8
BRDA:46,2,1,3
BRDA:48,3,0,6
BRDA:48,3,1,2
BRF:8
BRH:6
end_of_record
TN:
SF:src\shared\mappers\room-response.ts
FN:16,toRoomResponse
FNF:1
FNH:1
FNDA:12,toRoomResponse
DA:16,10
DA:17,12
LF:2
LH:2
BRDA:16,0,0,0
BRDA:20,1,0,12
BRDA:20,1,1,2
BRDA:22,2,0,8
BRDA:22,2,1,4
BRF:5
BRH:4
end_of_record
TN:
SF:src\shared\mappers\service-response.ts
FN:21,toServiceResponse
FNF:1
FNH:1
FNDA:8,toServiceResponse
DA:2,9
DA:21,9
DA:22,8
DA:24,8
LF:4
LH:4
BRDA:21,0,0,0
BRDA:27,1,0,8
BRDA:27,1,1,3
BRF:3
BRH:2
end_of_record
TN:
SF:src\shared\mappers\user-response.ts
FN:21,toUserResponse
FNF:1
FNH:1
FNDA:58,toUserResponse
DA:21,11
DA:22,58
LF:2
LH:2
BRDA:27,0,0,2
BRDA:27,0,1,56
BRDA:30,1,0,2
BRDA:30,1,1,0
BRF:4
BRH:3
end_of_record
TN:
SF:src\shared\utils\documents.ts
FN:2,normalizeNumericString
FN:7,isValidCpf
FN:42,isValidCnpj
FN:49,(anonymous_3)
FN:50,(anonymous_4)
FNF:5
FNH:5
FNDA:122,normalizeNumericString
FNDA:40,isValidCpf
FNDA:1,isValidCnpj
FNDA:2,(anonymous_3)
FNDA:25,(anonymous_4)
DA:2,12
DA:3,122
DA:7,12
DA:8,40
DA:10,40
DA:11,2
DA:14,38
DA:15,38
DA:16,342
DA:19,38
DA:20,38
DA:21,12
DA:24,38
DA:25,0
DA:28,38
DA:29,38
DA:30,380
DA:33,38
DA:34,38
DA:35,0
DA:38,38
DA:42,12
DA:43,1
DA:45,1
DA:46,0
DA:49,1
DA:50,2
DA:51,25
DA:52,25
DA:55,2
DA:56,2
DA:59,1
DA:60,1
DA:62,1
LF:34
LH:31
BRDA:10,0,0,2
BRDA:10,1,0,40
BRDA:10,1,1,40
BRDA:20,2,0,12
BRDA:24,3,0,0
BRDA:34,4,0,0
BRDA:45,5,0,0
BRDA:45,6,0,1
BRDA:45,6,1,1
BRDA:51,7,0,25
BRDA:51,7,1,0
BRDA:56,8,0,0
BRDA:56,8,1,2
BRF:13
BRH:8
end_of_record
TN:
SF:src\shared\utils\pagination.ts
FN:7,getPagination
FN:15,buildPaginationMeta
FNF:2
FNH:2
FNDA:1,getPagination
FNDA:11,buildPaginationMeta
DA:7,15
DA:8,1
DA:15,15
DA:16,11
LF:4
LH:4
BRDA:20,0,0,2
BRDA:20,0,1,9
BRF:2
BRH:2
end_of_record
TN:
SF:src\shared\utils\service-catalog.ts
FN:42,inferServiceIcon
FN:55,normalizeServiceIcon
FN:64,mapRiskToLevel
FN:81,mapRiskLevelToResponse
FNF:4
FNH:4
FNDA:6,inferServiceIcon
FNDA:10,normalizeServiceIcon
FNDA:8,mapRiskToLevel
FNDA:8,mapRiskLevelToResponse
DA:1,10
DA:3,10
DA:4,10
DA:23,10
DA:42,10
DA:43,6
DA:45,6
DA:46,5
DA:47,4
DA:48,3
DA:49,0
DA:51,0
DA:55,10
DA:56,10
DA:57,4
DA:60,6
DA:64,10
DA:65,8
DA:66,3
DA:69,5
DA:70,3
DA:73,2
DA:74,2
DA:77,0
DA:81,10
DA:82,8
LF:26
LH:23
BRDA:43,0,0,6
BRDA:43,0,1,0
BRDA:45,1,0,1
BRDA:46,2,0,1
BRDA:46,3,0,5
BRDA:46,3,1,4
BRDA:47,4,0,1
BRDA:48,5,0,3
BRDA:49,6,0,0
BRDA:56,7,0,4
BRDA:56,8,0,10
BRDA:56,8,1,4
BRDA:65,9,0,3
BRDA:69,10,0,3
BRDA:73,11,0,2
BRF:15
BRH:13
end_of_record
TN:
SF:src\shared\validation\common-schemas.ts
FN:16,(anonymous_0)
FN:25,(anonymous_1)
FN:46,(anonymous_2)
FN:55,(anonymous_3)
FN:63,(anonymous_4)
FN:71,(anonymous_5)
FN:75,(anonymous_6)
FN:82,(anonymous_7)
FNF:8
FNH:8
FNDA:88,(anonymous_0)
FNDA:2,(anonymous_1)
FNDA:63,(anonymous_2)
FNDA:37,(anonymous_3)
FNDA:40,(anonymous_4)
FNDA:1,(anonymous_5)
FNDA:153,(anonymous_6)
FNDA:45,(anonymous_7)
DA:1,9
DA:2,9
DA:16,9
DA:17,88
DA:18,0
DA:21,88
DA:25,9
DA:26,2
DA:27,0
DA:30,2
DA:31,2
DA:34,0
DA:35,0
DA:38,0
DA:41,9
DA:46,63
DA:48,9
DA:50,9
DA:55,37
DA:59,9
DA:63,40
DA:65,9
DA:67,9
DA:71,1
DA:73,9
DA:75,9
DA:76,153
DA:82,9
DA:83,45
DA:85,9
DA:91,9
DA:99,9
LF:32
LH:27
BRDA:17,0,0,0
BRDA:17,1,0,88
BRDA:17,1,1,24
BRDA:26,2,0,0
BRDA:26,3,0,2
BRDA:26,3,1,2
BRDA:26,3,2,2
BRDA:30,4,0,2
BRDA:30,5,0,2
BRDA:30,5,1,2
BRDA:34,6,0,0
BRDA:34,7,0,0
BRDA:34,7,1,0
BRDA:55,8,0,37
BRDA:55,8,1,37
BRDA:55,8,2,35
BRDA:55,8,3,35
BRDA:75,9,0,72
BRDA:82,10,0,18
BRF:19
BRH:14
end_of_record
TN:
SF:src\test\helpers\auth-flow.ts
FN:9,generateValidCpf
FN:12,(anonymous_1)
FN:13,(anonymous_2)
FN:24,makeUserPayload
FN:42,registerUser
FN:65,loginUser
FN:83,createAuthenticatedUser
FNF:7
FNH:7
FNDA:26,generateValidCpf
FNDA:52,(anonymous_1)
FNDA:494,(anonymous_2)
FNDA:26,makeUserPayload
FNDA:26,registerUser
FNDA:23,loginUser
FNDA:23,createAuthenticatedUser
DA:2,6
DA:4,6
DA:10,26
DA:12,26
DA:13,494
DA:14,52
DA:15,52
DA:18,26
DA:19,26
DA:21,26
DA:24,6
DA:30,26
DA:31,26
DA:33,26
DA:42,6
DA:51,26
DA:52,26
DA:58,26
DA:65,6
DA:66,23
DA:75,23
DA:83,6
DA:92,23
DA:94,23
DA:95,0
DA:98,23
DA:100,23
DA:101,0
DA:104,23
LF:29
LH:27
BRDA:15,0,0,6
BRDA:15,0,1,46
BRDA:24,1,0,0
BRDA:44,2,0,2
BRDA:61,3,0,26
BRDA:61,3,1,0
BRDA:77,4,0,23
BRDA:77,4,1,0
BRDA:85,5,0,22
BRDA:94,6,0,0
BRDA:100,7,0,0
BRDA:100,8,0,23
BRDA:100,8,1,23
BRF:13
BRH:8
end_of_record
TN:
SF:src\test\helpers\database.ts
FN:3,resetDatabase
FN:14,disconnectDatabase
FNF:2
FNH:2
FNDA:25,resetDatabase
FNDA:6,disconnectDatabase
DA:1,6
DA:3,6
DA:4,25
DA:14,6
DA:15,6
LF:5
LH:5
BRF:0
BRH:0
end_of_record
TN:
SF:src\test\helpers\http.ts
FN:1,buildAuthHeaders
FN:7,parseJson
FNF:2
FNH:2
FNDA:18,buildAuthHeaders
FNDA:139,parseJson
DA:1,9
DA:2,18
DA:7,9
DA:8,139
LF:4
LH:4
BRDA:1,0,0,0
BRF:1
BRH:0
end_of_record
